/usr/bin/make all 
/usr/bin/cmake -H/home/charanpreet/buddy_git/buddy/laptop-software/kinect-image/Color_tracking/src -B/home/charanpreet/buddy_git/buddy/laptop-software/kinect-image/Color_tracking/build --check-build-system CMakeFiles/Makefile.cmake 0
/usr/bin/cmake -E cmake_progress_start /home/charanpreet/buddy_git/buddy/laptop-software/kinect-image/Color_tracking/build/CMakeFiles /home/charanpreet/buddy_git/buddy/laptop-software/kinect-image/Color_tracking/build/CMakeFiles/progress.marks
/usr/bin/make -f CMakeFiles/Makefile2 all
make[1]: Entering directory `/home/charanpreet/buddy_git/buddy/laptop-software/kinect-image/Color_tracking/build'
/usr/bin/make -f opencv_test/CMakeFiles/std_msgs_generate_messages_py.dir/build.make opencv_test/CMakeFiles/std_msgs_generate_messages_py.dir/depend
make[2]: Entering directory `/home/charanpreet/buddy_git/buddy/laptop-software/kinect-image/Color_tracking/build'
cd /home/charanpreet/buddy_git/buddy/laptop-software/kinect-image/Color_tracking/build && /usr/bin/cmake -E cmake_depends "Unix Makefiles" /home/charanpreet/buddy_git/buddy/laptop-software/kinect-image/Color_tracking/src /home/charanpreet/buddy_git/buddy/laptop-software/kinect-image/Color_tracking/src/opencv_test /home/charanpreet/buddy_git/buddy/laptop-software/kinect-image/Color_tracking/build /home/charanpreet/buddy_git/buddy/laptop-software/kinect-image/Color_tracking/build/opencv_test /home/charanpreet/buddy_git/buddy/laptop-software/kinect-image/Color_tracking/build/opencv_test/CMakeFiles/std_msgs_generate_messages_py.dir/DependInfo.cmake --color=
make[2]: Leaving directory `/home/charanpreet/buddy_git/buddy/laptop-software/kinect-image/Color_tracking/build'
/usr/bin/make -f opencv_test/CMakeFiles/std_msgs_generate_messages_py.dir/build.make opencv_test/CMakeFiles/std_msgs_generate_messages_py.dir/build
make[2]: Entering directory `/home/charanpreet/buddy_git/buddy/laptop-software/kinect-image/Color_tracking/build'
make[2]: Nothing to be done for `opencv_test/CMakeFiles/std_msgs_generate_messages_py.dir/build'.
make[2]: Leaving directory `/home/charanpreet/buddy_git/buddy/laptop-software/kinect-image/Color_tracking/build'
/usr/bin/cmake -E cmake_progress_report /home/charanpreet/buddy_git/buddy/laptop-software/kinect-image/Color_tracking/build/CMakeFiles 
[  0%] Built target std_msgs_generate_messages_py
/usr/bin/make -f opencv_test/CMakeFiles/sensor_msgs_generate_messages_py.dir/build.make opencv_test/CMakeFiles/sensor_msgs_generate_messages_py.dir/depend
make[2]: Entering directory `/home/charanpreet/buddy_git/buddy/laptop-software/kinect-image/Color_tracking/build'
cd /home/charanpreet/buddy_git/buddy/laptop-software/kinect-image/Color_tracking/build && /usr/bin/cmake -E cmake_depends "Unix Makefiles" /home/charanpreet/buddy_git/buddy/laptop-software/kinect-image/Color_tracking/src /home/charanpreet/buddy_git/buddy/laptop-software/kinect-image/Color_tracking/src/opencv_test /home/charanpreet/buddy_git/buddy/laptop-software/kinect-image/Color_tracking/build /home/charanpreet/buddy_git/buddy/laptop-software/kinect-image/Color_tracking/build/opencv_test /home/charanpreet/buddy_git/buddy/laptop-software/kinect-image/Color_tracking/build/opencv_test/CMakeFiles/sensor_msgs_generate_messages_py.dir/DependInfo.cmake --color=
make[2]: Leaving directory `/home/charanpreet/buddy_git/buddy/laptop-software/kinect-image/Color_tracking/build'
/usr/bin/make -f opencv_test/CMakeFiles/sensor_msgs_generate_messages_py.dir/build.make opencv_test/CMakeFiles/sensor_msgs_generate_messages_py.dir/build
make[2]: Entering directory `/home/charanpreet/buddy_git/buddy/laptop-software/kinect-image/Color_tracking/build'
make[2]: Nothing to be done for `opencv_test/CMakeFiles/sensor_msgs_generate_messages_py.dir/build'.
make[2]: Leaving directory `/home/charanpreet/buddy_git/buddy/laptop-software/kinect-image/Color_tracking/build'
/usr/bin/cmake -E cmake_progress_report /home/charanpreet/buddy_git/buddy/laptop-software/kinect-image/Color_tracking/build/CMakeFiles 
[  0%] Built target sensor_msgs_generate_messages_py
/usr/bin/make -f opencv_test/CMakeFiles/opencv_test_generate_messages_py.dir/build.make opencv_test/CMakeFiles/opencv_test_generate_messages_py.dir/depend
make[2]: Entering directory `/home/charanpreet/buddy_git/buddy/laptop-software/kinect-image/Color_tracking/build'
cd /home/charanpreet/buddy_git/buddy/laptop-software/kinect-image/Color_tracking/build && /usr/bin/cmake -E cmake_depends "Unix Makefiles" /home/charanpreet/buddy_git/buddy/laptop-software/kinect-image/Color_tracking/src /home/charanpreet/buddy_git/buddy/laptop-software/kinect-image/Color_tracking/src/opencv_test /home/charanpreet/buddy_git/buddy/laptop-software/kinect-image/Color_tracking/build /home/charanpreet/buddy_git/buddy/laptop-software/kinect-image/Color_tracking/build/opencv_test /home/charanpreet/buddy_git/buddy/laptop-software/kinect-image/Color_tracking/build/opencv_test/CMakeFiles/opencv_test_generate_messages_py.dir/DependInfo.cmake --color=
make[2]: Leaving directory `/home/charanpreet/buddy_git/buddy/laptop-software/kinect-image/Color_tracking/build'
/usr/bin/make -f opencv_test/CMakeFiles/opencv_test_generate_messages_py.dir/build.make opencv_test/CMakeFiles/opencv_test_generate_messages_py.dir/build
make[2]: Entering directory `/home/charanpreet/buddy_git/buddy/laptop-software/kinect-image/Color_tracking/build'
make[2]: Nothing to be done for `opencv_test/CMakeFiles/opencv_test_generate_messages_py.dir/build'.
make[2]: Leaving directory `/home/charanpreet/buddy_git/buddy/laptop-software/kinect-image/Color_tracking/build'
/usr/bin/cmake -E cmake_progress_report /home/charanpreet/buddy_git/buddy/laptop-software/kinect-image/Color_tracking/build/CMakeFiles  6 7
[ 40%] Built target opencv_test_generate_messages_py
/usr/bin/make -f opencv_test/CMakeFiles/std_msgs_generate_messages_cpp.dir/build.make opencv_test/CMakeFiles/std_msgs_generate_messages_cpp.dir/depend
make[2]: Entering directory `/home/charanpreet/buddy_git/buddy/laptop-software/kinect-image/Color_tracking/build'
cd /home/charanpreet/buddy_git/buddy/laptop-software/kinect-image/Color_tracking/build && /usr/bin/cmake -E cmake_depends "Unix Makefiles" /home/charanpreet/buddy_git/buddy/laptop-software/kinect-image/Color_tracking/src /home/charanpreet/buddy_git/buddy/laptop-software/kinect-image/Color_tracking/src/opencv_test /home/charanpreet/buddy_git/buddy/laptop-software/kinect-image/Color_tracking/build /home/charanpreet/buddy_git/buddy/laptop-software/kinect-image/Color_tracking/build/opencv_test /home/charanpreet/buddy_git/buddy/laptop-software/kinect-image/Color_tracking/build/opencv_test/CMakeFiles/std_msgs_generate_messages_cpp.dir/DependInfo.cmake --color=
make[2]: Leaving directory `/home/charanpreet/buddy_git/buddy/laptop-software/kinect-image/Color_tracking/build'
/usr/bin/make -f opencv_test/CMakeFiles/std_msgs_generate_messages_cpp.dir/build.make opencv_test/CMakeFiles/std_msgs_generate_messages_cpp.dir/build
make[2]: Entering directory `/home/charanpreet/buddy_git/buddy/laptop-software/kinect-image/Color_tracking/build'
make[2]: Nothing to be done for `opencv_test/CMakeFiles/std_msgs_generate_messages_cpp.dir/build'.
make[2]: Leaving directory `/home/charanpreet/buddy_git/buddy/laptop-software/kinect-image/Color_tracking/build'
/usr/bin/cmake -E cmake_progress_report /home/charanpreet/buddy_git/buddy/laptop-software/kinect-image/Color_tracking/build/CMakeFiles 
[ 40%] Built target std_msgs_generate_messages_cpp
/usr/bin/make -f opencv_test/CMakeFiles/sensor_msgs_generate_messages_cpp.dir/build.make opencv_test/CMakeFiles/sensor_msgs_generate_messages_cpp.dir/depend
make[2]: Entering directory `/home/charanpreet/buddy_git/buddy/laptop-software/kinect-image/Color_tracking/build'
cd /home/charanpreet/buddy_git/buddy/laptop-software/kinect-image/Color_tracking/build && /usr/bin/cmake -E cmake_depends "Unix Makefiles" /home/charanpreet/buddy_git/buddy/laptop-software/kinect-image/Color_tracking/src /home/charanpreet/buddy_git/buddy/laptop-software/kinect-image/Color_tracking/src/opencv_test /home/charanpreet/buddy_git/buddy/laptop-software/kinect-image/Color_tracking/build /home/charanpreet/buddy_git/buddy/laptop-software/kinect-image/Color_tracking/build/opencv_test /home/charanpreet/buddy_git/buddy/laptop-software/kinect-image/Color_tracking/build/opencv_test/CMakeFiles/sensor_msgs_generate_messages_cpp.dir/DependInfo.cmake --color=
make[2]: Leaving directory `/home/charanpreet/buddy_git/buddy/laptop-software/kinect-image/Color_tracking/build'
/usr/bin/make -f opencv_test/CMakeFiles/sensor_msgs_generate_messages_cpp.dir/build.make opencv_test/CMakeFiles/sensor_msgs_generate_messages_cpp.dir/build
make[2]: Entering directory `/home/charanpreet/buddy_git/buddy/laptop-software/kinect-image/Color_tracking/build'
make[2]: Nothing to be done for `opencv_test/CMakeFiles/sensor_msgs_generate_messages_cpp.dir/build'.
make[2]: Leaving directory `/home/charanpreet/buddy_git/buddy/laptop-software/kinect-image/Color_tracking/build'
/usr/bin/cmake -E cmake_progress_report /home/charanpreet/buddy_git/buddy/laptop-software/kinect-image/Color_tracking/build/CMakeFiles 
[ 40%] Built target sensor_msgs_generate_messages_cpp
/usr/bin/make -f opencv_test/CMakeFiles/opencv_test_generate_messages_cpp.dir/build.make opencv_test/CMakeFiles/opencv_test_generate_messages_cpp.dir/depend
make[2]: Entering directory `/home/charanpreet/buddy_git/buddy/laptop-software/kinect-image/Color_tracking/build'
cd /home/charanpreet/buddy_git/buddy/laptop-software/kinect-image/Color_tracking/build && /usr/bin/cmake -E cmake_depends "Unix Makefiles" /home/charanpreet/buddy_git/buddy/laptop-software/kinect-image/Color_tracking/src /home/charanpreet/buddy_git/buddy/laptop-software/kinect-image/Color_tracking/src/opencv_test /home/charanpreet/buddy_git/buddy/laptop-software/kinect-image/Color_tracking/build /home/charanpreet/buddy_git/buddy/laptop-software/kinect-image/Color_tracking/build/opencv_test /home/charanpreet/buddy_git/buddy/laptop-software/kinect-image/Color_tracking/build/opencv_test/CMakeFiles/opencv_test_generate_messages_cpp.dir/DependInfo.cmake --color=
make[2]: Leaving directory `/home/charanpreet/buddy_git/buddy/laptop-software/kinect-image/Color_tracking/build'
/usr/bin/make -f opencv_test/CMakeFiles/opencv_test_generate_messages_cpp.dir/build.make opencv_test/CMakeFiles/opencv_test_generate_messages_cpp.dir/build
make[2]: Entering directory `/home/charanpreet/buddy_git/buddy/laptop-software/kinect-image/Color_tracking/build'
make[2]: Nothing to be done for `opencv_test/CMakeFiles/opencv_test_generate_messages_cpp.dir/build'.
make[2]: Leaving directory `/home/charanpreet/buddy_git/buddy/laptop-software/kinect-image/Color_tracking/build'
/usr/bin/cmake -E cmake_progress_report /home/charanpreet/buddy_git/buddy/laptop-software/kinect-image/Color_tracking/build/CMakeFiles  4
[ 60%] Built target opencv_test_generate_messages_cpp
/usr/bin/make -f opencv_test/CMakeFiles/std_msgs_generate_messages_lisp.dir/build.make opencv_test/CMakeFiles/std_msgs_generate_messages_lisp.dir/depend
make[2]: Entering directory `/home/charanpreet/buddy_git/buddy/laptop-software/kinect-image/Color_tracking/build'
cd /home/charanpreet/buddy_git/buddy/laptop-software/kinect-image/Color_tracking/build && /usr/bin/cmake -E cmake_depends "Unix Makefiles" /home/charanpreet/buddy_git/buddy/laptop-software/kinect-image/Color_tracking/src /home/charanpreet/buddy_git/buddy/laptop-software/kinect-image/Color_tracking/src/opencv_test /home/charanpreet/buddy_git/buddy/laptop-software/kinect-image/Color_tracking/build /home/charanpreet/buddy_git/buddy/laptop-software/kinect-image/Color_tracking/build/opencv_test /home/charanpreet/buddy_git/buddy/laptop-software/kinect-image/Color_tracking/build/opencv_test/CMakeFiles/std_msgs_generate_messages_lisp.dir/DependInfo.cmake --color=
make[2]: Leaving directory `/home/charanpreet/buddy_git/buddy/laptop-software/kinect-image/Color_tracking/build'
/usr/bin/make -f opencv_test/CMakeFiles/std_msgs_generate_messages_lisp.dir/build.make opencv_test/CMakeFiles/std_msgs_generate_messages_lisp.dir/build
make[2]: Entering directory `/home/charanpreet/buddy_git/buddy/laptop-software/kinect-image/Color_tracking/build'
make[2]: Nothing to be done for `opencv_test/CMakeFiles/std_msgs_generate_messages_lisp.dir/build'.
make[2]: Leaving directory `/home/charanpreet/buddy_git/buddy/laptop-software/kinect-image/Color_tracking/build'
/usr/bin/cmake -E cmake_progress_report /home/charanpreet/buddy_git/buddy/laptop-software/kinect-image/Color_tracking/build/CMakeFiles 
[ 60%] Built target std_msgs_generate_messages_lisp
/usr/bin/make -f opencv_test/CMakeFiles/sensor_msgs_generate_messages_lisp.dir/build.make opencv_test/CMakeFiles/sensor_msgs_generate_messages_lisp.dir/depend
make[2]: Entering directory `/home/charanpreet/buddy_git/buddy/laptop-software/kinect-image/Color_tracking/build'
cd /home/charanpreet/buddy_git/buddy/laptop-software/kinect-image/Color_tracking/build && /usr/bin/cmake -E cmake_depends "Unix Makefiles" /home/charanpreet/buddy_git/buddy/laptop-software/kinect-image/Color_tracking/src /home/charanpreet/buddy_git/buddy/laptop-software/kinect-image/Color_tracking/src/opencv_test /home/charanpreet/buddy_git/buddy/laptop-software/kinect-image/Color_tracking/build /home/charanpreet/buddy_git/buddy/laptop-software/kinect-image/Color_tracking/build/opencv_test /home/charanpreet/buddy_git/buddy/laptop-software/kinect-image/Color_tracking/build/opencv_test/CMakeFiles/sensor_msgs_generate_messages_lisp.dir/DependInfo.cmake --color=
make[2]: Leaving directory `/home/charanpreet/buddy_git/buddy/laptop-software/kinect-image/Color_tracking/build'
/usr/bin/make -f opencv_test/CMakeFiles/sensor_msgs_generate_messages_lisp.dir/build.make opencv_test/CMakeFiles/sensor_msgs_generate_messages_lisp.dir/build
make[2]: Entering directory `/home/charanpreet/buddy_git/buddy/laptop-software/kinect-image/Color_tracking/build'
make[2]: Nothing to be done for `opencv_test/CMakeFiles/sensor_msgs_generate_messages_lisp.dir/build'.
make[2]: Leaving directory `/home/charanpreet/buddy_git/buddy/laptop-software/kinect-image/Color_tracking/build'
/usr/bin/cmake -E cmake_progress_report /home/charanpreet/buddy_git/buddy/laptop-software/kinect-image/Color_tracking/build/CMakeFiles 
[ 60%] Built target sensor_msgs_generate_messages_lisp
/usr/bin/make -f opencv_test/CMakeFiles/opencv_test_generate_messages_lisp.dir/build.make opencv_test/CMakeFiles/opencv_test_generate_messages_lisp.dir/depend
make[2]: Entering directory `/home/charanpreet/buddy_git/buddy/laptop-software/kinect-image/Color_tracking/build'
cd /home/charanpreet/buddy_git/buddy/laptop-software/kinect-image/Color_tracking/build && /usr/bin/cmake -E cmake_depends "Unix Makefiles" /home/charanpreet/buddy_git/buddy/laptop-software/kinect-image/Color_tracking/src /home/charanpreet/buddy_git/buddy/laptop-software/kinect-image/Color_tracking/src/opencv_test /home/charanpreet/buddy_git/buddy/laptop-software/kinect-image/Color_tracking/build /home/charanpreet/buddy_git/buddy/laptop-software/kinect-image/Color_tracking/build/opencv_test /home/charanpreet/buddy_git/buddy/laptop-software/kinect-image/Color_tracking/build/opencv_test/CMakeFiles/opencv_test_generate_messages_lisp.dir/DependInfo.cmake --color=
make[2]: Leaving directory `/home/charanpreet/buddy_git/buddy/laptop-software/kinect-image/Color_tracking/build'
/usr/bin/make -f opencv_test/CMakeFiles/opencv_test_generate_messages_lisp.dir/build.make opencv_test/CMakeFiles/opencv_test_generate_messages_lisp.dir/build
make[2]: Entering directory `/home/charanpreet/buddy_git/buddy/laptop-software/kinect-image/Color_tracking/build'
make[2]: Nothing to be done for `opencv_test/CMakeFiles/opencv_test_generate_messages_lisp.dir/build'.
make[2]: Leaving directory `/home/charanpreet/buddy_git/buddy/laptop-software/kinect-image/Color_tracking/build'
/usr/bin/cmake -E cmake_progress_report /home/charanpreet/buddy_git/buddy/laptop-software/kinect-image/Color_tracking/build/CMakeFiles  5
[ 80%] Built target opencv_test_generate_messages_lisp
/usr/bin/make -f opencv_test/CMakeFiles/opencv_test_generate_messages.dir/build.make opencv_test/CMakeFiles/opencv_test_generate_messages.dir/depend
make[2]: Entering directory `/home/charanpreet/buddy_git/buddy/laptop-software/kinect-image/Color_tracking/build'
cd /home/charanpreet/buddy_git/buddy/laptop-software/kinect-image/Color_tracking/build && /usr/bin/cmake -E cmake_depends "Unix Makefiles" /home/charanpreet/buddy_git/buddy/laptop-software/kinect-image/Color_tracking/src /home/charanpreet/buddy_git/buddy/laptop-software/kinect-image/Color_tracking/src/opencv_test /home/charanpreet/buddy_git/buddy/laptop-software/kinect-image/Color_tracking/build /home/charanpreet/buddy_git/buddy/laptop-software/kinect-image/Color_tracking/build/opencv_test /home/charanpreet/buddy_git/buddy/laptop-software/kinect-image/Color_tracking/build/opencv_test/CMakeFiles/opencv_test_generate_messages.dir/DependInfo.cmake --color=
make[2]: Leaving directory `/home/charanpreet/buddy_git/buddy/laptop-software/kinect-image/Color_tracking/build'
/usr/bin/make -f opencv_test/CMakeFiles/opencv_test_generate_messages.dir/build.make opencv_test/CMakeFiles/opencv_test_generate_messages.dir/build
make[2]: Entering directory `/home/charanpreet/buddy_git/buddy/laptop-software/kinect-image/Color_tracking/build'
make[2]: Nothing to be done for `opencv_test/CMakeFiles/opencv_test_generate_messages.dir/build'.
make[2]: Leaving directory `/home/charanpreet/buddy_git/buddy/laptop-software/kinect-image/Color_tracking/build'
/usr/bin/cmake -E cmake_progress_report /home/charanpreet/buddy_git/buddy/laptop-software/kinect-image/Color_tracking/build/CMakeFiles 
[ 80%] Built target opencv_test_generate_messages
/usr/bin/make -f opencv_test/CMakeFiles/opencv_test_imageConverter.dir/build.make opencv_test/CMakeFiles/opencv_test_imageConverter.dir/depend
make[2]: Entering directory `/home/charanpreet/buddy_git/buddy/laptop-software/kinect-image/Color_tracking/build'
cd /home/charanpreet/buddy_git/buddy/laptop-software/kinect-image/Color_tracking/build && /usr/bin/cmake -E cmake_depends "Unix Makefiles" /home/charanpreet/buddy_git/buddy/laptop-software/kinect-image/Color_tracking/src /home/charanpreet/buddy_git/buddy/laptop-software/kinect-image/Color_tracking/src/opencv_test /home/charanpreet/buddy_git/buddy/laptop-software/kinect-image/Color_tracking/build /home/charanpreet/buddy_git/buddy/laptop-software/kinect-image/Color_tracking/build/opencv_test /home/charanpreet/buddy_git/buddy/laptop-software/kinect-image/Color_tracking/build/opencv_test/CMakeFiles/opencv_test_imageConverter.dir/DependInfo.cmake --color=
make[2]: Leaving directory `/home/charanpreet/buddy_git/buddy/laptop-software/kinect-image/Color_tracking/build'
/usr/bin/make -f opencv_test/CMakeFiles/opencv_test_imageConverter.dir/build.make opencv_test/CMakeFiles/opencv_test_imageConverter.dir/build
make[2]: Entering directory `/home/charanpreet/buddy_git/buddy/laptop-software/kinect-image/Color_tracking/build'
make[2]: Nothing to be done for `opencv_test/CMakeFiles/opencv_test_imageConverter.dir/build'.
make[2]: Leaving directory `/home/charanpreet/buddy_git/buddy/laptop-software/kinect-image/Color_tracking/build'
/usr/bin/cmake -E cmake_progress_report /home/charanpreet/buddy_git/buddy/laptop-software/kinect-image/Color_tracking/build/CMakeFiles  8
[100%] Built target opencv_test_imageConverter
make[1]: Leaving directory `/home/charanpreet/buddy_git/buddy/laptop-software/kinect-image/Color_tracking/build'
/usr/bin/cmake -E cmake_progress_start /home/charanpreet/buddy_git/buddy/laptop-software/kinect-image/Color_tracking/build/CMakeFiles 0
/usr/bin/make all 
/usr/bin/cmake -H/home/charanpreet/buddy_git/buddy/laptop-software/kinect-image/Color_tracking/src -B/home/charanpreet/buddy_git/buddy/laptop-software/kinect-image/Color_tracking/build --check-build-system CMakeFiles/Makefile.cmake 0
/usr/bin/cmake -E cmake_progress_start /home/charanpreet/buddy_git/buddy/laptop-software/kinect-image/Color_tracking/build/CMakeFiles /home/charanpreet/buddy_git/buddy/laptop-software/kinect-image/Color_tracking/build/CMakeFiles/progress.marks
/usr/bin/make -f CMakeFiles/Makefile2 all
make[1]: Entering directory `/home/charanpreet/buddy_git/buddy/laptop-software/kinect-image/Color_tracking/build'
/usr/bin/make -f opencv_test/CMakeFiles/std_msgs_generate_messages_lisp.dir/build.make opencv_test/CMakeFiles/std_msgs_generate_messages_lisp.dir/depend
make[2]: Entering directory `/home/charanpreet/buddy_git/buddy/laptop-software/kinect-image/Color_tracking/build'
cd /home/charanpreet/buddy_git/buddy/laptop-software/kinect-image/Color_tracking/build && /usr/bin/cmake -E cmake_depends "Unix Makefiles" /home/charanpreet/buddy_git/buddy/laptop-software/kinect-image/Color_tracking/src /home/charanpreet/buddy_git/buddy/laptop-software/kinect-image/Color_tracking/src/opencv_test /home/charanpreet/buddy_git/buddy/laptop-software/kinect-image/Color_tracking/build /home/charanpreet/buddy_git/buddy/laptop-software/kinect-image/Color_tracking/build/opencv_test /home/charanpreet/buddy_git/buddy/laptop-software/kinect-image/Color_tracking/build/opencv_test/CMakeFiles/std_msgs_generate_messages_lisp.dir/DependInfo.cmake --color=
make[2]: Leaving directory `/home/charanpreet/buddy_git/buddy/laptop-software/kinect-image/Color_tracking/build'
/usr/bin/make -f opencv_test/CMakeFiles/std_msgs_generate_messages_lisp.dir/build.make opencv_test/CMakeFiles/std_msgs_generate_messages_lisp.dir/build
make[2]: Entering directory `/home/charanpreet/buddy_git/buddy/laptop-software/kinect-image/Color_tracking/build'
make[2]: Nothing to be done for `opencv_test/CMakeFiles/std_msgs_generate_messages_lisp.dir/build'.
make[2]: Leaving directory `/home/charanpreet/buddy_git/buddy/laptop-software/kinect-image/Color_tracking/build'
/usr/bin/cmake -E cmake_progress_report /home/charanpreet/buddy_git/buddy/laptop-software/kinect-image/Color_tracking/build/CMakeFiles 
[  0%] Built target std_msgs_generate_messages_lisp
/usr/bin/make -f opencv_test/CMakeFiles/sensor_msgs_generate_messages_lisp.dir/build.make opencv_test/CMakeFiles/sensor_msgs_generate_messages_lisp.dir/depend
make[2]: Entering directory `/home/charanpreet/buddy_git/buddy/laptop-software/kinect-image/Color_tracking/build'
cd /home/charanpreet/buddy_git/buddy/laptop-software/kinect-image/Color_tracking/build && /usr/bin/cmake -E cmake_depends "Unix Makefiles" /home/charanpreet/buddy_git/buddy/laptop-software/kinect-image/Color_tracking/src /home/charanpreet/buddy_git/buddy/laptop-software/kinect-image/Color_tracking/src/opencv_test /home/charanpreet/buddy_git/buddy/laptop-software/kinect-image/Color_tracking/build /home/charanpreet/buddy_git/buddy/laptop-software/kinect-image/Color_tracking/build/opencv_test /home/charanpreet/buddy_git/buddy/laptop-software/kinect-image/Color_tracking/build/opencv_test/CMakeFiles/sensor_msgs_generate_messages_lisp.dir/DependInfo.cmake --color=
make[2]: Leaving directory `/home/charanpreet/buddy_git/buddy/laptop-software/kinect-image/Color_tracking/build'
/usr/bin/make -f opencv_test/CMakeFiles/sensor_msgs_generate_messages_lisp.dir/build.make opencv_test/CMakeFiles/sensor_msgs_generate_messages_lisp.dir/build
make[2]: Entering directory `/home/charanpreet/buddy_git/buddy/laptop-software/kinect-image/Color_tracking/build'
make[2]: Nothing to be done for `opencv_test/CMakeFiles/sensor_msgs_generate_messages_lisp.dir/build'.
make[2]: Leaving directory `/home/charanpreet/buddy_git/buddy/laptop-software/kinect-image/Color_tracking/build'
/usr/bin/cmake -E cmake_progress_report /home/charanpreet/buddy_git/buddy/laptop-software/kinect-image/Color_tracking/build/CMakeFiles 
[  0%] Built target sensor_msgs_generate_messages_lisp
/usr/bin/make -f opencv_test/CMakeFiles/opencv_test_generate_messages_lisp.dir/build.make opencv_test/CMakeFiles/opencv_test_generate_messages_lisp.dir/depend
make[2]: Entering directory `/home/charanpreet/buddy_git/buddy/laptop-software/kinect-image/Color_tracking/build'
cd /home/charanpreet/buddy_git/buddy/laptop-software/kinect-image/Color_tracking/build && /usr/bin/cmake -E cmake_depends "Unix Makefiles" /home/charanpreet/buddy_git/buddy/laptop-software/kinect-image/Color_tracking/src /home/charanpreet/buddy_git/buddy/laptop-software/kinect-image/Color_tracking/src/opencv_test /home/charanpreet/buddy_git/buddy/laptop-software/kinect-image/Color_tracking/build /home/charanpreet/buddy_git/buddy/laptop-software/kinect-image/Color_tracking/build/opencv_test /home/charanpreet/buddy_git/buddy/laptop-software/kinect-image/Color_tracking/build/opencv_test/CMakeFiles/opencv_test_generate_messages_lisp.dir/DependInfo.cmake --color=
make[2]: Leaving directory `/home/charanpreet/buddy_git/buddy/laptop-software/kinect-image/Color_tracking/build'
/usr/bin/make -f opencv_test/CMakeFiles/opencv_test_generate_messages_lisp.dir/build.make opencv_test/CMakeFiles/opencv_test_generate_messages_lisp.dir/build
make[2]: Entering directory `/home/charanpreet/buddy_git/buddy/laptop-software/kinect-image/Color_tracking/build'
make[2]: Nothing to be done for `opencv_test/CMakeFiles/opencv_test_generate_messages_lisp.dir/build'.
make[2]: Leaving directory `/home/charanpreet/buddy_git/buddy/laptop-software/kinect-image/Color_tracking/build'
/usr/bin/cmake -E cmake_progress_report /home/charanpreet/buddy_git/buddy/laptop-software/kinect-image/Color_tracking/build/CMakeFiles  5
[ 20%] Built target opencv_test_generate_messages_lisp
/usr/bin/make -f opencv_test/CMakeFiles/std_msgs_generate_messages_py.dir/build.make opencv_test/CMakeFiles/std_msgs_generate_messages_py.dir/depend
make[2]: Entering directory `/home/charanpreet/buddy_git/buddy/laptop-software/kinect-image/Color_tracking/build'
cd /home/charanpreet/buddy_git/buddy/laptop-software/kinect-image/Color_tracking/build && /usr/bin/cmake -E cmake_depends "Unix Makefiles" /home/charanpreet/buddy_git/buddy/laptop-software/kinect-image/Color_tracking/src /home/charanpreet/buddy_git/buddy/laptop-software/kinect-image/Color_tracking/src/opencv_test /home/charanpreet/buddy_git/buddy/laptop-software/kinect-image/Color_tracking/build /home/charanpreet/buddy_git/buddy/laptop-software/kinect-image/Color_tracking/build/opencv_test /home/charanpreet/buddy_git/buddy/laptop-software/kinect-image/Color_tracking/build/opencv_test/CMakeFiles/std_msgs_generate_messages_py.dir/DependInfo.cmake --color=
make[2]: Leaving directory `/home/charanpreet/buddy_git/buddy/laptop-software/kinect-image/Color_tracking/build'
/usr/bin/make -f opencv_test/CMakeFiles/std_msgs_generate_messages_py.dir/build.make opencv_test/CMakeFiles/std_msgs_generate_messages_py.dir/build
make[2]: Entering directory `/home/charanpreet/buddy_git/buddy/laptop-software/kinect-image/Color_tracking/build'
make[2]: Nothing to be done for `opencv_test/CMakeFiles/std_msgs_generate_messages_py.dir/build'.
make[2]: Leaving directory `/home/charanpreet/buddy_git/buddy/laptop-software/kinect-image/Color_tracking/build'
/usr/bin/cmake -E cmake_progress_report /home/charanpreet/buddy_git/buddy/laptop-software/kinect-image/Color_tracking/build/CMakeFiles 
[ 20%] Built target std_msgs_generate_messages_py
/usr/bin/make -f opencv_test/CMakeFiles/sensor_msgs_generate_messages_py.dir/build.make opencv_test/CMakeFiles/sensor_msgs_generate_messages_py.dir/depend
make[2]: Entering directory `/home/charanpreet/buddy_git/buddy/laptop-software/kinect-image/Color_tracking/build'
cd /home/charanpreet/buddy_git/buddy/laptop-software/kinect-image/Color_tracking/build && /usr/bin/cmake -E cmake_depends "Unix Makefiles" /home/charanpreet/buddy_git/buddy/laptop-software/kinect-image/Color_tracking/src /home/charanpreet/buddy_git/buddy/laptop-software/kinect-image/Color_tracking/src/opencv_test /home/charanpreet/buddy_git/buddy/laptop-software/kinect-image/Color_tracking/build /home/charanpreet/buddy_git/buddy/laptop-software/kinect-image/Color_tracking/build/opencv_test /home/charanpreet/buddy_git/buddy/laptop-software/kinect-image/Color_tracking/build/opencv_test/CMakeFiles/sensor_msgs_generate_messages_py.dir/DependInfo.cmake --color=
make[2]: Leaving directory `/home/charanpreet/buddy_git/buddy/laptop-software/kinect-image/Color_tracking/build'
/usr/bin/make -f opencv_test/CMakeFiles/sensor_msgs_generate_messages_py.dir/build.make opencv_test/CMakeFiles/sensor_msgs_generate_messages_py.dir/build
make[2]: Entering directory `/home/charanpreet/buddy_git/buddy/laptop-software/kinect-image/Color_tracking/build'
make[2]: Nothing to be done for `opencv_test/CMakeFiles/sensor_msgs_generate_messages_py.dir/build'.
make[2]: Leaving directory `/home/charanpreet/buddy_git/buddy/laptop-software/kinect-image/Color_tracking/build'
/usr/bin/cmake -E cmake_progress_report /home/charanpreet/buddy_git/buddy/laptop-software/kinect-image/Color_tracking/build/CMakeFiles 
[ 20%] Built target sensor_msgs_generate_messages_py
/usr/bin/make -f opencv_test/CMakeFiles/opencv_test_generate_messages_py.dir/build.make opencv_test/CMakeFiles/opencv_test_generate_messages_py.dir/depend
make[2]: Entering directory `/home/charanpreet/buddy_git/buddy/laptop-software/kinect-image/Color_tracking/build'
cd /home/charanpreet/buddy_git/buddy/laptop-software/kinect-image/Color_tracking/build && /usr/bin/cmake -E cmake_depends "Unix Makefiles" /home/charanpreet/buddy_git/buddy/laptop-software/kinect-image/Color_tracking/src /home/charanpreet/buddy_git/buddy/laptop-software/kinect-image/Color_tracking/src/opencv_test /home/charanpreet/buddy_git/buddy/laptop-software/kinect-image/Color_tracking/build /home/charanpreet/buddy_git/buddy/laptop-software/kinect-image/Color_tracking/build/opencv_test /home/charanpreet/buddy_git/buddy/laptop-software/kinect-image/Color_tracking/build/opencv_test/CMakeFiles/opencv_test_generate_messages_py.dir/DependInfo.cmake --color=
make[2]: Leaving directory `/home/charanpreet/buddy_git/buddy/laptop-software/kinect-image/Color_tracking/build'
/usr/bin/make -f opencv_test/CMakeFiles/opencv_test_generate_messages_py.dir/build.make opencv_test/CMakeFiles/opencv_test_generate_messages_py.dir/build
make[2]: Entering directory `/home/charanpreet/buddy_git/buddy/laptop-software/kinect-image/Color_tracking/build'
make[2]: Nothing to be done for `opencv_test/CMakeFiles/opencv_test_generate_messages_py.dir/build'.
make[2]: Leaving directory `/home/charanpreet/buddy_git/buddy/laptop-software/kinect-image/Color_tracking/build'
/usr/bin/cmake -E cmake_progress_report /home/charanpreet/buddy_git/buddy/laptop-software/kinect-image/Color_tracking/build/CMakeFiles  6 7
[ 60%] Built target opencv_test_generate_messages_py
/usr/bin/make -f opencv_test/CMakeFiles/std_msgs_generate_messages_cpp.dir/build.make opencv_test/CMakeFiles/std_msgs_generate_messages_cpp.dir/depend
make[2]: Entering directory `/home/charanpreet/buddy_git/buddy/laptop-software/kinect-image/Color_tracking/build'
cd /home/charanpreet/buddy_git/buddy/laptop-software/kinect-image/Color_tracking/build && /usr/bin/cmake -E cmake_depends "Unix Makefiles" /home/charanpreet/buddy_git/buddy/laptop-software/kinect-image/Color_tracking/src /home/charanpreet/buddy_git/buddy/laptop-software/kinect-image/Color_tracking/src/opencv_test /home/charanpreet/buddy_git/buddy/laptop-software/kinect-image/Color_tracking/build /home/charanpreet/buddy_git/buddy/laptop-software/kinect-image/Color_tracking/build/opencv_test /home/charanpreet/buddy_git/buddy/laptop-software/kinect-image/Color_tracking/build/opencv_test/CMakeFiles/std_msgs_generate_messages_cpp.dir/DependInfo.cmake --color=
In file included from /home/charanpreet/buddy_git/buddy/laptop-software/kinect-image/Color_tracking/src/opencv_test/src/image_converter.cpp:2:0:
make[2]: Leaving directory `/home/charanpreet/buddy_git/buddy/laptop-software/kinect-image/Color_tracking/build'
/usr/bin/make -f opencv_test/CMakeFiles/std_msgs_generate_messages_cpp.dir/build.make opencv_test/CMakeFiles/std_msgs_generate_messages_cpp.dir/build
/home/charanpreet/buddy_git/buddy/laptop-software/kinect-image/Color_tracking/src/opencv_test/src/DepthConverter.h: In constructor ‘DepthConverter::DepthConverter(int*, int*)’:
make[2]: Entering directory `/home/charanpreet/buddy_git/buddy/laptop-software/kinect-image/Color_tracking/build'
make[2]: Nothing to be done for `opencv_test/CMakeFiles/std_msgs_generate_messages_cpp.dir/build'.
make[2]: Leaving directory `/home/charanpreet/buddy_git/buddy/laptop-software/kinect-image/Color_tracking/build'
/usr/bin/cmake -E cmake_progress_report /home/charanpreet/buddy_git/buddy/laptop-software/kinect-image/Color_tracking/build/CMakeFiles 
/home/charanpreet/buddy_git/buddy/laptop-software/kinect-image/Color_tracking/src/opencv_test/src/DepthConverter.h:24:54: error: expected ‘{’ at end of input
[ 60%] Built target std_msgs_generate_messages_cpp
/usr/bin/make -f opencv_test/CMakeFiles/sensor_msgs_generate_messages_cpp.dir/build.make opencv_test/CMakeFiles/sensor_msgs_generate_messages_cpp.dir/depend
make[2]: Entering directory `/home/charanpreet/buddy_git/buddy/laptop-software/kinect-image/Color_tracking/build'
cd /home/charanpreet/buddy_git/buddy/laptop-software/kinect-image/Color_tracking/build && /usr/bin/cmake -E cmake_depends "Unix Makefiles" /home/charanpreet/buddy_git/buddy/laptop-software/kinect-image/Color_tracking/src /home/charanpreet/buddy_git/buddy/laptop-software/kinect-image/Color_tracking/src/opencv_test /home/charanpreet/buddy_git/buddy/laptop-software/kinect-image/Color_tracking/build /home/charanpreet/buddy_git/buddy/laptop-software/kinect-image/Color_tracking/build/opencv_test /home/charanpreet/buddy_git/buddy/laptop-software/kinect-image/Color_tracking/build/opencv_test/CMakeFiles/sensor_msgs_generate_messages_cpp.dir/DependInfo.cmake --color=
make[2]: Leaving directory `/home/charanpreet/buddy_git/buddy/laptop-software/kinect-image/Color_tracking/build'
/usr/bin/make -f opencv_test/CMakeFiles/sensor_msgs_generate_messages_cpp.dir/build.make opencv_test/CMakeFiles/sensor_msgs_generate_messages_cpp.dir/build
make[2]: *** [opencv_test/CMakeFiles/opencv_test_imageConverter.dir/src/image_converter.cpp.o] Error 1
make[2]: Entering directory `/home/charanpreet/buddy_git/buddy/laptop-software/kinect-image/Color_tracking/build'
make[1]: *** [opencv_test/CMakeFiles/opencv_test_imageConverter.dir/all] Error 2
make[2]: Nothing to be done for `opencv_test/CMakeFiles/sensor_msgs_generate_messages_cpp.dir/build'.
make: *** [all] Error 2
make[2]: Leaving directory `/home/charanpreet/buddy_git/buddy/laptop-software/kinect-image/Color_tracking/build'
/usr/bin/cmake -E cmake_progress_report /home/charanpreet/buddy_git/buddy/laptop-software/kinect-image/Color_tracking/build/CMakeFiles 
[ 60%] Built target sensor_msgs_generate_messages_cpp
/usr/bin/make -f opencv_test/CMakeFiles/opencv_test_generate_messages_cpp.dir/build.make opencv_test/CMakeFiles/opencv_test_generate_messages_cpp.dir/depend
make[2]: Entering directory `/home/charanpreet/buddy_git/buddy/laptop-software/kinect-image/Color_tracking/build'
cd /home/charanpreet/buddy_git/buddy/laptop-software/kinect-image/Color_tracking/build && /usr/bin/cmake -E cmake_depends "Unix Makefiles" /home/charanpreet/buddy_git/buddy/laptop-software/kinect-image/Color_tracking/src /home/charanpreet/buddy_git/buddy/laptop-software/kinect-image/Color_tracking/src/opencv_test /home/charanpreet/buddy_git/buddy/laptop-software/kinect-image/Color_tracking/build /home/charanpreet/buddy_git/buddy/laptop-software/kinect-image/Color_tracking/build/opencv_test /home/charanpreet/buddy_git/buddy/laptop-software/kinect-image/Color_tracking/build/opencv_test/CMakeFiles/opencv_test_generate_messages_cpp.dir/DependInfo.cmake --color=
make[2]: Leaving directory `/home/charanpreet/buddy_git/buddy/laptop-software/kinect-image/Color_tracking/build'
/usr/bin/make -f opencv_test/CMakeFiles/opencv_test_generate_messages_cpp.dir/build.make opencv_test/CMakeFiles/opencv_test_generate_messages_cpp.dir/build
make[2]: Entering directory `/home/charanpreet/buddy_git/buddy/laptop-software/kinect-image/Color_tracking/build'
make[2]: Nothing to be done for `opencv_test/CMakeFiles/opencv_test_generate_messages_cpp.dir/build'.
make[2]: Leaving directory `/home/charanpreet/buddy_git/buddy/laptop-software/kinect-image/Color_tracking/build'
/usr/bin/cmake -E cmake_progress_report /home/charanpreet/buddy_git/buddy/laptop-software/kinect-image/Color_tracking/build/CMakeFiles  4
[ 80%] Built target opencv_test_generate_messages_cpp
/usr/bin/make -f opencv_test/CMakeFiles/opencv_test_generate_messages.dir/build.make opencv_test/CMakeFiles/opencv_test_generate_messages.dir/depend
make[2]: Entering directory `/home/charanpreet/buddy_git/buddy/laptop-software/kinect-image/Color_tracking/build'
cd /home/charanpreet/buddy_git/buddy/laptop-software/kinect-image/Color_tracking/build && /usr/bin/cmake -E cmake_depends "Unix Makefiles" /home/charanpreet/buddy_git/buddy/laptop-software/kinect-image/Color_tracking/src /home/charanpreet/buddy_git/buddy/laptop-software/kinect-image/Color_tracking/src/opencv_test /home/charanpreet/buddy_git/buddy/laptop-software/kinect-image/Color_tracking/build /home/charanpreet/buddy_git/buddy/laptop-software/kinect-image/Color_tracking/build/opencv_test /home/charanpreet/buddy_git/buddy/laptop-software/kinect-image/Color_tracking/build/opencv_test/CMakeFiles/opencv_test_generate_messages.dir/DependInfo.cmake --color=
make[2]: Leaving directory `/home/charanpreet/buddy_git/buddy/laptop-software/kinect-image/Color_tracking/build'
/usr/bin/make -f opencv_test/CMakeFiles/opencv_test_generate_messages.dir/build.make opencv_test/CMakeFiles/opencv_test_generate_messages.dir/build
make[2]: Entering directory `/home/charanpreet/buddy_git/buddy/laptop-software/kinect-image/Color_tracking/build'
make[2]: Nothing to be done for `opencv_test/CMakeFiles/opencv_test_generate_messages.dir/build'.
make[2]: Leaving directory `/home/charanpreet/buddy_git/buddy/laptop-software/kinect-image/Color_tracking/build'
/usr/bin/cmake -E cmake_progress_report /home/charanpreet/buddy_git/buddy/laptop-software/kinect-image/Color_tracking/build/CMakeFiles 
[ 80%] Built target opencv_test_generate_messages
/usr/bin/make -f opencv_test/CMakeFiles/opencv_test_imageConverter.dir/build.make opencv_test/CMakeFiles/opencv_test_imageConverter.dir/depend
make[2]: Entering directory `/home/charanpreet/buddy_git/buddy/laptop-software/kinect-image/Color_tracking/build'
cd /home/charanpreet/buddy_git/buddy/laptop-software/kinect-image/Color_tracking/build && /usr/bin/cmake -E cmake_depends "Unix Makefiles" /home/charanpreet/buddy_git/buddy/laptop-software/kinect-image/Color_tracking/src /home/charanpreet/buddy_git/buddy/laptop-software/kinect-image/Color_tracking/src/opencv_test /home/charanpreet/buddy_git/buddy/laptop-software/kinect-image/Color_tracking/build /home/charanpreet/buddy_git/buddy/laptop-software/kinect-image/Color_tracking/build/opencv_test /home/charanpreet/buddy_git/buddy/laptop-software/kinect-image/Color_tracking/build/opencv_test/CMakeFiles/opencv_test_imageConverter.dir/DependInfo.cmake --color=
Scanning dependencies of target opencv_test_imageConverter
make[2]: Leaving directory `/home/charanpreet/buddy_git/buddy/laptop-software/kinect-image/Color_tracking/build'
/usr/bin/make -f opencv_test/CMakeFiles/opencv_test_imageConverter.dir/build.make opencv_test/CMakeFiles/opencv_test_imageConverter.dir/build
make[2]: Entering directory `/home/charanpreet/buddy_git/buddy/laptop-software/kinect-image/Color_tracking/build'
/usr/bin/cmake -E cmake_progress_report /home/charanpreet/buddy_git/buddy/laptop-software/kinect-image/Color_tracking/build/CMakeFiles 8
[100%] Building CXX object opencv_test/CMakeFiles/opencv_test_imageConverter.dir/src/image_converter.cpp.o
cd /home/charanpreet/buddy_git/buddy/laptop-software/kinect-image/Color_tracking/build/opencv_test && /usr/bin/c++   -DROS_BUILD_SHARED_LIBS=1 -DROS_PACKAGE_NAME=\"opencv_test\" -DROSCONSOLE_BACKEND_LOG4CXX -I/home/charanpreet/buddy_git/buddy/laptop-software/kinect-image/Color_tracking/devel/include -I/opt/ros/hydro/include -I/opt/ros/hydro/include/opencv    -o CMakeFiles/opencv_test_imageConverter.dir/src/image_converter.cpp.o -c /home/charanpreet/buddy_git/buddy/laptop-software/kinect-image/Color_tracking/src/opencv_test/src/image_converter.cpp
make[2]: Leaving directory `/home/charanpreet/buddy_git/buddy/laptop-software/kinect-image/Color_tracking/build'
make[1]: Leaving directory `/home/charanpreet/buddy_git/buddy/laptop-software/kinect-image/Color_tracking/build'
/usr/bin/make all 
/usr/bin/cmake -H/home/charanpreet/buddy_git/buddy/laptop-software/kinect-image/Color_tracking/src -B/home/charanpreet/buddy_git/buddy/laptop-software/kinect-image/Color_tracking/build --check-build-system CMakeFiles/Makefile.cmake 0
/usr/bin/cmake -E cmake_progress_start /home/charanpreet/buddy_git/buddy/laptop-software/kinect-image/Color_tracking/build/CMakeFiles /home/charanpreet/buddy_git/buddy/laptop-software/kinect-image/Color_tracking/build/CMakeFiles/progress.marks
/usr/bin/make -f CMakeFiles/Makefile2 all
make[1]: Entering directory `/home/charanpreet/buddy_git/buddy/laptop-software/kinect-image/Color_tracking/build'
/usr/bin/make -f opencv_test/CMakeFiles/std_msgs_generate_messages_lisp.dir/build.make opencv_test/CMakeFiles/std_msgs_generate_messages_lisp.dir/depend
make[2]: Entering directory `/home/charanpreet/buddy_git/buddy/laptop-software/kinect-image/Color_tracking/build'
cd /home/charanpreet/buddy_git/buddy/laptop-software/kinect-image/Color_tracking/build && /usr/bin/cmake -E cmake_depends "Unix Makefiles" /home/charanpreet/buddy_git/buddy/laptop-software/kinect-image/Color_tracking/src /home/charanpreet/buddy_git/buddy/laptop-software/kinect-image/Color_tracking/src/opencv_test /home/charanpreet/buddy_git/buddy/laptop-software/kinect-image/Color_tracking/build /home/charanpreet/buddy_git/buddy/laptop-software/kinect-image/Color_tracking/build/opencv_test /home/charanpreet/buddy_git/buddy/laptop-software/kinect-image/Color_tracking/build/opencv_test/CMakeFiles/std_msgs_generate_messages_lisp.dir/DependInfo.cmake --color=
make[2]: Leaving directory `/home/charanpreet/buddy_git/buddy/laptop-software/kinect-image/Color_tracking/build'
/usr/bin/make -f opencv_test/CMakeFiles/std_msgs_generate_messages_lisp.dir/build.make opencv_test/CMakeFiles/std_msgs_generate_messages_lisp.dir/build
make[2]: Entering directory `/home/charanpreet/buddy_git/buddy/laptop-software/kinect-image/Color_tracking/build'
make[2]: Nothing to be done for `opencv_test/CMakeFiles/std_msgs_generate_messages_lisp.dir/build'.
make[2]: Leaving directory `/home/charanpreet/buddy_git/buddy/laptop-software/kinect-image/Color_tracking/build'
/usr/bin/cmake -E cmake_progress_report /home/charanpreet/buddy_git/buddy/laptop-software/kinect-image/Color_tracking/build/CMakeFiles 
CMakeFiles/opencv_test_imageConverter.dir/src/image_converter.cpp.o: In function `main':
image_converter.cpp:(.text+0x7c): undefined reference to `colorTracker::colorTracker()'
image_converter.cpp:(.text+0xaa): undefined reference to `DepthConverter::DepthConverter(int*, int*)'
image_converter.cpp:(.text+0xc3): undefined reference to `DepthConverter::~DepthConverter()'
[  0%] Built target std_msgs_generate_messages_lisp
/usr/bin/make -f opencv_test/CMakeFiles/sensor_msgs_generate_messages_lisp.dir/build.make opencv_test/CMakeFiles/sensor_msgs_generate_messages_lisp.dir/depend
image_converter.cpp:(.text+0xd2): undefined reference to `colorTracker::~colorTracker()'
image_converter.cpp:(.text+0x11b): undefined reference to `DepthConverter::~DepthConverter()'
image_converter.cpp:(.text+0x12f): undefined reference to `colorTracker::~colorTracker()'
make[2]: Entering directory `/home/charanpreet/buddy_git/buddy/laptop-software/kinect-image/Color_tracking/build'
cd /home/charanpreet/buddy_git/buddy/laptop-software/kinect-image/Color_tracking/build && /usr/bin/cmake -E cmake_depends "Unix Makefiles" /home/charanpreet/buddy_git/buddy/laptop-software/kinect-image/Color_tracking/src /home/charanpreet/buddy_git/buddy/laptop-software/kinect-image/Color_tracking/src/opencv_test /home/charanpreet/buddy_git/buddy/laptop-software/kinect-image/Color_tracking/build /home/charanpreet/buddy_git/buddy/laptop-software/kinect-image/Color_tracking/build/opencv_test /home/charanpreet/buddy_git/buddy/laptop-software/kinect-image/Color_tracking/build/opencv_test/CMakeFiles/sensor_msgs_generate_messages_lisp.dir/DependInfo.cmake --color=
collect2: ld returned 1 exit status
make[2]: *** [/home/charanpreet/buddy_git/buddy/laptop-software/kinect-image/Color_tracking/devel/lib/opencv_test/opencv_test_imageConverter] Error 1
make[1]: *** [opencv_test/CMakeFiles/opencv_test_imageConverter.dir/all] Error 2
make: *** [all] Error 2
make[2]: Leaving directory `/home/charanpreet/buddy_git/buddy/laptop-software/kinect-image/Color_tracking/build'
/usr/bin/make -f opencv_test/CMakeFiles/sensor_msgs_generate_messages_lisp.dir/build.make opencv_test/CMakeFiles/sensor_msgs_generate_messages_lisp.dir/build
make[2]: Entering directory `/home/charanpreet/buddy_git/buddy/laptop-software/kinect-image/Color_tracking/build'
make[2]: Nothing to be done for `opencv_test/CMakeFiles/sensor_msgs_generate_messages_lisp.dir/build'.
make[2]: Leaving directory `/home/charanpreet/buddy_git/buddy/laptop-software/kinect-image/Color_tracking/build'
/usr/bin/cmake -E cmake_progress_report /home/charanpreet/buddy_git/buddy/laptop-software/kinect-image/Color_tracking/build/CMakeFiles 
[  0%] Built target sensor_msgs_generate_messages_lisp
/usr/bin/make -f opencv_test/CMakeFiles/opencv_test_generate_messages_lisp.dir/build.make opencv_test/CMakeFiles/opencv_test_generate_messages_lisp.dir/depend
make[2]: Entering directory `/home/charanpreet/buddy_git/buddy/laptop-software/kinect-image/Color_tracking/build'
cd /home/charanpreet/buddy_git/buddy/laptop-software/kinect-image/Color_tracking/build && /usr/bin/cmake -E cmake_depends "Unix Makefiles" /home/charanpreet/buddy_git/buddy/laptop-software/kinect-image/Color_tracking/src /home/charanpreet/buddy_git/buddy/laptop-software/kinect-image/Color_tracking/src/opencv_test /home/charanpreet/buddy_git/buddy/laptop-software/kinect-image/Color_tracking/build /home/charanpreet/buddy_git/buddy/laptop-software/kinect-image/Color_tracking/build/opencv_test /home/charanpreet/buddy_git/buddy/laptop-software/kinect-image/Color_tracking/build/opencv_test/CMakeFiles/opencv_test_generate_messages_lisp.dir/DependInfo.cmake --color=
make[2]: Leaving directory `/home/charanpreet/buddy_git/buddy/laptop-software/kinect-image/Color_tracking/build'
/usr/bin/make -f opencv_test/CMakeFiles/opencv_test_generate_messages_lisp.dir/build.make opencv_test/CMakeFiles/opencv_test_generate_messages_lisp.dir/build
make[2]: Entering directory `/home/charanpreet/buddy_git/buddy/laptop-software/kinect-image/Color_tracking/build'
make[2]: Nothing to be done for `opencv_test/CMakeFiles/opencv_test_generate_messages_lisp.dir/build'.
make[2]: Leaving directory `/home/charanpreet/buddy_git/buddy/laptop-software/kinect-image/Color_tracking/build'
/usr/bin/cmake -E cmake_progress_report /home/charanpreet/buddy_git/buddy/laptop-software/kinect-image/Color_tracking/build/CMakeFiles  5
[ 20%] Built target opencv_test_generate_messages_lisp
/usr/bin/make -f opencv_test/CMakeFiles/std_msgs_generate_messages_py.dir/build.make opencv_test/CMakeFiles/std_msgs_generate_messages_py.dir/depend
make[2]: Entering directory `/home/charanpreet/buddy_git/buddy/laptop-software/kinect-image/Color_tracking/build'
cd /home/charanpreet/buddy_git/buddy/laptop-software/kinect-image/Color_tracking/build && /usr/bin/cmake -E cmake_depends "Unix Makefiles" /home/charanpreet/buddy_git/buddy/laptop-software/kinect-image/Color_tracking/src /home/charanpreet/buddy_git/buddy/laptop-software/kinect-image/Color_tracking/src/opencv_test /home/charanpreet/buddy_git/buddy/laptop-software/kinect-image/Color_tracking/build /home/charanpreet/buddy_git/buddy/laptop-software/kinect-image/Color_tracking/build/opencv_test /home/charanpreet/buddy_git/buddy/laptop-software/kinect-image/Color_tracking/build/opencv_test/CMakeFiles/std_msgs_generate_messages_py.dir/DependInfo.cmake --color=
make[2]: Leaving directory `/home/charanpreet/buddy_git/buddy/laptop-software/kinect-image/Color_tracking/build'
/usr/bin/make -f opencv_test/CMakeFiles/std_msgs_generate_messages_py.dir/build.make opencv_test/CMakeFiles/std_msgs_generate_messages_py.dir/build
make[2]: Entering directory `/home/charanpreet/buddy_git/buddy/laptop-software/kinect-image/Color_tracking/build'
make[2]: Nothing to be done for `opencv_test/CMakeFiles/std_msgs_generate_messages_py.dir/build'.
make[2]: Leaving directory `/home/charanpreet/buddy_git/buddy/laptop-software/kinect-image/Color_tracking/build'
/usr/bin/cmake -E cmake_progress_report /home/charanpreet/buddy_git/buddy/laptop-software/kinect-image/Color_tracking/build/CMakeFiles 
[ 20%] Built target std_msgs_generate_messages_py
/usr/bin/make -f opencv_test/CMakeFiles/sensor_msgs_generate_messages_py.dir/build.make opencv_test/CMakeFiles/sensor_msgs_generate_messages_py.dir/depend
make[2]: Entering directory `/home/charanpreet/buddy_git/buddy/laptop-software/kinect-image/Color_tracking/build'
cd /home/charanpreet/buddy_git/buddy/laptop-software/kinect-image/Color_tracking/build && /usr/bin/cmake -E cmake_depends "Unix Makefiles" /home/charanpreet/buddy_git/buddy/laptop-software/kinect-image/Color_tracking/src /home/charanpreet/buddy_git/buddy/laptop-software/kinect-image/Color_tracking/src/opencv_test /home/charanpreet/buddy_git/buddy/laptop-software/kinect-image/Color_tracking/build /home/charanpreet/buddy_git/buddy/laptop-software/kinect-image/Color_tracking/build/opencv_test /home/charanpreet/buddy_git/buddy/laptop-software/kinect-image/Color_tracking/build/opencv_test/CMakeFiles/sensor_msgs_generate_messages_py.dir/DependInfo.cmake --color=
make[2]: Leaving directory `/home/charanpreet/buddy_git/buddy/laptop-software/kinect-image/Color_tracking/build'
/usr/bin/make -f opencv_test/CMakeFiles/sensor_msgs_generate_messages_py.dir/build.make opencv_test/CMakeFiles/sensor_msgs_generate_messages_py.dir/build
make[2]: Entering directory `/home/charanpreet/buddy_git/buddy/laptop-software/kinect-image/Color_tracking/build'
make[2]: Nothing to be done for `opencv_test/CMakeFiles/sensor_msgs_generate_messages_py.dir/build'.
make[2]: Leaving directory `/home/charanpreet/buddy_git/buddy/laptop-software/kinect-image/Color_tracking/build'
/usr/bin/cmake -E cmake_progress_report /home/charanpreet/buddy_git/buddy/laptop-software/kinect-image/Color_tracking/build/CMakeFiles 
[ 20%] Built target sensor_msgs_generate_messages_py
/usr/bin/make -f opencv_test/CMakeFiles/opencv_test_generate_messages_py.dir/build.make opencv_test/CMakeFiles/opencv_test_generate_messages_py.dir/depend
make[2]: Entering directory `/home/charanpreet/buddy_git/buddy/laptop-software/kinect-image/Color_tracking/build'
cd /home/charanpreet/buddy_git/buddy/laptop-software/kinect-image/Color_tracking/build && /usr/bin/cmake -E cmake_depends "Unix Makefiles" /home/charanpreet/buddy_git/buddy/laptop-software/kinect-image/Color_tracking/src /home/charanpreet/buddy_git/buddy/laptop-software/kinect-image/Color_tracking/src/opencv_test /home/charanpreet/buddy_git/buddy/laptop-software/kinect-image/Color_tracking/build /home/charanpreet/buddy_git/buddy/laptop-software/kinect-image/Color_tracking/build/opencv_test /home/charanpreet/buddy_git/buddy/laptop-software/kinect-image/Color_tracking/build/opencv_test/CMakeFiles/opencv_test_generate_messages_py.dir/DependInfo.cmake --color=
make[2]: Leaving directory `/home/charanpreet/buddy_git/buddy/laptop-software/kinect-image/Color_tracking/build'
/usr/bin/make -f opencv_test/CMakeFiles/opencv_test_generate_messages_py.dir/build.make opencv_test/CMakeFiles/opencv_test_generate_messages_py.dir/build
make[2]: Entering directory `/home/charanpreet/buddy_git/buddy/laptop-software/kinect-image/Color_tracking/build'
make[2]: Nothing to be done for `opencv_test/CMakeFiles/opencv_test_generate_messages_py.dir/build'.
make[2]: Leaving directory `/home/charanpreet/buddy_git/buddy/laptop-software/kinect-image/Color_tracking/build'
/usr/bin/cmake -E cmake_progress_report /home/charanpreet/buddy_git/buddy/laptop-software/kinect-image/Color_tracking/build/CMakeFiles  6 7
[ 60%] Built target opencv_test_generate_messages_py
/usr/bin/make -f opencv_test/CMakeFiles/std_msgs_generate_messages_cpp.dir/build.make opencv_test/CMakeFiles/std_msgs_generate_messages_cpp.dir/depend
make[2]: Entering directory `/home/charanpreet/buddy_git/buddy/laptop-software/kinect-image/Color_tracking/build'
cd /home/charanpreet/buddy_git/buddy/laptop-software/kinect-image/Color_tracking/build && /usr/bin/cmake -E cmake_depends "Unix Makefiles" /home/charanpreet/buddy_git/buddy/laptop-software/kinect-image/Color_tracking/src /home/charanpreet/buddy_git/buddy/laptop-software/kinect-image/Color_tracking/src/opencv_test /home/charanpreet/buddy_git/buddy/laptop-software/kinect-image/Color_tracking/build /home/charanpreet/buddy_git/buddy/laptop-software/kinect-image/Color_tracking/build/opencv_test /home/charanpreet/buddy_git/buddy/laptop-software/kinect-image/Color_tracking/build/opencv_test/CMakeFiles/std_msgs_generate_messages_cpp.dir/DependInfo.cmake --color=
make[2]: Leaving directory `/home/charanpreet/buddy_git/buddy/laptop-software/kinect-image/Color_tracking/build'
/usr/bin/make -f opencv_test/CMakeFiles/std_msgs_generate_messages_cpp.dir/build.make opencv_test/CMakeFiles/std_msgs_generate_messages_cpp.dir/build
make[2]: Entering directory `/home/charanpreet/buddy_git/buddy/laptop-software/kinect-image/Color_tracking/build'
make[2]: Nothing to be done for `opencv_test/CMakeFiles/std_msgs_generate_messages_cpp.dir/build'.
make[2]: Leaving directory `/home/charanpreet/buddy_git/buddy/laptop-software/kinect-image/Color_tracking/build'
/usr/bin/cmake -E cmake_progress_report /home/charanpreet/buddy_git/buddy/laptop-software/kinect-image/Color_tracking/build/CMakeFiles 
[ 60%] Built target std_msgs_generate_messages_cpp
/usr/bin/make -f opencv_test/CMakeFiles/sensor_msgs_generate_messages_cpp.dir/build.make opencv_test/CMakeFiles/sensor_msgs_generate_messages_cpp.dir/depend
make[2]: Entering directory `/home/charanpreet/buddy_git/buddy/laptop-software/kinect-image/Color_tracking/build'
cd /home/charanpreet/buddy_git/buddy/laptop-software/kinect-image/Color_tracking/build && /usr/bin/cmake -E cmake_depends "Unix Makefiles" /home/charanpreet/buddy_git/buddy/laptop-software/kinect-image/Color_tracking/src /home/charanpreet/buddy_git/buddy/laptop-software/kinect-image/Color_tracking/src/opencv_test /home/charanpreet/buddy_git/buddy/laptop-software/kinect-image/Color_tracking/build /home/charanpreet/buddy_git/buddy/laptop-software/kinect-image/Color_tracking/build/opencv_test /home/charanpreet/buddy_git/buddy/laptop-software/kinect-image/Color_tracking/build/opencv_test/CMakeFiles/sensor_msgs_generate_messages_cpp.dir/DependInfo.cmake --color=
make[2]: Leaving directory `/home/charanpreet/buddy_git/buddy/laptop-software/kinect-image/Color_tracking/build'
/usr/bin/make -f opencv_test/CMakeFiles/sensor_msgs_generate_messages_cpp.dir/build.make opencv_test/CMakeFiles/sensor_msgs_generate_messages_cpp.dir/build
make[2]: Entering directory `/home/charanpreet/buddy_git/buddy/laptop-software/kinect-image/Color_tracking/build'
make[2]: Nothing to be done for `opencv_test/CMakeFiles/sensor_msgs_generate_messages_cpp.dir/build'.
make[2]: Leaving directory `/home/charanpreet/buddy_git/buddy/laptop-software/kinect-image/Color_tracking/build'
/usr/bin/cmake -E cmake_progress_report /home/charanpreet/buddy_git/buddy/laptop-software/kinect-image/Color_tracking/build/CMakeFiles 
[ 60%] Built target sensor_msgs_generate_messages_cpp
/usr/bin/make -f opencv_test/CMakeFiles/opencv_test_generate_messages_cpp.dir/build.make opencv_test/CMakeFiles/opencv_test_generate_messages_cpp.dir/depend
make[2]: Entering directory `/home/charanpreet/buddy_git/buddy/laptop-software/kinect-image/Color_tracking/build'
cd /home/charanpreet/buddy_git/buddy/laptop-software/kinect-image/Color_tracking/build && /usr/bin/cmake -E cmake_depends "Unix Makefiles" /home/charanpreet/buddy_git/buddy/laptop-software/kinect-image/Color_tracking/src /home/charanpreet/buddy_git/buddy/laptop-software/kinect-image/Color_tracking/src/opencv_test /home/charanpreet/buddy_git/buddy/laptop-software/kinect-image/Color_tracking/build /home/charanpreet/buddy_git/buddy/laptop-software/kinect-image/Color_tracking/build/opencv_test /home/charanpreet/buddy_git/buddy/laptop-software/kinect-image/Color_tracking/build/opencv_test/CMakeFiles/opencv_test_generate_messages_cpp.dir/DependInfo.cmake --color=
make[2]: Leaving directory `/home/charanpreet/buddy_git/buddy/laptop-software/kinect-image/Color_tracking/build'
/usr/bin/make -f opencv_test/CMakeFiles/opencv_test_generate_messages_cpp.dir/build.make opencv_test/CMakeFiles/opencv_test_generate_messages_cpp.dir/build
make[2]: Entering directory `/home/charanpreet/buddy_git/buddy/laptop-software/kinect-image/Color_tracking/build'
make[2]: Nothing to be done for `opencv_test/CMakeFiles/opencv_test_generate_messages_cpp.dir/build'.
make[2]: Leaving directory `/home/charanpreet/buddy_git/buddy/laptop-software/kinect-image/Color_tracking/build'
/usr/bin/cmake -E cmake_progress_report /home/charanpreet/buddy_git/buddy/laptop-software/kinect-image/Color_tracking/build/CMakeFiles  4
[ 80%] Built target opencv_test_generate_messages_cpp
/usr/bin/make -f opencv_test/CMakeFiles/opencv_test_generate_messages.dir/build.make opencv_test/CMakeFiles/opencv_test_generate_messages.dir/depend
make[2]: Entering directory `/home/charanpreet/buddy_git/buddy/laptop-software/kinect-image/Color_tracking/build'
cd /home/charanpreet/buddy_git/buddy/laptop-software/kinect-image/Color_tracking/build && /usr/bin/cmake -E cmake_depends "Unix Makefiles" /home/charanpreet/buddy_git/buddy/laptop-software/kinect-image/Color_tracking/src /home/charanpreet/buddy_git/buddy/laptop-software/kinect-image/Color_tracking/src/opencv_test /home/charanpreet/buddy_git/buddy/laptop-software/kinect-image/Color_tracking/build /home/charanpreet/buddy_git/buddy/laptop-software/kinect-image/Color_tracking/build/opencv_test /home/charanpreet/buddy_git/buddy/laptop-software/kinect-image/Color_tracking/build/opencv_test/CMakeFiles/opencv_test_generate_messages.dir/DependInfo.cmake --color=
make[2]: Leaving directory `/home/charanpreet/buddy_git/buddy/laptop-software/kinect-image/Color_tracking/build'
/usr/bin/make -f opencv_test/CMakeFiles/opencv_test_generate_messages.dir/build.make opencv_test/CMakeFiles/opencv_test_generate_messages.dir/build
make[2]: Entering directory `/home/charanpreet/buddy_git/buddy/laptop-software/kinect-image/Color_tracking/build'
make[2]: Nothing to be done for `opencv_test/CMakeFiles/opencv_test_generate_messages.dir/build'.
make[2]: Leaving directory `/home/charanpreet/buddy_git/buddy/laptop-software/kinect-image/Color_tracking/build'
/usr/bin/cmake -E cmake_progress_report /home/charanpreet/buddy_git/buddy/laptop-software/kinect-image/Color_tracking/build/CMakeFiles 
[ 80%] Built target opencv_test_generate_messages
/usr/bin/make -f opencv_test/CMakeFiles/opencv_test_imageConverter.dir/build.make opencv_test/CMakeFiles/opencv_test_imageConverter.dir/depend
make[2]: Entering directory `/home/charanpreet/buddy_git/buddy/laptop-software/kinect-image/Color_tracking/build'
cd /home/charanpreet/buddy_git/buddy/laptop-software/kinect-image/Color_tracking/build && /usr/bin/cmake -E cmake_depends "Unix Makefiles" /home/charanpreet/buddy_git/buddy/laptop-software/kinect-image/Color_tracking/src /home/charanpreet/buddy_git/buddy/laptop-software/kinect-image/Color_tracking/src/opencv_test /home/charanpreet/buddy_git/buddy/laptop-software/kinect-image/Color_tracking/build /home/charanpreet/buddy_git/buddy/laptop-software/kinect-image/Color_tracking/build/opencv_test /home/charanpreet/buddy_git/buddy/laptop-software/kinect-image/Color_tracking/build/opencv_test/CMakeFiles/opencv_test_imageConverter.dir/DependInfo.cmake --color=
make[2]: Leaving directory `/home/charanpreet/buddy_git/buddy/laptop-software/kinect-image/Color_tracking/build'
/usr/bin/make -f opencv_test/CMakeFiles/opencv_test_imageConverter.dir/build.make opencv_test/CMakeFiles/opencv_test_imageConverter.dir/build
make[2]: Entering directory `/home/charanpreet/buddy_git/buddy/laptop-software/kinect-image/Color_tracking/build'
Linking CXX executable /home/charanpreet/buddy_git/buddy/laptop-software/kinect-image/Color_tracking/devel/lib/opencv_test/opencv_test_imageConverter
cd /home/charanpreet/buddy_git/buddy/laptop-software/kinect-image/Color_tracking/build/opencv_test && /usr/bin/cmake -E cmake_link_script CMakeFiles/opencv_test_imageConverter.dir/link.txt --verbose=1
/usr/bin/c++       CMakeFiles/opencv_test_imageConverter.dir/src/image_converter.cpp.o  -o /home/charanpreet/buddy_git/buddy/laptop-software/kinect-image/Color_tracking/devel/lib/opencv_test/opencv_test_imageConverter -rdynamic /opt/ros/hydro/lib/libcv_bridge.so /opt/ros/hydro/lib/libopencv_calib3d.so /opt/ros/hydro/lib/libopencv_contrib.so /opt/ros/hydro/lib/libopencv_core.so /opt/ros/hydro/lib/libopencv_features2d.so /opt/ros/hydro/lib/libopencv_flann.so /opt/ros/hydro/lib/libopencv_gpu.so /opt/ros/hydro/lib/libopencv_highgui.so /opt/ros/hydro/lib/libopencv_imgproc.so /opt/ros/hydro/lib/libopencv_legacy.so /opt/ros/hydro/lib/libopencv_ml.so /opt/ros/hydro/lib/libopencv_nonfree.so /opt/ros/hydro/lib/libopencv_objdetect.so /opt/ros/hydro/lib/libopencv_photo.so /opt/ros/hydro/lib/libopencv_stitching.so /opt/ros/hydro/lib/libopencv_superres.so /opt/ros/hydro/lib/libopencv_video.so /opt/ros/hydro/lib/libopencv_videostab.so /opt/ros/hydro/lib/libimage_transport.so /opt/ros/hydro/lib/libmessage_filters.so -ltinyxml /opt/ros/hydro/lib/libclass_loader.so -lPocoFoundation -ldl /opt/ros/hydro/lib/libroslib.so /opt/ros/hydro/lib/libroscpp.so -lboost_signals-mt -lboost_filesystem-mt /opt/ros/hydro/lib/librosconsole.so /opt/ros/hydro/lib/librosconsole_log4cxx.so /opt/ros/hydro/lib/librosconsole_backend_interface.so -llog4cxx -lboost_regex-mt /opt/ros/hydro/lib/libxmlrpcpp.so /opt/ros/hydro/lib/libroscpp_serialization.so /opt/ros/hydro/lib/librostime.so -lboost_date_time-mt -lboost_system-mt -lboost_thread-mt -lpthread /opt/ros/hydro/lib/libcpp_common.so /opt/ros/hydro/lib/libconsole_bridge.so -Wl,-rpath,/opt/ros/hydro/lib 
make[2]: Leaving directory `/home/charanpreet/buddy_git/buddy/laptop-software/kinect-image/Color_tracking/build'
make[1]: Leaving directory `/home/charanpreet/buddy_git/buddy/laptop-software/kinect-image/Color_tracking/build'
/usr/bin/make all 
/usr/bin/cmake -H/home/charanpreet/buddy_git/buddy/laptop-software/kinect-image/Color_tracking/src -B/home/charanpreet/buddy_git/buddy/laptop-software/kinect-image/Color_tracking/build --check-build-system CMakeFiles/Makefile.cmake 0
/usr/bin/cmake -E cmake_progress_start /home/charanpreet/buddy_git/buddy/laptop-software/kinect-image/Color_tracking/build/CMakeFiles /home/charanpreet/buddy_git/buddy/laptop-software/kinect-image/Color_tracking/build/CMakeFiles/progress.marks
/usr/bin/make -f CMakeFiles/Makefile2 all
make[1]: Entering directory `/home/charanpreet/buddy_git/buddy/laptop-software/kinect-image/Color_tracking/build'
/usr/bin/make -f opencv_test/CMakeFiles/std_msgs_generate_messages_lisp.dir/build.make opencv_test/CMakeFiles/std_msgs_generate_messages_lisp.dir/depend
make[2]: Entering directory `/home/charanpreet/buddy_git/buddy/laptop-software/kinect-image/Color_tracking/build'
cd /home/charanpreet/buddy_git/buddy/laptop-software/kinect-image/Color_tracking/build && /usr/bin/cmake -E cmake_depends "Unix Makefiles" /home/charanpreet/buddy_git/buddy/laptop-software/kinect-image/Color_tracking/src /home/charanpreet/buddy_git/buddy/laptop-software/kinect-image/Color_tracking/src/opencv_test /home/charanpreet/buddy_git/buddy/laptop-software/kinect-image/Color_tracking/build /home/charanpreet/buddy_git/buddy/laptop-software/kinect-image/Color_tracking/build/opencv_test /home/charanpreet/buddy_git/buddy/laptop-software/kinect-image/Color_tracking/build/opencv_test/CMakeFiles/std_msgs_generate_messages_lisp.dir/DependInfo.cmake --color=
make[2]: Leaving directory `/home/charanpreet/buddy_git/buddy/laptop-software/kinect-image/Color_tracking/build'
/usr/bin/make -f opencv_test/CMakeFiles/std_msgs_generate_messages_lisp.dir/build.make opencv_test/CMakeFiles/std_msgs_generate_messages_lisp.dir/build
make[2]: Entering directory `/home/charanpreet/buddy_git/buddy/laptop-software/kinect-image/Color_tracking/build'
make[2]: Nothing to be done for `opencv_test/CMakeFiles/std_msgs_generate_messages_lisp.dir/build'.
make[2]: Leaving directory `/home/charanpreet/buddy_git/buddy/laptop-software/kinect-image/Color_tracking/build'
/usr/bin/cmake -E cmake_progress_report /home/charanpreet/buddy_git/buddy/laptop-software/kinect-image/Color_tracking/build/CMakeFiles 
[  0%] Built target std_msgs_generate_messages_lisp
/usr/bin/make -f opencv_test/CMakeFiles/sensor_msgs_generate_messages_lisp.dir/build.make opencv_test/CMakeFiles/sensor_msgs_generate_messages_lisp.dir/depend
make[2]: Entering directory `/home/charanpreet/buddy_git/buddy/laptop-software/kinect-image/Color_tracking/build'
cd /home/charanpreet/buddy_git/buddy/laptop-software/kinect-image/Color_tracking/build && /usr/bin/cmake -E cmake_depends "Unix Makefiles" /home/charanpreet/buddy_git/buddy/laptop-software/kinect-image/Color_tracking/src /home/charanpreet/buddy_git/buddy/laptop-software/kinect-image/Color_tracking/src/opencv_test /home/charanpreet/buddy_git/buddy/laptop-software/kinect-image/Color_tracking/build /home/charanpreet/buddy_git/buddy/laptop-software/kinect-image/Color_tracking/build/opencv_test /home/charanpreet/buddy_git/buddy/laptop-software/kinect-image/Color_tracking/build/opencv_test/CMakeFiles/sensor_msgs_generate_messages_lisp.dir/DependInfo.cmake --color=
make[2]: Leaving directory `/home/charanpreet/buddy_git/buddy/laptop-software/kinect-image/Color_tracking/build'
/usr/bin/make -f opencv_test/CMakeFiles/sensor_msgs_generate_messages_lisp.dir/build.make opencv_test/CMakeFiles/sensor_msgs_generate_messages_lisp.dir/build
make[2]: Entering directory `/home/charanpreet/buddy_git/buddy/laptop-software/kinect-image/Color_tracking/build'
make[2]: Nothing to be done for `opencv_test/CMakeFiles/sensor_msgs_generate_messages_lisp.dir/build'.
make[2]: Leaving directory `/home/charanpreet/buddy_git/buddy/laptop-software/kinect-image/Color_tracking/build'
/usr/bin/cmake -E cmake_progress_report /home/charanpreet/buddy_git/buddy/laptop-software/kinect-image/Color_tracking/build/CMakeFiles 
[  0%] Built target sensor_msgs_generate_messages_lisp
/usr/bin/make -f opencv_test/CMakeFiles/opencv_test_generate_messages_lisp.dir/build.make opencv_test/CMakeFiles/opencv_test_generate_messages_lisp.dir/depend
make[2]: Entering directory `/home/charanpreet/buddy_git/buddy/laptop-software/kinect-image/Color_tracking/build'
cd /home/charanpreet/buddy_git/buddy/laptop-software/kinect-image/Color_tracking/build && /usr/bin/cmake -E cmake_depends "Unix Makefiles" /home/charanpreet/buddy_git/buddy/laptop-software/kinect-image/Color_tracking/src /home/charanpreet/buddy_git/buddy/laptop-software/kinect-image/Color_tracking/src/opencv_test /home/charanpreet/buddy_git/buddy/laptop-software/kinect-image/Color_tracking/build /home/charanpreet/buddy_git/buddy/laptop-software/kinect-image/Color_tracking/build/opencv_test /home/charanpreet/buddy_git/buddy/laptop-software/kinect-image/Color_tracking/build/opencv_test/CMakeFiles/opencv_test_generate_messages_lisp.dir/DependInfo.cmake --color=
make[2]: Leaving directory `/home/charanpreet/buddy_git/buddy/laptop-software/kinect-image/Color_tracking/build'
/usr/bin/make -f opencv_test/CMakeFiles/opencv_test_generate_messages_lisp.dir/build.make opencv_test/CMakeFiles/opencv_test_generate_messages_lisp.dir/build
make[2]: Entering directory `/home/charanpreet/buddy_git/buddy/laptop-software/kinect-image/Color_tracking/build'
make[2]: Nothing to be done for `opencv_test/CMakeFiles/opencv_test_generate_messages_lisp.dir/build'.
make[2]: Leaving directory `/home/charanpreet/buddy_git/buddy/laptop-software/kinect-image/Color_tracking/build'
/usr/bin/cmake -E cmake_progress_report /home/charanpreet/buddy_git/buddy/laptop-software/kinect-image/Color_tracking/build/CMakeFiles  5
[ 20%] Built target opencv_test_generate_messages_lisp
/usr/bin/make -f opencv_test/CMakeFiles/std_msgs_generate_messages_py.dir/build.make opencv_test/CMakeFiles/std_msgs_generate_messages_py.dir/depend
make[2]: Entering directory `/home/charanpreet/buddy_git/buddy/laptop-software/kinect-image/Color_tracking/build'
cd /home/charanpreet/buddy_git/buddy/laptop-software/kinect-image/Color_tracking/build && /usr/bin/cmake -E cmake_depends "Unix Makefiles" /home/charanpreet/buddy_git/buddy/laptop-software/kinect-image/Color_tracking/src /home/charanpreet/buddy_git/buddy/laptop-software/kinect-image/Color_tracking/src/opencv_test /home/charanpreet/buddy_git/buddy/laptop-software/kinect-image/Color_tracking/build /home/charanpreet/buddy_git/buddy/laptop-software/kinect-image/Color_tracking/build/opencv_test /home/charanpreet/buddy_git/buddy/laptop-software/kinect-image/Color_tracking/build/opencv_test/CMakeFiles/std_msgs_generate_messages_py.dir/DependInfo.cmake --color=
make[2]: Leaving directory `/home/charanpreet/buddy_git/buddy/laptop-software/kinect-image/Color_tracking/build'
/usr/bin/make -f opencv_test/CMakeFiles/std_msgs_generate_messages_py.dir/build.make opencv_test/CMakeFiles/std_msgs_generate_messages_py.dir/build
make[2]: Entering directory `/home/charanpreet/buddy_git/buddy/laptop-software/kinect-image/Color_tracking/build'
make[2]: Nothing to be done for `opencv_test/CMakeFiles/std_msgs_generate_messages_py.dir/build'.
make[2]: Leaving directory `/home/charanpreet/buddy_git/buddy/laptop-software/kinect-image/Color_tracking/build'
/usr/bin/cmake -E cmake_progress_report /home/charanpreet/buddy_git/buddy/laptop-software/kinect-image/Color_tracking/build/CMakeFiles 
[ 20%] Built target std_msgs_generate_messages_py
/usr/bin/make -f opencv_test/CMakeFiles/sensor_msgs_generate_messages_py.dir/build.make opencv_test/CMakeFiles/sensor_msgs_generate_messages_py.dir/depend
make[2]: Entering directory `/home/charanpreet/buddy_git/buddy/laptop-software/kinect-image/Color_tracking/build'
cd /home/charanpreet/buddy_git/buddy/laptop-software/kinect-image/Color_tracking/build && /usr/bin/cmake -E cmake_depends "Unix Makefiles" /home/charanpreet/buddy_git/buddy/laptop-software/kinect-image/Color_tracking/src /home/charanpreet/buddy_git/buddy/laptop-software/kinect-image/Color_tracking/src/opencv_test /home/charanpreet/buddy_git/buddy/laptop-software/kinect-image/Color_tracking/build /home/charanpreet/buddy_git/buddy/laptop-software/kinect-image/Color_tracking/build/opencv_test /home/charanpreet/buddy_git/buddy/laptop-software/kinect-image/Color_tracking/build/opencv_test/CMakeFiles/sensor_msgs_generate_messages_py.dir/DependInfo.cmake --color=
make[2]: Leaving directory `/home/charanpreet/buddy_git/buddy/laptop-software/kinect-image/Color_tracking/build'
/usr/bin/make -f opencv_test/CMakeFiles/sensor_msgs_generate_messages_py.dir/build.make opencv_test/CMakeFiles/sensor_msgs_generate_messages_py.dir/build
make[2]: Entering directory `/home/charanpreet/buddy_git/buddy/laptop-software/kinect-image/Color_tracking/build'
make[2]: Nothing to be done for `opencv_test/CMakeFiles/sensor_msgs_generate_messages_py.dir/build'.
make[2]: Leaving directory `/home/charanpreet/buddy_git/buddy/laptop-software/kinect-image/Color_tracking/build'
/usr/bin/cmake -E cmake_progress_report /home/charanpreet/buddy_git/buddy/laptop-software/kinect-image/Color_tracking/build/CMakeFiles 
[ 20%] Built target sensor_msgs_generate_messages_py
/usr/bin/make -f opencv_test/CMakeFiles/opencv_test_generate_messages_py.dir/build.make opencv_test/CMakeFiles/opencv_test_generate_messages_py.dir/depend
make[2]: Entering directory `/home/charanpreet/buddy_git/buddy/laptop-software/kinect-image/Color_tracking/build'
cd /home/charanpreet/buddy_git/buddy/laptop-software/kinect-image/Color_tracking/build && /usr/bin/cmake -E cmake_depends "Unix Makefiles" /home/charanpreet/buddy_git/buddy/laptop-software/kinect-image/Color_tracking/src /home/charanpreet/buddy_git/buddy/laptop-software/kinect-image/Color_tracking/src/opencv_test /home/charanpreet/buddy_git/buddy/laptop-software/kinect-image/Color_tracking/build /home/charanpreet/buddy_git/buddy/laptop-software/kinect-image/Color_tracking/build/opencv_test /home/charanpreet/buddy_git/buddy/laptop-software/kinect-image/Color_tracking/build/opencv_test/CMakeFiles/opencv_test_generate_messages_py.dir/DependInfo.cmake --color=
make[2]: Leaving directory `/home/charanpreet/buddy_git/buddy/laptop-software/kinect-image/Color_tracking/build'
/usr/bin/make -f opencv_test/CMakeFiles/opencv_test_generate_messages_py.dir/build.make opencv_test/CMakeFiles/opencv_test_generate_messages_py.dir/build
make[2]: Entering directory `/home/charanpreet/buddy_git/buddy/laptop-software/kinect-image/Color_tracking/build'
make[2]: Nothing to be done for `opencv_test/CMakeFiles/opencv_test_generate_messages_py.dir/build'.
make[2]: Leaving directory `/home/charanpreet/buddy_git/buddy/laptop-software/kinect-image/Color_tracking/build'
/usr/bin/cmake -E cmake_progress_report /home/charanpreet/buddy_git/buddy/laptop-software/kinect-image/Color_tracking/build/CMakeFiles  6 7
[ 60%] Built target opencv_test_generate_messages_py
/usr/bin/make -f opencv_test/CMakeFiles/std_msgs_generate_messages_cpp.dir/build.make opencv_test/CMakeFiles/std_msgs_generate_messages_cpp.dir/depend
make[2]: Entering directory `/home/charanpreet/buddy_git/buddy/laptop-software/kinect-image/Color_tracking/build'
cd /home/charanpreet/buddy_git/buddy/laptop-software/kinect-image/Color_tracking/build && /usr/bin/cmake -E cmake_depends "Unix Makefiles" /home/charanpreet/buddy_git/buddy/laptop-software/kinect-image/Color_tracking/src /home/charanpreet/buddy_git/buddy/laptop-software/kinect-image/Color_tracking/src/opencv_test /home/charanpreet/buddy_git/buddy/laptop-software/kinect-image/Color_tracking/build /home/charanpreet/buddy_git/buddy/laptop-software/kinect-image/Color_tracking/build/opencv_test /home/charanpreet/buddy_git/buddy/laptop-software/kinect-image/Color_tracking/build/opencv_test/CMakeFiles/std_msgs_generate_messages_cpp.dir/DependInfo.cmake --color=
make[2]: Leaving directory `/home/charanpreet/buddy_git/buddy/laptop-software/kinect-image/Color_tracking/build'
/usr/bin/make -f opencv_test/CMakeFiles/std_msgs_generate_messages_cpp.dir/build.make opencv_test/CMakeFiles/std_msgs_generate_messages_cpp.dir/build
make[2]: Entering directory `/home/charanpreet/buddy_git/buddy/laptop-software/kinect-image/Color_tracking/build'
make[2]: Nothing to be done for `opencv_test/CMakeFiles/std_msgs_generate_messages_cpp.dir/build'.
make[2]: Leaving directory `/home/charanpreet/buddy_git/buddy/laptop-software/kinect-image/Color_tracking/build'
/usr/bin/cmake -E cmake_progress_report /home/charanpreet/buddy_git/buddy/laptop-software/kinect-image/Color_tracking/build/CMakeFiles 
[ 60%] Built target std_msgs_generate_messages_cpp
/usr/bin/make -f opencv_test/CMakeFiles/sensor_msgs_generate_messages_cpp.dir/build.make opencv_test/CMakeFiles/sensor_msgs_generate_messages_cpp.dir/depend
make[2]: Entering directory `/home/charanpreet/buddy_git/buddy/laptop-software/kinect-image/Color_tracking/build'
cd /home/charanpreet/buddy_git/buddy/laptop-software/kinect-image/Color_tracking/build && /usr/bin/cmake -E cmake_depends "Unix Makefiles" /home/charanpreet/buddy_git/buddy/laptop-software/kinect-image/Color_tracking/src /home/charanpreet/buddy_git/buddy/laptop-software/kinect-image/Color_tracking/src/opencv_test /home/charanpreet/buddy_git/buddy/laptop-software/kinect-image/Color_tracking/build /home/charanpreet/buddy_git/buddy/laptop-software/kinect-image/Color_tracking/build/opencv_test /home/charanpreet/buddy_git/buddy/laptop-software/kinect-image/Color_tracking/build/opencv_test/CMakeFiles/sensor_msgs_generate_messages_cpp.dir/DependInfo.cmake --color=
make[2]: Leaving directory `/home/charanpreet/buddy_git/buddy/laptop-software/kinect-image/Color_tracking/build'
/usr/bin/make -f opencv_test/CMakeFiles/sensor_msgs_generate_messages_cpp.dir/build.make opencv_test/CMakeFiles/sensor_msgs_generate_messages_cpp.dir/build
make[2]: Entering directory `/home/charanpreet/buddy_git/buddy/laptop-software/kinect-image/Color_tracking/build'
make[2]: Nothing to be done for `opencv_test/CMakeFiles/sensor_msgs_generate_messages_cpp.dir/build'.
make[2]: Leaving directory `/home/charanpreet/buddy_git/buddy/laptop-software/kinect-image/Color_tracking/build'
/usr/bin/cmake -E cmake_progress_report /home/charanpreet/buddy_git/buddy/laptop-software/kinect-image/Color_tracking/build/CMakeFiles 
[ 60%] Built target sensor_msgs_generate_messages_cpp
/usr/bin/make -f opencv_test/CMakeFiles/opencv_test_generate_messages_cpp.dir/build.make opencv_test/CMakeFiles/opencv_test_generate_messages_cpp.dir/depend
make[2]: Entering directory `/home/charanpreet/buddy_git/buddy/laptop-software/kinect-image/Color_tracking/build'
cd /home/charanpreet/buddy_git/buddy/laptop-software/kinect-image/Color_tracking/build && /usr/bin/cmake -E cmake_depends "Unix Makefiles" /home/charanpreet/buddy_git/buddy/laptop-software/kinect-image/Color_tracking/src /home/charanpreet/buddy_git/buddy/laptop-software/kinect-image/Color_tracking/src/opencv_test /home/charanpreet/buddy_git/buddy/laptop-software/kinect-image/Color_tracking/build /home/charanpreet/buddy_git/buddy/laptop-software/kinect-image/Color_tracking/build/opencv_test /home/charanpreet/buddy_git/buddy/laptop-software/kinect-image/Color_tracking/build/opencv_test/CMakeFiles/opencv_test_generate_messages_cpp.dir/DependInfo.cmake --color=
make[2]: Leaving directory `/home/charanpreet/buddy_git/buddy/laptop-software/kinect-image/Color_tracking/build'
/usr/bin/make -f opencv_test/CMakeFiles/opencv_test_generate_messages_cpp.dir/build.make opencv_test/CMakeFiles/opencv_test_generate_messages_cpp.dir/build
make[2]: Entering directory `/home/charanpreet/buddy_git/buddy/laptop-software/kinect-image/Color_tracking/build'
make[2]: Nothing to be done for `opencv_test/CMakeFiles/opencv_test_generate_messages_cpp.dir/build'.
make[2]: Leaving directory `/home/charanpreet/buddy_git/buddy/laptop-software/kinect-image/Color_tracking/build'
/usr/bin/cmake -E cmake_progress_report /home/charanpreet/buddy_git/buddy/laptop-software/kinect-image/Color_tracking/build/CMakeFiles  4
[ 80%] Built target opencv_test_generate_messages_cpp
/usr/bin/make -f opencv_test/CMakeFiles/opencv_test_generate_messages.dir/build.make opencv_test/CMakeFiles/opencv_test_generate_messages.dir/depend
make[2]: Entering directory `/home/charanpreet/buddy_git/buddy/laptop-software/kinect-image/Color_tracking/build'
cd /home/charanpreet/buddy_git/buddy/laptop-software/kinect-image/Color_tracking/build && /usr/bin/cmake -E cmake_depends "Unix Makefiles" /home/charanpreet/buddy_git/buddy/laptop-software/kinect-image/Color_tracking/src /home/charanpreet/buddy_git/buddy/laptop-software/kinect-image/Color_tracking/src/opencv_test /home/charanpreet/buddy_git/buddy/laptop-software/kinect-image/Color_tracking/build /home/charanpreet/buddy_git/buddy/laptop-software/kinect-image/Color_tracking/build/opencv_test /home/charanpreet/buddy_git/buddy/laptop-software/kinect-image/Color_tracking/build/opencv_test/CMakeFiles/opencv_test_generate_messages.dir/DependInfo.cmake --color=
make[2]: Leaving directory `/home/charanpreet/buddy_git/buddy/laptop-software/kinect-image/Color_tracking/build'
/usr/bin/make -f opencv_test/CMakeFiles/opencv_test_generate_messages.dir/build.make opencv_test/CMakeFiles/opencv_test_generate_messages.dir/build
make[2]: Entering directory `/home/charanpreet/buddy_git/buddy/laptop-software/kinect-image/Color_tracking/build'
make[2]: Nothing to be done for `opencv_test/CMakeFiles/opencv_test_generate_messages.dir/build'.
make[2]: Leaving directory `/home/charanpreet/buddy_git/buddy/laptop-software/kinect-image/Color_tracking/build'
/usr/bin/cmake -E cmake_progress_report /home/charanpreet/buddy_git/buddy/laptop-software/kinect-image/Color_tracking/build/CMakeFiles 
[ 80%] Built target opencv_test_generate_messages
/usr/bin/make -f opencv_test/CMakeFiles/opencv_test_imageConverter.dir/build.make opencv_test/CMakeFiles/opencv_test_imageConverter.dir/depend
make[2]: Entering directory `/home/charanpreet/buddy_git/buddy/laptop-software/kinect-image/Color_tracking/build'
cd /home/charanpreet/buddy_git/buddy/laptop-software/kinect-image/Color_tracking/build && /usr/bin/cmake -E cmake_depends "Unix Makefiles" /home/charanpreet/buddy_git/buddy/laptop-software/kinect-image/Color_tracking/src /home/charanpreet/buddy_git/buddy/laptop-software/kinect-image/Color_tracking/src/opencv_test /home/charanpreet/buddy_git/buddy/laptop-software/kinect-image/Color_tracking/build /home/charanpreet/buddy_git/buddy/laptop-software/kinect-image/Color_tracking/build/opencv_test /home/charanpreet/buddy_git/buddy/laptop-software/kinect-image/Color_tracking/build/opencv_test/CMakeFiles/opencv_test_imageConverter.dir/DependInfo.cmake --color=
Scanning dependencies of target opencv_test_imageConverter
make[2]: Leaving directory `/home/charanpreet/buddy_git/buddy/laptop-software/kinect-image/Color_tracking/build'
/usr/bin/make -f opencv_test/CMakeFiles/opencv_test_imageConverter.dir/build.make opencv_test/CMakeFiles/opencv_test_imageConverter.dir/build
make[2]: Entering directory `/home/charanpreet/buddy_git/buddy/laptop-software/kinect-image/Color_tracking/build'
/usr/bin/cmake -E cmake_progress_report /home/charanpreet/buddy_git/buddy/laptop-software/kinect-image/Color_tracking/build/CMakeFiles 8
[100%] Building CXX object opencv_test/CMakeFiles/opencv_test_imageConverter.dir/src/image_converter.cpp.o
cd /home/charanpreet/buddy_git/buddy/laptop-software/kinect-image/Color_tracking/build/opencv_test && /usr/bin/c++   -DROS_BUILD_SHARED_LIBS=1 -DROS_PACKAGE_NAME=\"opencv_test\" -DROSCONSOLE_BACKEND_LOG4CXX -I/home/charanpreet/buddy_git/buddy/laptop-software/kinect-image/Color_tracking/devel/include -I/opt/ros/hydro/include -I/opt/ros/hydro/include/opencv    -o CMakeFiles/opencv_test_imageConverter.dir/src/image_converter.cpp.o -c /home/charanpreet/buddy_git/buddy/laptop-software/kinect-image/Color_tracking/src/opencv_test/src/image_converter.cpp
CMakeFiles/opencv_test_imageConverter.dir/src/image_converter.cpp.o: In function `main':
image_converter.cpp:(.text+0x7c): undefined reference to `colorTracker::colorTracker()'
image_converter.cpp:(.text+0xc3): undefined reference to `DepthConverter::~DepthConverter()'
Linking CXX executable /home/charanpreet/buddy_git/buddy/laptop-software/kinect-image/Color_tracking/devel/lib/opencv_test/opencv_test_imageConverter
image_converter.cpp:(.text+0xd2): undefined reference to `colorTracker::~colorTracker()'
image_converter.cpp:(.text+0x11b): undefined reference to `DepthConverter::~DepthConverter()'
cd /home/charanpreet/buddy_git/buddy/laptop-software/kinect-image/Color_tracking/build/opencv_test && /usr/bin/cmake -E cmake_link_script CMakeFiles/opencv_test_imageConverter.dir/link.txt --verbose=1
image_converter.cpp:(.text+0x12f): undefined reference to `colorTracker::~colorTracker()'
collect2: ld returned 1 exit status
make[2]: *** [/home/charanpreet/buddy_git/buddy/laptop-software/kinect-image/Color_tracking/devel/lib/opencv_test/opencv_test_imageConverter] Error 1
make[1]: *** [opencv_test/CMakeFiles/opencv_test_imageConverter.dir/all] Error 2
make: *** [all] Error 2
/usr/bin/c++       CMakeFiles/opencv_test_imageConverter.dir/src/image_converter.cpp.o  -o /home/charanpreet/buddy_git/buddy/laptop-software/kinect-image/Color_tracking/devel/lib/opencv_test/opencv_test_imageConverter -rdynamic /opt/ros/hydro/lib/libcv_bridge.so /opt/ros/hydro/lib/libopencv_calib3d.so /opt/ros/hydro/lib/libopencv_contrib.so /opt/ros/hydro/lib/libopencv_core.so /opt/ros/hydro/lib/libopencv_features2d.so /opt/ros/hydro/lib/libopencv_flann.so /opt/ros/hydro/lib/libopencv_gpu.so /opt/ros/hydro/lib/libopencv_highgui.so /opt/ros/hydro/lib/libopencv_imgproc.so /opt/ros/hydro/lib/libopencv_legacy.so /opt/ros/hydro/lib/libopencv_ml.so /opt/ros/hydro/lib/libopencv_nonfree.so /opt/ros/hydro/lib/libopencv_objdetect.so /opt/ros/hydro/lib/libopencv_photo.so /opt/ros/hydro/lib/libopencv_stitching.so /opt/ros/hydro/lib/libopencv_superres.so /opt/ros/hydro/lib/libopencv_video.so /opt/ros/hydro/lib/libopencv_videostab.so /opt/ros/hydro/lib/libimage_transport.so /opt/ros/hydro/lib/libmessage_filters.so -ltinyxml /opt/ros/hydro/lib/libclass_loader.so -lPocoFoundation -ldl /opt/ros/hydro/lib/libroslib.so /opt/ros/hydro/lib/libroscpp.so -lboost_signals-mt -lboost_filesystem-mt /opt/ros/hydro/lib/librosconsole.so /opt/ros/hydro/lib/librosconsole_log4cxx.so /opt/ros/hydro/lib/librosconsole_backend_interface.so -llog4cxx -lboost_regex-mt /opt/ros/hydro/lib/libxmlrpcpp.so /opt/ros/hydro/lib/libroscpp_serialization.so /opt/ros/hydro/lib/librostime.so -lboost_date_time-mt -lboost_system-mt -lboost_thread-mt -lpthread /opt/ros/hydro/lib/libcpp_common.so /opt/ros/hydro/lib/libconsole_bridge.so -Wl,-rpath,/opt/ros/hydro/lib 
make[2]: Leaving directory `/home/charanpreet/buddy_git/buddy/laptop-software/kinect-image/Color_tracking/build'
make[1]: Leaving directory `/home/charanpreet/buddy_git/buddy/laptop-software/kinect-image/Color_tracking/build'
/usr/bin/make all 
/usr/bin/cmake -H/home/charanpreet/buddy_git/buddy/laptop-software/kinect-image/Color_tracking/src -B/home/charanpreet/buddy_git/buddy/laptop-software/kinect-image/Color_tracking/build --check-build-system CMakeFiles/Makefile.cmake 0
/usr/bin/cmake -E cmake_progress_start /home/charanpreet/buddy_git/buddy/laptop-software/kinect-image/Color_tracking/build/CMakeFiles /home/charanpreet/buddy_git/buddy/laptop-software/kinect-image/Color_tracking/build/CMakeFiles/progress.marks
/usr/bin/make -f CMakeFiles/Makefile2 all
make[1]: Entering directory `/home/charanpreet/buddy_git/buddy/laptop-software/kinect-image/Color_tracking/build'
/usr/bin/make -f opencv_test/CMakeFiles/std_msgs_generate_messages_lisp.dir/build.make opencv_test/CMakeFiles/std_msgs_generate_messages_lisp.dir/depend
make[2]: Entering directory `/home/charanpreet/buddy_git/buddy/laptop-software/kinect-image/Color_tracking/build'
cd /home/charanpreet/buddy_git/buddy/laptop-software/kinect-image/Color_tracking/build && /usr/bin/cmake -E cmake_depends "Unix Makefiles" /home/charanpreet/buddy_git/buddy/laptop-software/kinect-image/Color_tracking/src /home/charanpreet/buddy_git/buddy/laptop-software/kinect-image/Color_tracking/src/opencv_test /home/charanpreet/buddy_git/buddy/laptop-software/kinect-image/Color_tracking/build /home/charanpreet/buddy_git/buddy/laptop-software/kinect-image/Color_tracking/build/opencv_test /home/charanpreet/buddy_git/buddy/laptop-software/kinect-image/Color_tracking/build/opencv_test/CMakeFiles/std_msgs_generate_messages_lisp.dir/DependInfo.cmake --color=
make[2]: Leaving directory `/home/charanpreet/buddy_git/buddy/laptop-software/kinect-image/Color_tracking/build'
/usr/bin/make -f opencv_test/CMakeFiles/std_msgs_generate_messages_lisp.dir/build.make opencv_test/CMakeFiles/std_msgs_generate_messages_lisp.dir/build
make[2]: Entering directory `/home/charanpreet/buddy_git/buddy/laptop-software/kinect-image/Color_tracking/build'
make[2]: Nothing to be done for `opencv_test/CMakeFiles/std_msgs_generate_messages_lisp.dir/build'.
make[2]: Leaving directory `/home/charanpreet/buddy_git/buddy/laptop-software/kinect-image/Color_tracking/build'
/usr/bin/cmake -E cmake_progress_report /home/charanpreet/buddy_git/buddy/laptop-software/kinect-image/Color_tracking/build/CMakeFiles 
[  0%] Built target std_msgs_generate_messages_lisp
/usr/bin/make -f opencv_test/CMakeFiles/sensor_msgs_generate_messages_lisp.dir/build.make opencv_test/CMakeFiles/sensor_msgs_generate_messages_lisp.dir/depend
make[2]: Entering directory `/home/charanpreet/buddy_git/buddy/laptop-software/kinect-image/Color_tracking/build'
cd /home/charanpreet/buddy_git/buddy/laptop-software/kinect-image/Color_tracking/build && /usr/bin/cmake -E cmake_depends "Unix Makefiles" /home/charanpreet/buddy_git/buddy/laptop-software/kinect-image/Color_tracking/src /home/charanpreet/buddy_git/buddy/laptop-software/kinect-image/Color_tracking/src/opencv_test /home/charanpreet/buddy_git/buddy/laptop-software/kinect-image/Color_tracking/build /home/charanpreet/buddy_git/buddy/laptop-software/kinect-image/Color_tracking/build/opencv_test /home/charanpreet/buddy_git/buddy/laptop-software/kinect-image/Color_tracking/build/opencv_test/CMakeFiles/sensor_msgs_generate_messages_lisp.dir/DependInfo.cmake --color=
make[2]: Leaving directory `/home/charanpreet/buddy_git/buddy/laptop-software/kinect-image/Color_tracking/build'
/usr/bin/make -f opencv_test/CMakeFiles/sensor_msgs_generate_messages_lisp.dir/build.make opencv_test/CMakeFiles/sensor_msgs_generate_messages_lisp.dir/build
make[2]: Entering directory `/home/charanpreet/buddy_git/buddy/laptop-software/kinect-image/Color_tracking/build'
make[2]: Nothing to be done for `opencv_test/CMakeFiles/sensor_msgs_generate_messages_lisp.dir/build'.
make[2]: Leaving directory `/home/charanpreet/buddy_git/buddy/laptop-software/kinect-image/Color_tracking/build'
/usr/bin/cmake -E cmake_progress_report /home/charanpreet/buddy_git/buddy/laptop-software/kinect-image/Color_tracking/build/CMakeFiles 
[  0%] Built target sensor_msgs_generate_messages_lisp
/usr/bin/make -f opencv_test/CMakeFiles/opencv_test_generate_messages_lisp.dir/build.make opencv_test/CMakeFiles/opencv_test_generate_messages_lisp.dir/depend
make[2]: Entering directory `/home/charanpreet/buddy_git/buddy/laptop-software/kinect-image/Color_tracking/build'
cd /home/charanpreet/buddy_git/buddy/laptop-software/kinect-image/Color_tracking/build && /usr/bin/cmake -E cmake_depends "Unix Makefiles" /home/charanpreet/buddy_git/buddy/laptop-software/kinect-image/Color_tracking/src /home/charanpreet/buddy_git/buddy/laptop-software/kinect-image/Color_tracking/src/opencv_test /home/charanpreet/buddy_git/buddy/laptop-software/kinect-image/Color_tracking/build /home/charanpreet/buddy_git/buddy/laptop-software/kinect-image/Color_tracking/build/opencv_test /home/charanpreet/buddy_git/buddy/laptop-software/kinect-image/Color_tracking/build/opencv_test/CMakeFiles/opencv_test_generate_messages_lisp.dir/DependInfo.cmake --color=
make[2]: Leaving directory `/home/charanpreet/buddy_git/buddy/laptop-software/kinect-image/Color_tracking/build'
/usr/bin/make -f opencv_test/CMakeFiles/opencv_test_generate_messages_lisp.dir/build.make opencv_test/CMakeFiles/opencv_test_generate_messages_lisp.dir/build
make[2]: Entering directory `/home/charanpreet/buddy_git/buddy/laptop-software/kinect-image/Color_tracking/build'
make[2]: Nothing to be done for `opencv_test/CMakeFiles/opencv_test_generate_messages_lisp.dir/build'.
make[2]: Leaving directory `/home/charanpreet/buddy_git/buddy/laptop-software/kinect-image/Color_tracking/build'
/usr/bin/cmake -E cmake_progress_report /home/charanpreet/buddy_git/buddy/laptop-software/kinect-image/Color_tracking/build/CMakeFiles  5
[ 20%] Built target opencv_test_generate_messages_lisp
/usr/bin/make -f opencv_test/CMakeFiles/std_msgs_generate_messages_py.dir/build.make opencv_test/CMakeFiles/std_msgs_generate_messages_py.dir/depend
make[2]: Entering directory `/home/charanpreet/buddy_git/buddy/laptop-software/kinect-image/Color_tracking/build'
cd /home/charanpreet/buddy_git/buddy/laptop-software/kinect-image/Color_tracking/build && /usr/bin/cmake -E cmake_depends "Unix Makefiles" /home/charanpreet/buddy_git/buddy/laptop-software/kinect-image/Color_tracking/src /home/charanpreet/buddy_git/buddy/laptop-software/kinect-image/Color_tracking/src/opencv_test /home/charanpreet/buddy_git/buddy/laptop-software/kinect-image/Color_tracking/build /home/charanpreet/buddy_git/buddy/laptop-software/kinect-image/Color_tracking/build/opencv_test /home/charanpreet/buddy_git/buddy/laptop-software/kinect-image/Color_tracking/build/opencv_test/CMakeFiles/std_msgs_generate_messages_py.dir/DependInfo.cmake --color=
make[2]: Leaving directory `/home/charanpreet/buddy_git/buddy/laptop-software/kinect-image/Color_tracking/build'
/usr/bin/make -f opencv_test/CMakeFiles/std_msgs_generate_messages_py.dir/build.make opencv_test/CMakeFiles/std_msgs_generate_messages_py.dir/build
make[2]: Entering directory `/home/charanpreet/buddy_git/buddy/laptop-software/kinect-image/Color_tracking/build'
make[2]: Nothing to be done for `opencv_test/CMakeFiles/std_msgs_generate_messages_py.dir/build'.
make[2]: Leaving directory `/home/charanpreet/buddy_git/buddy/laptop-software/kinect-image/Color_tracking/build'
/usr/bin/cmake -E cmake_progress_report /home/charanpreet/buddy_git/buddy/laptop-software/kinect-image/Color_tracking/build/CMakeFiles 
[ 20%] Built target std_msgs_generate_messages_py
/usr/bin/make -f opencv_test/CMakeFiles/sensor_msgs_generate_messages_py.dir/build.make opencv_test/CMakeFiles/sensor_msgs_generate_messages_py.dir/depend
make[2]: Entering directory `/home/charanpreet/buddy_git/buddy/laptop-software/kinect-image/Color_tracking/build'
cd /home/charanpreet/buddy_git/buddy/laptop-software/kinect-image/Color_tracking/build && /usr/bin/cmake -E cmake_depends "Unix Makefiles" /home/charanpreet/buddy_git/buddy/laptop-software/kinect-image/Color_tracking/src /home/charanpreet/buddy_git/buddy/laptop-software/kinect-image/Color_tracking/src/opencv_test /home/charanpreet/buddy_git/buddy/laptop-software/kinect-image/Color_tracking/build /home/charanpreet/buddy_git/buddy/laptop-software/kinect-image/Color_tracking/build/opencv_test /home/charanpreet/buddy_git/buddy/laptop-software/kinect-image/Color_tracking/build/opencv_test/CMakeFiles/sensor_msgs_generate_messages_py.dir/DependInfo.cmake --color=
make[2]: Leaving directory `/home/charanpreet/buddy_git/buddy/laptop-software/kinect-image/Color_tracking/build'
/usr/bin/make -f opencv_test/CMakeFiles/sensor_msgs_generate_messages_py.dir/build.make opencv_test/CMakeFiles/sensor_msgs_generate_messages_py.dir/build
make[2]: Entering directory `/home/charanpreet/buddy_git/buddy/laptop-software/kinect-image/Color_tracking/build'
make[2]: Nothing to be done for `opencv_test/CMakeFiles/sensor_msgs_generate_messages_py.dir/build'.
make[2]: Leaving directory `/home/charanpreet/buddy_git/buddy/laptop-software/kinect-image/Color_tracking/build'
/usr/bin/cmake -E cmake_progress_report /home/charanpreet/buddy_git/buddy/laptop-software/kinect-image/Color_tracking/build/CMakeFiles 
[ 20%] Built target sensor_msgs_generate_messages_py
/usr/bin/make -f opencv_test/CMakeFiles/opencv_test_generate_messages_py.dir/build.make opencv_test/CMakeFiles/opencv_test_generate_messages_py.dir/depend
make[2]: Entering directory `/home/charanpreet/buddy_git/buddy/laptop-software/kinect-image/Color_tracking/build'
cd /home/charanpreet/buddy_git/buddy/laptop-software/kinect-image/Color_tracking/build && /usr/bin/cmake -E cmake_depends "Unix Makefiles" /home/charanpreet/buddy_git/buddy/laptop-software/kinect-image/Color_tracking/src /home/charanpreet/buddy_git/buddy/laptop-software/kinect-image/Color_tracking/src/opencv_test /home/charanpreet/buddy_git/buddy/laptop-software/kinect-image/Color_tracking/build /home/charanpreet/buddy_git/buddy/laptop-software/kinect-image/Color_tracking/build/opencv_test /home/charanpreet/buddy_git/buddy/laptop-software/kinect-image/Color_tracking/build/opencv_test/CMakeFiles/opencv_test_generate_messages_py.dir/DependInfo.cmake --color=
make[2]: Leaving directory `/home/charanpreet/buddy_git/buddy/laptop-software/kinect-image/Color_tracking/build'
/usr/bin/make -f opencv_test/CMakeFiles/opencv_test_generate_messages_py.dir/build.make opencv_test/CMakeFiles/opencv_test_generate_messages_py.dir/build
make[2]: Entering directory `/home/charanpreet/buddy_git/buddy/laptop-software/kinect-image/Color_tracking/build'
make[2]: Nothing to be done for `opencv_test/CMakeFiles/opencv_test_generate_messages_py.dir/build'.
make[2]: Leaving directory `/home/charanpreet/buddy_git/buddy/laptop-software/kinect-image/Color_tracking/build'
/usr/bin/cmake -E cmake_progress_report /home/charanpreet/buddy_git/buddy/laptop-software/kinect-image/Color_tracking/build/CMakeFiles  6 7
[ 60%] Built target opencv_test_generate_messages_py
/usr/bin/make -f opencv_test/CMakeFiles/std_msgs_generate_messages_cpp.dir/build.make opencv_test/CMakeFiles/std_msgs_generate_messages_cpp.dir/depend
make[2]: Entering directory `/home/charanpreet/buddy_git/buddy/laptop-software/kinect-image/Color_tracking/build'
cd /home/charanpreet/buddy_git/buddy/laptop-software/kinect-image/Color_tracking/build && /usr/bin/cmake -E cmake_depends "Unix Makefiles" /home/charanpreet/buddy_git/buddy/laptop-software/kinect-image/Color_tracking/src /home/charanpreet/buddy_git/buddy/laptop-software/kinect-image/Color_tracking/src/opencv_test /home/charanpreet/buddy_git/buddy/laptop-software/kinect-image/Color_tracking/build /home/charanpreet/buddy_git/buddy/laptop-software/kinect-image/Color_tracking/build/opencv_test /home/charanpreet/buddy_git/buddy/laptop-software/kinect-image/Color_tracking/build/opencv_test/CMakeFiles/std_msgs_generate_messages_cpp.dir/DependInfo.cmake --color=
make[2]: Leaving directory `/home/charanpreet/buddy_git/buddy/laptop-software/kinect-image/Color_tracking/build'
/usr/bin/make -f opencv_test/CMakeFiles/std_msgs_generate_messages_cpp.dir/build.make opencv_test/CMakeFiles/std_msgs_generate_messages_cpp.dir/build
make[2]: Entering directory `/home/charanpreet/buddy_git/buddy/laptop-software/kinect-image/Color_tracking/build'
make[2]: Nothing to be done for `opencv_test/CMakeFiles/std_msgs_generate_messages_cpp.dir/build'.
make[2]: Leaving directory `/home/charanpreet/buddy_git/buddy/laptop-software/kinect-image/Color_tracking/build'
/usr/bin/cmake -E cmake_progress_report /home/charanpreet/buddy_git/buddy/laptop-software/kinect-image/Color_tracking/build/CMakeFiles 
[ 60%] Built target std_msgs_generate_messages_cpp
/usr/bin/make -f opencv_test/CMakeFiles/sensor_msgs_generate_messages_cpp.dir/build.make opencv_test/CMakeFiles/sensor_msgs_generate_messages_cpp.dir/depend
make[2]: Entering directory `/home/charanpreet/buddy_git/buddy/laptop-software/kinect-image/Color_tracking/build'
cd /home/charanpreet/buddy_git/buddy/laptop-software/kinect-image/Color_tracking/build && /usr/bin/cmake -E cmake_depends "Unix Makefiles" /home/charanpreet/buddy_git/buddy/laptop-software/kinect-image/Color_tracking/src /home/charanpreet/buddy_git/buddy/laptop-software/kinect-image/Color_tracking/src/opencv_test /home/charanpreet/buddy_git/buddy/laptop-software/kinect-image/Color_tracking/build /home/charanpreet/buddy_git/buddy/laptop-software/kinect-image/Color_tracking/build/opencv_test /home/charanpreet/buddy_git/buddy/laptop-software/kinect-image/Color_tracking/build/opencv_test/CMakeFiles/sensor_msgs_generate_messages_cpp.dir/DependInfo.cmake --color=
make[2]: Leaving directory `/home/charanpreet/buddy_git/buddy/laptop-software/kinect-image/Color_tracking/build'
/usr/bin/make -f opencv_test/CMakeFiles/sensor_msgs_generate_messages_cpp.dir/build.make opencv_test/CMakeFiles/sensor_msgs_generate_messages_cpp.dir/build
make[2]: Entering directory `/home/charanpreet/buddy_git/buddy/laptop-software/kinect-image/Color_tracking/build'
make[2]: Nothing to be done for `opencv_test/CMakeFiles/sensor_msgs_generate_messages_cpp.dir/build'.
make[2]: Leaving directory `/home/charanpreet/buddy_git/buddy/laptop-software/kinect-image/Color_tracking/build'
/usr/bin/cmake -E cmake_progress_report /home/charanpreet/buddy_git/buddy/laptop-software/kinect-image/Color_tracking/build/CMakeFiles 
[ 60%] Built target sensor_msgs_generate_messages_cpp
/usr/bin/make -f opencv_test/CMakeFiles/opencv_test_generate_messages_cpp.dir/build.make opencv_test/CMakeFiles/opencv_test_generate_messages_cpp.dir/depend
make[2]: Entering directory `/home/charanpreet/buddy_git/buddy/laptop-software/kinect-image/Color_tracking/build'
cd /home/charanpreet/buddy_git/buddy/laptop-software/kinect-image/Color_tracking/build && /usr/bin/cmake -E cmake_depends "Unix Makefiles" /home/charanpreet/buddy_git/buddy/laptop-software/kinect-image/Color_tracking/src /home/charanpreet/buddy_git/buddy/laptop-software/kinect-image/Color_tracking/src/opencv_test /home/charanpreet/buddy_git/buddy/laptop-software/kinect-image/Color_tracking/build /home/charanpreet/buddy_git/buddy/laptop-software/kinect-image/Color_tracking/build/opencv_test /home/charanpreet/buddy_git/buddy/laptop-software/kinect-image/Color_tracking/build/opencv_test/CMakeFiles/opencv_test_generate_messages_cpp.dir/DependInfo.cmake --color=
make[2]: Leaving directory `/home/charanpreet/buddy_git/buddy/laptop-software/kinect-image/Color_tracking/build'
/usr/bin/make -f opencv_test/CMakeFiles/opencv_test_generate_messages_cpp.dir/build.make opencv_test/CMakeFiles/opencv_test_generate_messages_cpp.dir/build
make[2]: Entering directory `/home/charanpreet/buddy_git/buddy/laptop-software/kinect-image/Color_tracking/build'
make[2]: Nothing to be done for `opencv_test/CMakeFiles/opencv_test_generate_messages_cpp.dir/build'.
make[2]: Leaving directory `/home/charanpreet/buddy_git/buddy/laptop-software/kinect-image/Color_tracking/build'
/usr/bin/cmake -E cmake_progress_report /home/charanpreet/buddy_git/buddy/laptop-software/kinect-image/Color_tracking/build/CMakeFiles  4
[ 80%] Built target opencv_test_generate_messages_cpp
/usr/bin/make -f opencv_test/CMakeFiles/opencv_test_generate_messages.dir/build.make opencv_test/CMakeFiles/opencv_test_generate_messages.dir/depend
make[2]: Entering directory `/home/charanpreet/buddy_git/buddy/laptop-software/kinect-image/Color_tracking/build'
cd /home/charanpreet/buddy_git/buddy/laptop-software/kinect-image/Color_tracking/build && /usr/bin/cmake -E cmake_depends "Unix Makefiles" /home/charanpreet/buddy_git/buddy/laptop-software/kinect-image/Color_tracking/src /home/charanpreet/buddy_git/buddy/laptop-software/kinect-image/Color_tracking/src/opencv_test /home/charanpreet/buddy_git/buddy/laptop-software/kinect-image/Color_tracking/build /home/charanpreet/buddy_git/buddy/laptop-software/kinect-image/Color_tracking/build/opencv_test /home/charanpreet/buddy_git/buddy/laptop-software/kinect-image/Color_tracking/build/opencv_test/CMakeFiles/opencv_test_generate_messages.dir/DependInfo.cmake --color=
make[2]: Leaving directory `/home/charanpreet/buddy_git/buddy/laptop-software/kinect-image/Color_tracking/build'
/usr/bin/make -f opencv_test/CMakeFiles/opencv_test_generate_messages.dir/build.make opencv_test/CMakeFiles/opencv_test_generate_messages.dir/build
make[2]: Entering directory `/home/charanpreet/buddy_git/buddy/laptop-software/kinect-image/Color_tracking/build'
make[2]: Nothing to be done for `opencv_test/CMakeFiles/opencv_test_generate_messages.dir/build'.
make[2]: Leaving directory `/home/charanpreet/buddy_git/buddy/laptop-software/kinect-image/Color_tracking/build'
/usr/bin/cmake -E cmake_progress_report /home/charanpreet/buddy_git/buddy/laptop-software/kinect-image/Color_tracking/build/CMakeFiles 
[ 80%] Built target opencv_test_generate_messages
/usr/bin/make -f opencv_test/CMakeFiles/opencv_test_imageConverter.dir/build.make opencv_test/CMakeFiles/opencv_test_imageConverter.dir/depend
make[2]: Entering directory `/home/charanpreet/buddy_git/buddy/laptop-software/kinect-image/Color_tracking/build'
cd /home/charanpreet/buddy_git/buddy/laptop-software/kinect-image/Color_tracking/build && /usr/bin/cmake -E cmake_depends "Unix Makefiles" /home/charanpreet/buddy_git/buddy/laptop-software/kinect-image/Color_tracking/src /home/charanpreet/buddy_git/buddy/laptop-software/kinect-image/Color_tracking/src/opencv_test /home/charanpreet/buddy_git/buddy/laptop-software/kinect-image/Color_tracking/build /home/charanpreet/buddy_git/buddy/laptop-software/kinect-image/Color_tracking/build/opencv_test /home/charanpreet/buddy_git/buddy/laptop-software/kinect-image/Color_tracking/build/opencv_test/CMakeFiles/opencv_test_imageConverter.dir/DependInfo.cmake --color=
Scanning dependencies of target opencv_test_imageConverter
make[2]: Leaving directory `/home/charanpreet/buddy_git/buddy/laptop-software/kinect-image/Color_tracking/build'
/usr/bin/make -f opencv_test/CMakeFiles/opencv_test_imageConverter.dir/build.make opencv_test/CMakeFiles/opencv_test_imageConverter.dir/build
make[2]: Entering directory `/home/charanpreet/buddy_git/buddy/laptop-software/kinect-image/Color_tracking/build'
/usr/bin/cmake -E cmake_progress_report /home/charanpreet/buddy_git/buddy/laptop-software/kinect-image/Color_tracking/build/CMakeFiles 8
[100%] Building CXX object opencv_test/CMakeFiles/opencv_test_imageConverter.dir/src/image_converter.cpp.o
cd /home/charanpreet/buddy_git/buddy/laptop-software/kinect-image/Color_tracking/build/opencv_test && /usr/bin/c++   -DROS_BUILD_SHARED_LIBS=1 -DROS_PACKAGE_NAME=\"opencv_test\" -DROSCONSOLE_BACKEND_LOG4CXX -I/home/charanpreet/buddy_git/buddy/laptop-software/kinect-image/Color_tracking/devel/include -I/opt/ros/hydro/include -I/opt/ros/hydro/include/opencv    -o CMakeFiles/opencv_test_imageConverter.dir/src/image_converter.cpp.o -c /home/charanpreet/buddy_git/buddy/laptop-software/kinect-image/Color_tracking/src/opencv_test/src/image_converter.cpp
Linking CXX executable /home/charanpreet/buddy_git/buddy/laptop-software/kinect-image/Color_tracking/devel/lib/opencv_test/opencv_test_imageConverter
cd /home/charanpreet/buddy_git/buddy/laptop-software/kinect-image/Color_tracking/build/opencv_test && /usr/bin/cmake -E cmake_link_script CMakeFiles/opencv_test_imageConverter.dir/link.txt --verbose=1
/usr/bin/c++       CMakeFiles/opencv_test_imageConverter.dir/src/image_converter.cpp.o  -o /home/charanpreet/buddy_git/buddy/laptop-software/kinect-image/Color_tracking/devel/lib/opencv_test/opencv_test_imageConverter -rdynamic /opt/ros/hydro/lib/libcv_bridge.so /opt/ros/hydro/lib/libopencv_calib3d.so /opt/ros/hydro/lib/libopencv_contrib.so /opt/ros/hydro/lib/libopencv_core.so /opt/ros/hydro/lib/libopencv_features2d.so /opt/ros/hydro/lib/libopencv_flann.so /opt/ros/hydro/lib/libopencv_gpu.so /opt/ros/hydro/lib/libopencv_highgui.so /opt/ros/hydro/lib/libopencv_imgproc.so /opt/ros/hydro/lib/libopencv_legacy.so /opt/ros/hydro/lib/libopencv_ml.so /opt/ros/hydro/lib/libopencv_nonfree.so /opt/ros/hydro/lib/libopencv_objdetect.so /opt/ros/hydro/lib/libopencv_photo.so /opt/ros/hydro/lib/libopencv_stitching.so /opt/ros/hydro/lib/libopencv_superres.so /opt/ros/hydro/lib/libopencv_video.so /opt/ros/hydro/lib/libopencv_videostab.so /opt/ros/hydro/lib/libimage_transport.so /opt/ros/hydro/lib/libmessage_filters.so -ltinyxml /opt/ros/hydro/lib/libclass_loader.so -lPocoFoundation -ldl /opt/ros/hydro/lib/libroslib.so /opt/ros/hydro/lib/libroscpp.so -lboost_signals-mt -lboost_filesystem-mt /opt/ros/hydro/lib/librosconsole.so /opt/ros/hydro/lib/librosconsole_log4cxx.so /opt/ros/hydro/lib/librosconsole_backend_interface.so -llog4cxx -lboost_regex-mt /opt/ros/hydro/lib/libxmlrpcpp.so /opt/ros/hydro/lib/libroscpp_serialization.so /opt/ros/hydro/lib/librostime.so -lboost_date_time-mt -lboost_system-mt -lboost_thread-mt -lpthread /opt/ros/hydro/lib/libcpp_common.so /opt/ros/hydro/lib/libconsole_bridge.so -Wl,-rpath,/opt/ros/hydro/lib 
CMakeFiles/opencv_test_imageConverter.dir/src/image_converter.cpp.o: In function `main':
make[2]: Leaving directory `/home/charanpreet/buddy_git/buddy/laptop-software/kinect-image/Color_tracking/build'
make[1]: Leaving directory `/home/charanpreet/buddy_git/buddy/laptop-software/kinect-image/Color_tracking/build'
image_converter.cpp:(.text+0x7c): undefined reference to `colorTracker::colorTracker()'
image_converter.cpp:(.text+0xaa): undefined reference to `DepthConverter::DepthConverter(int*, int*)'
image_converter.cpp:(.text+0xc3): undefined reference to `DepthConverter::~DepthConverter()'
image_converter.cpp:(.text+0xd2): undefined reference to `colorTracker::~colorTracker()'
image_converter.cpp:(.text+0x11b): undefined reference to `DepthConverter::~DepthConverter()'
image_converter.cpp:(.text+0x12f): undefined reference to `colorTracker::~colorTracker()'
collect2: ld returned 1 exit status
make[2]: *** [/home/charanpreet/buddy_git/buddy/laptop-software/kinect-image/Color_tracking/devel/lib/opencv_test/opencv_test_imageConverter] Error 1
make[1]: *** [opencv_test/CMakeFiles/opencv_test_imageConverter.dir/all] Error 2
make: *** [all] Error 2
/usr/bin/make all 
/usr/bin/cmake -H/home/charanpreet/buddy_git/buddy/laptop-software/kinect-image/Color_tracking/src -B/home/charanpreet/buddy_git/buddy/laptop-software/kinect-image/Color_tracking/build --check-build-system CMakeFiles/Makefile.cmake 0
/usr/bin/cmake -E cmake_progress_start /home/charanpreet/buddy_git/buddy/laptop-software/kinect-image/Color_tracking/build/CMakeFiles /home/charanpreet/buddy_git/buddy/laptop-software/kinect-image/Color_tracking/build/CMakeFiles/progress.marks
/usr/bin/make -f CMakeFiles/Makefile2 all
make[1]: Entering directory `/home/charanpreet/buddy_git/buddy/laptop-software/kinect-image/Color_tracking/build'
/usr/bin/make -f opencv_test/CMakeFiles/DepthConverter.dir/build.make opencv_test/CMakeFiles/DepthConverter.dir/depend
make[2]: Entering directory `/home/charanpreet/buddy_git/buddy/laptop-software/kinect-image/Color_tracking/build'
cd /home/charanpreet/buddy_git/buddy/laptop-software/kinect-image/Color_tracking/build && /usr/bin/cmake -E cmake_depends "Unix Makefiles" /home/charanpreet/buddy_git/buddy/laptop-software/kinect-image/Color_tracking/src /home/charanpreet/buddy_git/buddy/laptop-software/kinect-image/Color_tracking/src/opencv_test /home/charanpreet/buddy_git/buddy/laptop-software/kinect-image/Color_tracking/build /home/charanpreet/buddy_git/buddy/laptop-software/kinect-image/Color_tracking/build/opencv_test /home/charanpreet/buddy_git/buddy/laptop-software/kinect-image/Color_tracking/build/opencv_test/CMakeFiles/DepthConverter.dir/DependInfo.cmake --color=
make[2]: Leaving directory `/home/charanpreet/buddy_git/buddy/laptop-software/kinect-image/Color_tracking/build'
/usr/bin/make -f opencv_test/CMakeFiles/DepthConverter.dir/build.make opencv_test/CMakeFiles/DepthConverter.dir/build
make[2]: Entering directory `/home/charanpreet/buddy_git/buddy/laptop-software/kinect-image/Color_tracking/build'
make[2]: Nothing to be done for `opencv_test/CMakeFiles/DepthConverter.dir/build'.
make[2]: Leaving directory `/home/charanpreet/buddy_git/buddy/laptop-software/kinect-image/Color_tracking/build'
/usr/bin/cmake -E cmake_progress_report /home/charanpreet/buddy_git/buddy/laptop-software/kinect-image/Color_tracking/build/CMakeFiles  1
[ 14%] Built target DepthConverter
/usr/bin/make -f opencv_test/CMakeFiles/ImageConverter.dir/build.make opencv_test/CMakeFiles/ImageConverter.dir/depend
make[2]: Entering directory `/home/charanpreet/buddy_git/buddy/laptop-software/kinect-image/Color_tracking/build'
cd /home/charanpreet/buddy_git/buddy/laptop-software/kinect-image/Color_tracking/build && /usr/bin/cmake -E cmake_depends "Unix Makefiles" /home/charanpreet/buddy_git/buddy/laptop-software/kinect-image/Color_tracking/src /home/charanpreet/buddy_git/buddy/laptop-software/kinect-image/Color_tracking/src/opencv_test /home/charanpreet/buddy_git/buddy/laptop-software/kinect-image/Color_tracking/build /home/charanpreet/buddy_git/buddy/laptop-software/kinect-image/Color_tracking/build/opencv_test /home/charanpreet/buddy_git/buddy/laptop-software/kinect-image/Color_tracking/build/opencv_test/CMakeFiles/ImageConverter.dir/DependInfo.cmake --color=
make[2]: Leaving directory `/home/charanpreet/buddy_git/buddy/laptop-software/kinect-image/Color_tracking/build'
/usr/bin/make -f opencv_test/CMakeFiles/ImageConverter.dir/build.make opencv_test/CMakeFiles/ImageConverter.dir/build
make[2]: Entering directory `/home/charanpreet/buddy_git/buddy/laptop-software/kinect-image/Color_tracking/build'
make[2]: Nothing to be done for `opencv_test/CMakeFiles/ImageConverter.dir/build'.
make[2]: Leaving directory `/home/charanpreet/buddy_git/buddy/laptop-software/kinect-image/Color_tracking/build'
/usr/bin/cmake -E cmake_progress_report /home/charanpreet/buddy_git/buddy/laptop-software/kinect-image/Color_tracking/build/CMakeFiles  2
[ 28%] Built target ImageConverter
/usr/bin/make -f opencv_test/CMakeFiles/std_msgs_generate_messages_lisp.dir/build.make opencv_test/CMakeFiles/std_msgs_generate_messages_lisp.dir/depend
make[2]: Entering directory `/home/charanpreet/buddy_git/buddy/laptop-software/kinect-image/Color_tracking/build'
cd /home/charanpreet/buddy_git/buddy/laptop-software/kinect-image/Color_tracking/build && /usr/bin/cmake -E cmake_depends "Unix Makefiles" /home/charanpreet/buddy_git/buddy/laptop-software/kinect-image/Color_tracking/src /home/charanpreet/buddy_git/buddy/laptop-software/kinect-image/Color_tracking/src/opencv_test /home/charanpreet/buddy_git/buddy/laptop-software/kinect-image/Color_tracking/build /home/charanpreet/buddy_git/buddy/laptop-software/kinect-image/Color_tracking/build/opencv_test /home/charanpreet/buddy_git/buddy/laptop-software/kinect-image/Color_tracking/build/opencv_test/CMakeFiles/std_msgs_generate_messages_lisp.dir/DependInfo.cmake --color=
make[2]: Leaving directory `/home/charanpreet/buddy_git/buddy/laptop-software/kinect-image/Color_tracking/build'
/usr/bin/make -f opencv_test/CMakeFiles/std_msgs_generate_messages_lisp.dir/build.make opencv_test/CMakeFiles/std_msgs_generate_messages_lisp.dir/build
CMakeFiles/opencv_test_imageConverter.dir/src/image_converter.cpp.o: In function `main':
image_converter.cpp:(.text+0x7c): undefined reference to `colorTracker::colorTracker()'
make[2]: Entering directory `/home/charanpreet/buddy_git/buddy/laptop-software/kinect-image/Color_tracking/build'
image_converter.cpp:(.text+0xaa): undefined reference to `DepthConverter::DepthConverter(int*, int*)'
make[2]: Nothing to be done for `opencv_test/CMakeFiles/std_msgs_generate_messages_lisp.dir/build'.
make[2]: Leaving directory `/home/charanpreet/buddy_git/buddy/laptop-software/kinect-image/Color_tracking/build'
/usr/bin/cmake -E cmake_progress_report /home/charanpreet/buddy_git/buddy/laptop-software/kinect-image/Color_tracking/build/CMakeFiles 
image_converter.cpp:(.text+0xc3): undefined reference to `DepthConverter::~DepthConverter()'
image_converter.cpp:(.text+0xd2): undefined reference to `colorTracker::~colorTracker()'
image_converter.cpp:(.text+0x11b): undefined reference to `DepthConverter::~DepthConverter()'
image_converter.cpp:(.text+0x12f): undefined reference to `colorTracker::~colorTracker()'
collect2: ld returned 1 exit status
[ 28%] Built target std_msgs_generate_messages_lisp
/usr/bin/make -f opencv_test/CMakeFiles/sensor_msgs_generate_messages_lisp.dir/build.make opencv_test/CMakeFiles/sensor_msgs_generate_messages_lisp.dir/depend
make[2]: *** [/home/charanpreet/buddy_git/buddy/laptop-software/kinect-image/Color_tracking/devel/lib/opencv_test/opencv_test_imageConverter] Error 1
make[1]: *** [opencv_test/CMakeFiles/opencv_test_imageConverter.dir/all] Error 2
make: *** [all] Error 2
make[2]: Entering directory `/home/charanpreet/buddy_git/buddy/laptop-software/kinect-image/Color_tracking/build'
cd /home/charanpreet/buddy_git/buddy/laptop-software/kinect-image/Color_tracking/build && /usr/bin/cmake -E cmake_depends "Unix Makefiles" /home/charanpreet/buddy_git/buddy/laptop-software/kinect-image/Color_tracking/src /home/charanpreet/buddy_git/buddy/laptop-software/kinect-image/Color_tracking/src/opencv_test /home/charanpreet/buddy_git/buddy/laptop-software/kinect-image/Color_tracking/build /home/charanpreet/buddy_git/buddy/laptop-software/kinect-image/Color_tracking/build/opencv_test /home/charanpreet/buddy_git/buddy/laptop-software/kinect-image/Color_tracking/build/opencv_test/CMakeFiles/sensor_msgs_generate_messages_lisp.dir/DependInfo.cmake --color=
make[2]: Leaving directory `/home/charanpreet/buddy_git/buddy/laptop-software/kinect-image/Color_tracking/build'
/usr/bin/make -f opencv_test/CMakeFiles/sensor_msgs_generate_messages_lisp.dir/build.make opencv_test/CMakeFiles/sensor_msgs_generate_messages_lisp.dir/build
make[2]: Entering directory `/home/charanpreet/buddy_git/buddy/laptop-software/kinect-image/Color_tracking/build'
make[2]: Nothing to be done for `opencv_test/CMakeFiles/sensor_msgs_generate_messages_lisp.dir/build'.
make[2]: Leaving directory `/home/charanpreet/buddy_git/buddy/laptop-software/kinect-image/Color_tracking/build'
/usr/bin/cmake -E cmake_progress_report /home/charanpreet/buddy_git/buddy/laptop-software/kinect-image/Color_tracking/build/CMakeFiles 
[ 28%] Built target sensor_msgs_generate_messages_lisp
/usr/bin/make -f opencv_test/CMakeFiles/opencv_test_generate_messages_lisp.dir/build.make opencv_test/CMakeFiles/opencv_test_generate_messages_lisp.dir/depend
make[2]: Entering directory `/home/charanpreet/buddy_git/buddy/laptop-software/kinect-image/Color_tracking/build'
cd /home/charanpreet/buddy_git/buddy/laptop-software/kinect-image/Color_tracking/build && /usr/bin/cmake -E cmake_depends "Unix Makefiles" /home/charanpreet/buddy_git/buddy/laptop-software/kinect-image/Color_tracking/src /home/charanpreet/buddy_git/buddy/laptop-software/kinect-image/Color_tracking/src/opencv_test /home/charanpreet/buddy_git/buddy/laptop-software/kinect-image/Color_tracking/build /home/charanpreet/buddy_git/buddy/laptop-software/kinect-image/Color_tracking/build/opencv_test /home/charanpreet/buddy_git/buddy/laptop-software/kinect-image/Color_tracking/build/opencv_test/CMakeFiles/opencv_test_generate_messages_lisp.dir/DependInfo.cmake --color=
make[2]: Leaving directory `/home/charanpreet/buddy_git/buddy/laptop-software/kinect-image/Color_tracking/build'
/usr/bin/make -f opencv_test/CMakeFiles/opencv_test_generate_messages_lisp.dir/build.make opencv_test/CMakeFiles/opencv_test_generate_messages_lisp.dir/build
make[2]: Entering directory `/home/charanpreet/buddy_git/buddy/laptop-software/kinect-image/Color_tracking/build'
make[2]: Nothing to be done for `opencv_test/CMakeFiles/opencv_test_generate_messages_lisp.dir/build'.
make[2]: Leaving directory `/home/charanpreet/buddy_git/buddy/laptop-software/kinect-image/Color_tracking/build'
/usr/bin/cmake -E cmake_progress_report /home/charanpreet/buddy_git/buddy/laptop-software/kinect-image/Color_tracking/build/CMakeFiles  7
[ 42%] Built target opencv_test_generate_messages_lisp
/usr/bin/make -f opencv_test/CMakeFiles/sensor_msgs_generate_messages_cpp.dir/build.make opencv_test/CMakeFiles/sensor_msgs_generate_messages_cpp.dir/depend
make[2]: Entering directory `/home/charanpreet/buddy_git/buddy/laptop-software/kinect-image/Color_tracking/build'
cd /home/charanpreet/buddy_git/buddy/laptop-software/kinect-image/Color_tracking/build && /usr/bin/cmake -E cmake_depends "Unix Makefiles" /home/charanpreet/buddy_git/buddy/laptop-software/kinect-image/Color_tracking/src /home/charanpreet/buddy_git/buddy/laptop-software/kinect-image/Color_tracking/src/opencv_test /home/charanpreet/buddy_git/buddy/laptop-software/kinect-image/Color_tracking/build /home/charanpreet/buddy_git/buddy/laptop-software/kinect-image/Color_tracking/build/opencv_test /home/charanpreet/buddy_git/buddy/laptop-software/kinect-image/Color_tracking/build/opencv_test/CMakeFiles/sensor_msgs_generate_messages_cpp.dir/DependInfo.cmake --color=
make[2]: Leaving directory `/home/charanpreet/buddy_git/buddy/laptop-software/kinect-image/Color_tracking/build'
/usr/bin/make -f opencv_test/CMakeFiles/sensor_msgs_generate_messages_cpp.dir/build.make opencv_test/CMakeFiles/sensor_msgs_generate_messages_cpp.dir/build
make[2]: Entering directory `/home/charanpreet/buddy_git/buddy/laptop-software/kinect-image/Color_tracking/build'
make[2]: Nothing to be done for `opencv_test/CMakeFiles/sensor_msgs_generate_messages_cpp.dir/build'.
make[2]: Leaving directory `/home/charanpreet/buddy_git/buddy/laptop-software/kinect-image/Color_tracking/build'
/usr/bin/cmake -E cmake_progress_report /home/charanpreet/buddy_git/buddy/laptop-software/kinect-image/Color_tracking/build/CMakeFiles 
[ 42%] Built target sensor_msgs_generate_messages_cpp
/usr/bin/make -f opencv_test/CMakeFiles/std_msgs_generate_messages_cpp.dir/build.make opencv_test/CMakeFiles/std_msgs_generate_messages_cpp.dir/depend
make[2]: Entering directory `/home/charanpreet/buddy_git/buddy/laptop-software/kinect-image/Color_tracking/build'
cd /home/charanpreet/buddy_git/buddy/laptop-software/kinect-image/Color_tracking/build && /usr/bin/cmake -E cmake_depends "Unix Makefiles" /home/charanpreet/buddy_git/buddy/laptop-software/kinect-image/Color_tracking/src /home/charanpreet/buddy_git/buddy/laptop-software/kinect-image/Color_tracking/src/opencv_test /home/charanpreet/buddy_git/buddy/laptop-software/kinect-image/Color_tracking/build /home/charanpreet/buddy_git/buddy/laptop-software/kinect-image/Color_tracking/build/opencv_test /home/charanpreet/buddy_git/buddy/laptop-software/kinect-image/Color_tracking/build/opencv_test/CMakeFiles/std_msgs_generate_messages_cpp.dir/DependInfo.cmake --color=
make[2]: Leaving directory `/home/charanpreet/buddy_git/buddy/laptop-software/kinect-image/Color_tracking/build'
/usr/bin/make -f opencv_test/CMakeFiles/std_msgs_generate_messages_cpp.dir/build.make opencv_test/CMakeFiles/std_msgs_generate_messages_cpp.dir/build
make[2]: Entering directory `/home/charanpreet/buddy_git/buddy/laptop-software/kinect-image/Color_tracking/build'
make[2]: Nothing to be done for `opencv_test/CMakeFiles/std_msgs_generate_messages_cpp.dir/build'.
make[2]: Leaving directory `/home/charanpreet/buddy_git/buddy/laptop-software/kinect-image/Color_tracking/build'
/usr/bin/cmake -E cmake_progress_report /home/charanpreet/buddy_git/buddy/laptop-software/kinect-image/Color_tracking/build/CMakeFiles 
[ 42%] Built target std_msgs_generate_messages_cpp
/usr/bin/make -f opencv_test/CMakeFiles/opencv_test_generate_messages_cpp.dir/build.make opencv_test/CMakeFiles/opencv_test_generate_messages_cpp.dir/depend
make[2]: Entering directory `/home/charanpreet/buddy_git/buddy/laptop-software/kinect-image/Color_tracking/build'
cd /home/charanpreet/buddy_git/buddy/laptop-software/kinect-image/Color_tracking/build && /usr/bin/cmake -E cmake_depends "Unix Makefiles" /home/charanpreet/buddy_git/buddy/laptop-software/kinect-image/Color_tracking/src /home/charanpreet/buddy_git/buddy/laptop-software/kinect-image/Color_tracking/src/opencv_test /home/charanpreet/buddy_git/buddy/laptop-software/kinect-image/Color_tracking/build /home/charanpreet/buddy_git/buddy/laptop-software/kinect-image/Color_tracking/build/opencv_test /home/charanpreet/buddy_git/buddy/laptop-software/kinect-image/Color_tracking/build/opencv_test/CMakeFiles/opencv_test_generate_messages_cpp.dir/DependInfo.cmake --color=
make[2]: Leaving directory `/home/charanpreet/buddy_git/buddy/laptop-software/kinect-image/Color_tracking/build'
/usr/bin/make -f opencv_test/CMakeFiles/opencv_test_generate_messages_cpp.dir/build.make opencv_test/CMakeFiles/opencv_test_generate_messages_cpp.dir/build
make[2]: Entering directory `/home/charanpreet/buddy_git/buddy/laptop-software/kinect-image/Color_tracking/build'
make[2]: Nothing to be done for `opencv_test/CMakeFiles/opencv_test_generate_messages_cpp.dir/build'.
make[2]: Leaving directory `/home/charanpreet/buddy_git/buddy/laptop-software/kinect-image/Color_tracking/build'
/usr/bin/cmake -E cmake_progress_report /home/charanpreet/buddy_git/buddy/laptop-software/kinect-image/Color_tracking/build/CMakeFiles  6
[ 57%] Built target opencv_test_generate_messages_cpp
/usr/bin/make -f opencv_test/CMakeFiles/std_msgs_generate_messages_py.dir/build.make opencv_test/CMakeFiles/std_msgs_generate_messages_py.dir/depend
make[2]: Entering directory `/home/charanpreet/buddy_git/buddy/laptop-software/kinect-image/Color_tracking/build'
cd /home/charanpreet/buddy_git/buddy/laptop-software/kinect-image/Color_tracking/build && /usr/bin/cmake -E cmake_depends "Unix Makefiles" /home/charanpreet/buddy_git/buddy/laptop-software/kinect-image/Color_tracking/src /home/charanpreet/buddy_git/buddy/laptop-software/kinect-image/Color_tracking/src/opencv_test /home/charanpreet/buddy_git/buddy/laptop-software/kinect-image/Color_tracking/build /home/charanpreet/buddy_git/buddy/laptop-software/kinect-image/Color_tracking/build/opencv_test /home/charanpreet/buddy_git/buddy/laptop-software/kinect-image/Color_tracking/build/opencv_test/CMakeFiles/std_msgs_generate_messages_py.dir/DependInfo.cmake --color=
make[2]: Leaving directory `/home/charanpreet/buddy_git/buddy/laptop-software/kinect-image/Color_tracking/build'
/usr/bin/make -f opencv_test/CMakeFiles/std_msgs_generate_messages_py.dir/build.make opencv_test/CMakeFiles/std_msgs_generate_messages_py.dir/build
make[2]: Entering directory `/home/charanpreet/buddy_git/buddy/laptop-software/kinect-image/Color_tracking/build'
make[2]: Nothing to be done for `opencv_test/CMakeFiles/std_msgs_generate_messages_py.dir/build'.
make[2]: Leaving directory `/home/charanpreet/buddy_git/buddy/laptop-software/kinect-image/Color_tracking/build'
/usr/bin/cmake -E cmake_progress_report /home/charanpreet/buddy_git/buddy/laptop-software/kinect-image/Color_tracking/build/CMakeFiles 
[ 57%] Built target std_msgs_generate_messages_py
/usr/bin/make -f opencv_test/CMakeFiles/sensor_msgs_generate_messages_py.dir/build.make opencv_test/CMakeFiles/sensor_msgs_generate_messages_py.dir/depend
make[2]: Entering directory `/home/charanpreet/buddy_git/buddy/laptop-software/kinect-image/Color_tracking/build'
cd /home/charanpreet/buddy_git/buddy/laptop-software/kinect-image/Color_tracking/build && /usr/bin/cmake -E cmake_depends "Unix Makefiles" /home/charanpreet/buddy_git/buddy/laptop-software/kinect-image/Color_tracking/src /home/charanpreet/buddy_git/buddy/laptop-software/kinect-image/Color_tracking/src/opencv_test /home/charanpreet/buddy_git/buddy/laptop-software/kinect-image/Color_tracking/build /home/charanpreet/buddy_git/buddy/laptop-software/kinect-image/Color_tracking/build/opencv_test /home/charanpreet/buddy_git/buddy/laptop-software/kinect-image/Color_tracking/build/opencv_test/CMakeFiles/sensor_msgs_generate_messages_py.dir/DependInfo.cmake --color=
make[2]: Leaving directory `/home/charanpreet/buddy_git/buddy/laptop-software/kinect-image/Color_tracking/build'
/usr/bin/make -f opencv_test/CMakeFiles/sensor_msgs_generate_messages_py.dir/build.make opencv_test/CMakeFiles/sensor_msgs_generate_messages_py.dir/build
make[2]: Entering directory `/home/charanpreet/buddy_git/buddy/laptop-software/kinect-image/Color_tracking/build'
make[2]: Nothing to be done for `opencv_test/CMakeFiles/sensor_msgs_generate_messages_py.dir/build'.
make[2]: Leaving directory `/home/charanpreet/buddy_git/buddy/laptop-software/kinect-image/Color_tracking/build'
/usr/bin/cmake -E cmake_progress_report /home/charanpreet/buddy_git/buddy/laptop-software/kinect-image/Color_tracking/build/CMakeFiles 
[ 57%] Built target sensor_msgs_generate_messages_py
/usr/bin/make -f opencv_test/CMakeFiles/opencv_test_generate_messages_py.dir/build.make opencv_test/CMakeFiles/opencv_test_generate_messages_py.dir/depend
make[2]: Entering directory `/home/charanpreet/buddy_git/buddy/laptop-software/kinect-image/Color_tracking/build'
cd /home/charanpreet/buddy_git/buddy/laptop-software/kinect-image/Color_tracking/build && /usr/bin/cmake -E cmake_depends "Unix Makefiles" /home/charanpreet/buddy_git/buddy/laptop-software/kinect-image/Color_tracking/src /home/charanpreet/buddy_git/buddy/laptop-software/kinect-image/Color_tracking/src/opencv_test /home/charanpreet/buddy_git/buddy/laptop-software/kinect-image/Color_tracking/build /home/charanpreet/buddy_git/buddy/laptop-software/kinect-image/Color_tracking/build/opencv_test /home/charanpreet/buddy_git/buddy/laptop-software/kinect-image/Color_tracking/build/opencv_test/CMakeFiles/opencv_test_generate_messages_py.dir/DependInfo.cmake --color=
make[2]: Leaving directory `/home/charanpreet/buddy_git/buddy/laptop-software/kinect-image/Color_tracking/build'
/usr/bin/make -f opencv_test/CMakeFiles/opencv_test_generate_messages_py.dir/build.make opencv_test/CMakeFiles/opencv_test_generate_messages_py.dir/build
make[2]: Entering directory `/home/charanpreet/buddy_git/buddy/laptop-software/kinect-image/Color_tracking/build'
make[2]: Nothing to be done for `opencv_test/CMakeFiles/opencv_test_generate_messages_py.dir/build'.
make[2]: Leaving directory `/home/charanpreet/buddy_git/buddy/laptop-software/kinect-image/Color_tracking/build'
/usr/bin/cmake -E cmake_progress_report /home/charanpreet/buddy_git/buddy/laptop-software/kinect-image/Color_tracking/build/CMakeFiles  8 9
[ 85%] Built target opencv_test_generate_messages_py
/usr/bin/make -f opencv_test/CMakeFiles/opencv_test_generate_messages.dir/build.make opencv_test/CMakeFiles/opencv_test_generate_messages.dir/depend
make[2]: Entering directory `/home/charanpreet/buddy_git/buddy/laptop-software/kinect-image/Color_tracking/build'
cd /home/charanpreet/buddy_git/buddy/laptop-software/kinect-image/Color_tracking/build && /usr/bin/cmake -E cmake_depends "Unix Makefiles" /home/charanpreet/buddy_git/buddy/laptop-software/kinect-image/Color_tracking/src /home/charanpreet/buddy_git/buddy/laptop-software/kinect-image/Color_tracking/src/opencv_test /home/charanpreet/buddy_git/buddy/laptop-software/kinect-image/Color_tracking/build /home/charanpreet/buddy_git/buddy/laptop-software/kinect-image/Color_tracking/build/opencv_test /home/charanpreet/buddy_git/buddy/laptop-software/kinect-image/Color_tracking/build/opencv_test/CMakeFiles/opencv_test_generate_messages.dir/DependInfo.cmake --color=
make[2]: Leaving directory `/home/charanpreet/buddy_git/buddy/laptop-software/kinect-image/Color_tracking/build'
/usr/bin/make -f opencv_test/CMakeFiles/opencv_test_generate_messages.dir/build.make opencv_test/CMakeFiles/opencv_test_generate_messages.dir/build
make[2]: Entering directory `/home/charanpreet/buddy_git/buddy/laptop-software/kinect-image/Color_tracking/build'
make[2]: Nothing to be done for `opencv_test/CMakeFiles/opencv_test_generate_messages.dir/build'.
make[2]: Leaving directory `/home/charanpreet/buddy_git/buddy/laptop-software/kinect-image/Color_tracking/build'
/usr/bin/cmake -E cmake_progress_report /home/charanpreet/buddy_git/buddy/laptop-software/kinect-image/Color_tracking/build/CMakeFiles 
[ 85%] Built target opencv_test_generate_messages
/usr/bin/make -f opencv_test/CMakeFiles/opencv_test_imageConverter.dir/build.make opencv_test/CMakeFiles/opencv_test_imageConverter.dir/depend
make[2]: Entering directory `/home/charanpreet/buddy_git/buddy/laptop-software/kinect-image/Color_tracking/build'
cd /home/charanpreet/buddy_git/buddy/laptop-software/kinect-image/Color_tracking/build && /usr/bin/cmake -E cmake_depends "Unix Makefiles" /home/charanpreet/buddy_git/buddy/laptop-software/kinect-image/Color_tracking/src /home/charanpreet/buddy_git/buddy/laptop-software/kinect-image/Color_tracking/src/opencv_test /home/charanpreet/buddy_git/buddy/laptop-software/kinect-image/Color_tracking/build /home/charanpreet/buddy_git/buddy/laptop-software/kinect-image/Color_tracking/build/opencv_test /home/charanpreet/buddy_git/buddy/laptop-software/kinect-image/Color_tracking/build/opencv_test/CMakeFiles/opencv_test_imageConverter.dir/DependInfo.cmake --color=
make[2]: Leaving directory `/home/charanpreet/buddy_git/buddy/laptop-software/kinect-image/Color_tracking/build'
/usr/bin/make -f opencv_test/CMakeFiles/opencv_test_imageConverter.dir/build.make opencv_test/CMakeFiles/opencv_test_imageConverter.dir/build
make[2]: Entering directory `/home/charanpreet/buddy_git/buddy/laptop-software/kinect-image/Color_tracking/build'
Linking CXX executable /home/charanpreet/buddy_git/buddy/laptop-software/kinect-image/Color_tracking/devel/lib/opencv_test/opencv_test_imageConverter
cd /home/charanpreet/buddy_git/buddy/laptop-software/kinect-image/Color_tracking/build/opencv_test && /usr/bin/cmake -E cmake_link_script CMakeFiles/opencv_test_imageConverter.dir/link.txt --verbose=1
/usr/bin/c++       CMakeFiles/opencv_test_imageConverter.dir/src/image_converter.cpp.o  -o /home/charanpreet/buddy_git/buddy/laptop-software/kinect-image/Color_tracking/devel/lib/opencv_test/opencv_test_imageConverter -rdynamic /opt/ros/hydro/lib/libcv_bridge.so /opt/ros/hydro/lib/libopencv_calib3d.so /opt/ros/hydro/lib/libopencv_contrib.so /opt/ros/hydro/lib/libopencv_core.so /opt/ros/hydro/lib/libopencv_features2d.so /opt/ros/hydro/lib/libopencv_flann.so /opt/ros/hydro/lib/libopencv_gpu.so /opt/ros/hydro/lib/libopencv_highgui.so /opt/ros/hydro/lib/libopencv_imgproc.so /opt/ros/hydro/lib/libopencv_legacy.so /opt/ros/hydro/lib/libopencv_ml.so /opt/ros/hydro/lib/libopencv_nonfree.so /opt/ros/hydro/lib/libopencv_objdetect.so /opt/ros/hydro/lib/libopencv_photo.so /opt/ros/hydro/lib/libopencv_stitching.so /opt/ros/hydro/lib/libopencv_superres.so /opt/ros/hydro/lib/libopencv_video.so /opt/ros/hydro/lib/libopencv_videostab.so /opt/ros/hydro/lib/libimage_transport.so /opt/ros/hydro/lib/libmessage_filters.so -ltinyxml /opt/ros/hydro/lib/libclass_loader.so -lPocoFoundation -ldl /opt/ros/hydro/lib/libroslib.so /opt/ros/hydro/lib/libroscpp.so -lboost_signals-mt -lboost_filesystem-mt /opt/ros/hydro/lib/librosconsole.so /opt/ros/hydro/lib/librosconsole_log4cxx.so /opt/ros/hydro/lib/librosconsole_backend_interface.so -llog4cxx -lboost_regex-mt /opt/ros/hydro/lib/libxmlrpcpp.so /opt/ros/hydro/lib/libroscpp_serialization.so /opt/ros/hydro/lib/librostime.so -lboost_date_time-mt -lboost_system-mt -lboost_thread-mt -lpthread /opt/ros/hydro/lib/libcpp_common.so /opt/ros/hydro/lib/libconsole_bridge.so -Wl,-rpath,/opt/ros/hydro/lib 
make[2]: Leaving directory `/home/charanpreet/buddy_git/buddy/laptop-software/kinect-image/Color_tracking/build'
make[1]: Leaving directory `/home/charanpreet/buddy_git/buddy/laptop-software/kinect-image/Color_tracking/build'
/usr/bin/make clean 
/usr/bin/make -f CMakeFiles/Makefile2 clean
make[1]: Entering directory `/home/charanpreet/buddy_git/buddy/laptop-software/kinect-image/Color_tracking/build'
/usr/bin/make -f CMakeFiles/clean_test_results.dir/build.make CMakeFiles/clean_test_results.dir/clean
make[2]: Entering directory `/home/charanpreet/buddy_git/buddy/laptop-software/kinect-image/Color_tracking/build'
/usr/bin/cmake -P CMakeFiles/clean_test_results.dir/cmake_clean.cmake
make[2]: Leaving directory `/home/charanpreet/buddy_git/buddy/laptop-software/kinect-image/Color_tracking/build'
/usr/bin/make -f CMakeFiles/doxygen.dir/build.make CMakeFiles/doxygen.dir/clean
make[2]: Entering directory `/home/charanpreet/buddy_git/buddy/laptop-software/kinect-image/Color_tracking/build'
/usr/bin/cmake -P CMakeFiles/doxygen.dir/cmake_clean.cmake
make[2]: Leaving directory `/home/charanpreet/buddy_git/buddy/laptop-software/kinect-image/Color_tracking/build'
/usr/bin/make -f CMakeFiles/run_tests.dir/build.make CMakeFiles/run_tests.dir/clean
make[2]: Entering directory `/home/charanpreet/buddy_git/buddy/laptop-software/kinect-image/Color_tracking/build'
/usr/bin/cmake -P CMakeFiles/run_tests.dir/cmake_clean.cmake
make[2]: Leaving directory `/home/charanpreet/buddy_git/buddy/laptop-software/kinect-image/Color_tracking/build'
/usr/bin/make -f CMakeFiles/tests.dir/build.make CMakeFiles/tests.dir/clean
make[2]: Entering directory `/home/charanpreet/buddy_git/buddy/laptop-software/kinect-image/Color_tracking/build'
/usr/bin/cmake -P CMakeFiles/tests.dir/cmake_clean.cmake
make[2]: Leaving directory `/home/charanpreet/buddy_git/buddy/laptop-software/kinect-image/Color_tracking/build'
/usr/bin/make -f gtest/CMakeFiles/gtest.dir/build.make gtest/CMakeFiles/gtest.dir/clean
make[2]: Entering directory `/home/charanpreet/buddy_git/buddy/laptop-software/kinect-image/Color_tracking/build'
cd /home/charanpreet/buddy_git/buddy/laptop-software/kinect-image/Color_tracking/build/gtest && /usr/bin/cmake -P CMakeFiles/gtest.dir/cmake_clean.cmake
make[2]: Leaving directory `/home/charanpreet/buddy_git/buddy/laptop-software/kinect-image/Color_tracking/build'
/usr/bin/make -f gtest/CMakeFiles/gtest_main.dir/build.make gtest/CMakeFiles/gtest_main.dir/clean
make[2]: Entering directory `/home/charanpreet/buddy_git/buddy/laptop-software/kinect-image/Color_tracking/build'
cd /home/charanpreet/buddy_git/buddy/laptop-software/kinect-image/Color_tracking/build/gtest && /usr/bin/cmake -P CMakeFiles/gtest_main.dir/cmake_clean.cmake
make[2]: Leaving directory `/home/charanpreet/buddy_git/buddy/laptop-software/kinect-image/Color_tracking/build'
/usr/bin/make -f opencv_test/CMakeFiles/DepthConverter.dir/build.make opencv_test/CMakeFiles/DepthConverter.dir/clean
make[2]: Entering directory `/home/charanpreet/buddy_git/buddy/laptop-software/kinect-image/Color_tracking/build'
cd /home/charanpreet/buddy_git/buddy/laptop-software/kinect-image/Color_tracking/build/opencv_test && /usr/bin/cmake -P CMakeFiles/DepthConverter.dir/cmake_clean.cmake
make[2]: Leaving directory `/home/charanpreet/buddy_git/buddy/laptop-software/kinect-image/Color_tracking/build'
/usr/bin/make -f opencv_test/CMakeFiles/ImageConverter.dir/build.make opencv_test/CMakeFiles/ImageConverter.dir/clean
make[2]: Entering directory `/home/charanpreet/buddy_git/buddy/laptop-software/kinect-image/Color_tracking/build'
cd /home/charanpreet/buddy_git/buddy/laptop-software/kinect-image/Color_tracking/build/opencv_test && /usr/bin/cmake -P CMakeFiles/ImageConverter.dir/cmake_clean.cmake
make[2]: Leaving directory `/home/charanpreet/buddy_git/buddy/laptop-software/kinect-image/Color_tracking/build'
/usr/bin/make -f opencv_test/CMakeFiles/geometry_msgs_generate_messages_cpp.dir/build.make opencv_test/CMakeFiles/geometry_msgs_generate_messages_cpp.dir/clean
make[2]: Entering directory `/home/charanpreet/buddy_git/buddy/laptop-software/kinect-image/Color_tracking/build'
cd /home/charanpreet/buddy_git/buddy/laptop-software/kinect-image/Color_tracking/build/opencv_test && /usr/bin/cmake -P CMakeFiles/geometry_msgs_generate_messages_cpp.dir/cmake_clean.cmake
make[2]: Leaving directory `/home/charanpreet/buddy_git/buddy/laptop-software/kinect-image/Color_tracking/build'
/usr/bin/make -f opencv_test/CMakeFiles/geometry_msgs_generate_messages_lisp.dir/build.make opencv_test/CMakeFiles/geometry_msgs_generate_messages_lisp.dir/clean
make[2]: Entering directory `/home/charanpreet/buddy_git/buddy/laptop-software/kinect-image/Color_tracking/build'
cd /home/charanpreet/buddy_git/buddy/laptop-software/kinect-image/Color_tracking/build/opencv_test && /usr/bin/cmake -P CMakeFiles/geometry_msgs_generate_messages_lisp.dir/cmake_clean.cmake
make[2]: Leaving directory `/home/charanpreet/buddy_git/buddy/laptop-software/kinect-image/Color_tracking/build'
/usr/bin/make -f opencv_test/CMakeFiles/geometry_msgs_generate_messages_py.dir/build.make opencv_test/CMakeFiles/geometry_msgs_generate_messages_py.dir/clean
make[2]: Entering directory `/home/charanpreet/buddy_git/buddy/laptop-software/kinect-image/Color_tracking/build'
cd /home/charanpreet/buddy_git/buddy/laptop-software/kinect-image/Color_tracking/build/opencv_test && /usr/bin/cmake -P CMakeFiles/geometry_msgs_generate_messages_py.dir/cmake_clean.cmake
make[2]: Leaving directory `/home/charanpreet/buddy_git/buddy/laptop-software/kinect-image/Color_tracking/build'
/usr/bin/make -f opencv_test/CMakeFiles/opencv_test_gencpp.dir/build.make opencv_test/CMakeFiles/opencv_test_gencpp.dir/clean
make[2]: Entering directory `/home/charanpreet/buddy_git/buddy/laptop-software/kinect-image/Color_tracking/build'
cd /home/charanpreet/buddy_git/buddy/laptop-software/kinect-image/Color_tracking/build/opencv_test && /usr/bin/cmake -P CMakeFiles/opencv_test_gencpp.dir/cmake_clean.cmake
make[2]: Leaving directory `/home/charanpreet/buddy_git/buddy/laptop-software/kinect-image/Color_tracking/build'
/usr/bin/make -f opencv_test/CMakeFiles/opencv_test_generate_messages.dir/build.make opencv_test/CMakeFiles/opencv_test_generate_messages.dir/clean
make[2]: Entering directory `/home/charanpreet/buddy_git/buddy/laptop-software/kinect-image/Color_tracking/build'
cd /home/charanpreet/buddy_git/buddy/laptop-software/kinect-image/Color_tracking/build/opencv_test && /usr/bin/cmake -P CMakeFiles/opencv_test_generate_messages.dir/cmake_clean.cmake
make[2]: Leaving directory `/home/charanpreet/buddy_git/buddy/laptop-software/kinect-image/Color_tracking/build'
/usr/bin/make -f opencv_test/CMakeFiles/opencv_test_generate_messages_cpp.dir/build.make opencv_test/CMakeFiles/opencv_test_generate_messages_cpp.dir/clean
make[2]: Entering directory `/home/charanpreet/buddy_git/buddy/laptop-software/kinect-image/Color_tracking/build'
cd /home/charanpreet/buddy_git/buddy/laptop-software/kinect-image/Color_tracking/build/opencv_test && /usr/bin/cmake -P CMakeFiles/opencv_test_generate_messages_cpp.dir/cmake_clean.cmake
make[2]: Leaving directory `/home/charanpreet/buddy_git/buddy/laptop-software/kinect-image/Color_tracking/build'
/usr/bin/make -f opencv_test/CMakeFiles/opencv_test_generate_messages_lisp.dir/build.make opencv_test/CMakeFiles/opencv_test_generate_messages_lisp.dir/clean
make[2]: Entering directory `/home/charanpreet/buddy_git/buddy/laptop-software/kinect-image/Color_tracking/build'
cd /home/charanpreet/buddy_git/buddy/laptop-software/kinect-image/Color_tracking/build/opencv_test && /usr/bin/cmake -P CMakeFiles/opencv_test_generate_messages_lisp.dir/cmake_clean.cmake
make[2]: Leaving directory `/home/charanpreet/buddy_git/buddy/laptop-software/kinect-image/Color_tracking/build'
/usr/bin/make -f opencv_test/CMakeFiles/opencv_test_generate_messages_py.dir/build.make opencv_test/CMakeFiles/opencv_test_generate_messages_py.dir/clean
make[2]: Entering directory `/home/charanpreet/buddy_git/buddy/laptop-software/kinect-image/Color_tracking/build'
cd /home/charanpreet/buddy_git/buddy/laptop-software/kinect-image/Color_tracking/build/opencv_test && /usr/bin/cmake -P CMakeFiles/opencv_test_generate_messages_py.dir/cmake_clean.cmake
make[2]: Leaving directory `/home/charanpreet/buddy_git/buddy/laptop-software/kinect-image/Color_tracking/build'
/usr/bin/make -f opencv_test/CMakeFiles/opencv_test_genlisp.dir/build.make opencv_test/CMakeFiles/opencv_test_genlisp.dir/clean
make[2]: Entering directory `/home/charanpreet/buddy_git/buddy/laptop-software/kinect-image/Color_tracking/build'
cd /home/charanpreet/buddy_git/buddy/laptop-software/kinect-image/Color_tracking/build/opencv_test && /usr/bin/cmake -P CMakeFiles/opencv_test_genlisp.dir/cmake_clean.cmake
make[2]: Leaving directory `/home/charanpreet/buddy_git/buddy/laptop-software/kinect-image/Color_tracking/build'
/usr/bin/make -f opencv_test/CMakeFiles/opencv_test_genpy.dir/build.make opencv_test/CMakeFiles/opencv_test_genpy.dir/clean
make[2]: Entering directory `/home/charanpreet/buddy_git/buddy/laptop-software/kinect-image/Color_tracking/build'
cd /home/charanpreet/buddy_git/buddy/laptop-software/kinect-image/Color_tracking/build/opencv_test && /usr/bin/cmake -P CMakeFiles/opencv_test_genpy.dir/cmake_clean.cmake
make[2]: Leaving directory `/home/charanpreet/buddy_git/buddy/laptop-software/kinect-image/Color_tracking/build'
/usr/bin/make -f opencv_test/CMakeFiles/opencv_test_imageConverter.dir/build.make opencv_test/CMakeFiles/opencv_test_imageConverter.dir/clean
make[2]: Entering directory `/home/charanpreet/buddy_git/buddy/laptop-software/kinect-image/Color_tracking/build'
cd /home/charanpreet/buddy_git/buddy/laptop-software/kinect-image/Color_tracking/build/opencv_test && /usr/bin/cmake -P CMakeFiles/opencv_test_imageConverter.dir/cmake_clean.cmake
make[2]: Leaving directory `/home/charanpreet/buddy_git/buddy/laptop-software/kinect-image/Color_tracking/build'
/usr/bin/make -f opencv_test/CMakeFiles/roscpp_generate_messages_cpp.dir/build.make opencv_test/CMakeFiles/roscpp_generate_messages_cpp.dir/clean
make[2]: Entering directory `/home/charanpreet/buddy_git/buddy/laptop-software/kinect-image/Color_tracking/build'
cd /home/charanpreet/buddy_git/buddy/laptop-software/kinect-image/Color_tracking/build/opencv_test && /usr/bin/cmake -P CMakeFiles/roscpp_generate_messages_cpp.dir/cmake_clean.cmake
make[2]: Leaving directory `/home/charanpreet/buddy_git/buddy/laptop-software/kinect-image/Color_tracking/build'
/usr/bin/make -f opencv_test/CMakeFiles/roscpp_generate_messages_lisp.dir/build.make opencv_test/CMakeFiles/roscpp_generate_messages_lisp.dir/clean
make[2]: Entering directory `/home/charanpreet/buddy_git/buddy/laptop-software/kinect-image/Color_tracking/build'
cd /home/charanpreet/buddy_git/buddy/laptop-software/kinect-image/Color_tracking/build/opencv_test && /usr/bin/cmake -P CMakeFiles/roscpp_generate_messages_lisp.dir/cmake_clean.cmake
make[2]: Leaving directory `/home/charanpreet/buddy_git/buddy/laptop-software/kinect-image/Color_tracking/build'
/usr/bin/make -f opencv_test/CMakeFiles/roscpp_generate_messages_py.dir/build.make opencv_test/CMakeFiles/roscpp_generate_messages_py.dir/clean
make[2]: Entering directory `/home/charanpreet/buddy_git/buddy/laptop-software/kinect-image/Color_tracking/build'
cd /home/charanpreet/buddy_git/buddy/laptop-software/kinect-image/Color_tracking/build/opencv_test && /usr/bin/cmake -P CMakeFiles/roscpp_generate_messages_py.dir/cmake_clean.cmake
make[2]: Leaving directory `/home/charanpreet/buddy_git/buddy/laptop-software/kinect-image/Color_tracking/build'
/usr/bin/make -f opencv_test/CMakeFiles/rosgraph_msgs_generate_messages_cpp.dir/build.make opencv_test/CMakeFiles/rosgraph_msgs_generate_messages_cpp.dir/clean
make[2]: Entering directory `/home/charanpreet/buddy_git/buddy/laptop-software/kinect-image/Color_tracking/build'
cd /home/charanpreet/buddy_git/buddy/laptop-software/kinect-image/Color_tracking/build/opencv_test && /usr/bin/cmake -P CMakeFiles/rosgraph_msgs_generate_messages_cpp.dir/cmake_clean.cmake
make[2]: Leaving directory `/home/charanpreet/buddy_git/buddy/laptop-software/kinect-image/Color_tracking/build'
/usr/bin/make -f opencv_test/CMakeFiles/rosgraph_msgs_generate_messages_lisp.dir/build.make opencv_test/CMakeFiles/rosgraph_msgs_generate_messages_lisp.dir/clean
make[2]: Entering directory `/home/charanpreet/buddy_git/buddy/laptop-software/kinect-image/Color_tracking/build'
cd /home/charanpreet/buddy_git/buddy/laptop-software/kinect-image/Color_tracking/build/opencv_test && /usr/bin/cmake -P CMakeFiles/rosgraph_msgs_generate_messages_lisp.dir/cmake_clean.cmake
make[2]: Leaving directory `/home/charanpreet/buddy_git/buddy/laptop-software/kinect-image/Color_tracking/build'
/usr/bin/make -f opencv_test/CMakeFiles/rosgraph_msgs_generate_messages_py.dir/build.make opencv_test/CMakeFiles/rosgraph_msgs_generate_messages_py.dir/clean
make[2]: Entering directory `/home/charanpreet/buddy_git/buddy/laptop-software/kinect-image/Color_tracking/build'
cd /home/charanpreet/buddy_git/buddy/laptop-software/kinect-image/Color_tracking/build/opencv_test && /usr/bin/cmake -P CMakeFiles/rosgraph_msgs_generate_messages_py.dir/cmake_clean.cmake
make[2]: Leaving directory `/home/charanpreet/buddy_git/buddy/laptop-software/kinect-image/Color_tracking/build'
/usr/bin/make -f opencv_test/CMakeFiles/sensor_msgs_generate_messages_cpp.dir/build.make opencv_test/CMakeFiles/sensor_msgs_generate_messages_cpp.dir/clean
make[2]: Entering directory `/home/charanpreet/buddy_git/buddy/laptop-software/kinect-image/Color_tracking/build'
cd /home/charanpreet/buddy_git/buddy/laptop-software/kinect-image/Color_tracking/build/opencv_test && /usr/bin/cmake -P CMakeFiles/sensor_msgs_generate_messages_cpp.dir/cmake_clean.cmake
make[2]: Leaving directory `/home/charanpreet/buddy_git/buddy/laptop-software/kinect-image/Color_tracking/build'
/usr/bin/make -f opencv_test/CMakeFiles/sensor_msgs_generate_messages_lisp.dir/build.make opencv_test/CMakeFiles/sensor_msgs_generate_messages_lisp.dir/clean
make[2]: Entering directory `/home/charanpreet/buddy_git/buddy/laptop-software/kinect-image/Color_tracking/build'
cd /home/charanpreet/buddy_git/buddy/laptop-software/kinect-image/Color_tracking/build/opencv_test && /usr/bin/cmake -P CMakeFiles/sensor_msgs_generate_messages_lisp.dir/cmake_clean.cmake
make[2]: Leaving directory `/home/charanpreet/buddy_git/buddy/laptop-software/kinect-image/Color_tracking/build'
/usr/bin/make -f opencv_test/CMakeFiles/sensor_msgs_generate_messages_py.dir/build.make opencv_test/CMakeFiles/sensor_msgs_generate_messages_py.dir/clean
make[2]: Entering directory `/home/charanpreet/buddy_git/buddy/laptop-software/kinect-image/Color_tracking/build'
cd /home/charanpreet/buddy_git/buddy/laptop-software/kinect-image/Color_tracking/build/opencv_test && /usr/bin/cmake -P CMakeFiles/sensor_msgs_generate_messages_py.dir/cmake_clean.cmake
make[2]: Leaving directory `/home/charanpreet/buddy_git/buddy/laptop-software/kinect-image/Color_tracking/build'
/usr/bin/make -f opencv_test/CMakeFiles/std_msgs_generate_messages_cpp.dir/build.make opencv_test/CMakeFiles/std_msgs_generate_messages_cpp.dir/clean
make[2]: Entering directory `/home/charanpreet/buddy_git/buddy/laptop-software/kinect-image/Color_tracking/build'
cd /home/charanpreet/buddy_git/buddy/laptop-software/kinect-image/Color_tracking/build/opencv_test && /usr/bin/cmake -P CMakeFiles/std_msgs_generate_messages_cpp.dir/cmake_clean.cmake
make[2]: Leaving directory `/home/charanpreet/buddy_git/buddy/laptop-software/kinect-image/Color_tracking/build'
/usr/bin/make -f opencv_test/CMakeFiles/std_msgs_generate_messages_lisp.dir/build.make opencv_test/CMakeFiles/std_msgs_generate_messages_lisp.dir/clean
make[2]: Entering directory `/home/charanpreet/buddy_git/buddy/laptop-software/kinect-image/Color_tracking/build'
cd /home/charanpreet/buddy_git/buddy/laptop-software/kinect-image/Color_tracking/build/opencv_test && /usr/bin/cmake -P CMakeFiles/std_msgs_generate_messages_lisp.dir/cmake_clean.cmake
make[2]: Leaving directory `/home/charanpreet/buddy_git/buddy/laptop-software/kinect-image/Color_tracking/build'
/usr/bin/make -f opencv_test/CMakeFiles/std_msgs_generate_messages_py.dir/build.make opencv_test/CMakeFiles/std_msgs_generate_messages_py.dir/clean
make[2]: Entering directory `/home/charanpreet/buddy_git/buddy/laptop-software/kinect-image/Color_tracking/build'
cd /home/charanpreet/buddy_git/buddy/laptop-software/kinect-image/Color_tracking/build/opencv_test && /usr/bin/cmake -P CMakeFiles/std_msgs_generate_messages_py.dir/cmake_clean.cmake
make[2]: Leaving directory `/home/charanpreet/buddy_git/buddy/laptop-software/kinect-image/Color_tracking/build'
make[1]: Leaving directory `/home/charanpreet/buddy_git/buddy/laptop-software/kinect-image/Color_tracking/build'
/usr/bin/make all 
/usr/bin/cmake -H/home/charanpreet/buddy_git/buddy/laptop-software/kinect-image/Color_tracking/src -B/home/charanpreet/buddy_git/buddy/laptop-software/kinect-image/Color_tracking/build --check-build-system CMakeFiles/Makefile.cmake 0
/usr/bin/cmake -E cmake_progress_start /home/charanpreet/buddy_git/buddy/laptop-software/kinect-image/Color_tracking/build/CMakeFiles /home/charanpreet/buddy_git/buddy/laptop-software/kinect-image/Color_tracking/build/CMakeFiles/progress.marks
/usr/bin/make -f CMakeFiles/Makefile2 all
make[1]: Entering directory `/home/charanpreet/buddy_git/buddy/laptop-software/kinect-image/Color_tracking/build'
/usr/bin/make -f opencv_test/CMakeFiles/DepthConverter.dir/build.make opencv_test/CMakeFiles/DepthConverter.dir/depend
make[2]: Entering directory `/home/charanpreet/buddy_git/buddy/laptop-software/kinect-image/Color_tracking/build'
cd /home/charanpreet/buddy_git/buddy/laptop-software/kinect-image/Color_tracking/build && /usr/bin/cmake -E cmake_depends "Unix Makefiles" /home/charanpreet/buddy_git/buddy/laptop-software/kinect-image/Color_tracking/src /home/charanpreet/buddy_git/buddy/laptop-software/kinect-image/Color_tracking/src/opencv_test /home/charanpreet/buddy_git/buddy/laptop-software/kinect-image/Color_tracking/build /home/charanpreet/buddy_git/buddy/laptop-software/kinect-image/Color_tracking/build/opencv_test /home/charanpreet/buddy_git/buddy/laptop-software/kinect-image/Color_tracking/build/opencv_test/CMakeFiles/DepthConverter.dir/DependInfo.cmake --color=
make[2]: Leaving directory `/home/charanpreet/buddy_git/buddy/laptop-software/kinect-image/Color_tracking/build'
/usr/bin/make -f opencv_test/CMakeFiles/DepthConverter.dir/build.make opencv_test/CMakeFiles/DepthConverter.dir/build
make[2]: Entering directory `/home/charanpreet/buddy_git/buddy/laptop-software/kinect-image/Color_tracking/build'
/usr/bin/cmake -E cmake_progress_report /home/charanpreet/buddy_git/buddy/laptop-software/kinect-image/Color_tracking/build/CMakeFiles 1
[ 14%] Building CXX object opencv_test/CMakeFiles/DepthConverter.dir/src/DepthConverter.cpp.o
cd /home/charanpreet/buddy_git/buddy/laptop-software/kinect-image/Color_tracking/build/opencv_test && /usr/bin/c++   -DROS_BUILD_SHARED_LIBS=1 -DROS_PACKAGE_NAME=\"opencv_test\" -DROSCONSOLE_BACKEND_LOG4CXX -I/home/charanpreet/buddy_git/buddy/laptop-software/kinect-image/Color_tracking/devel/include -I/opt/ros/hydro/include -I/opt/ros/hydro/include/opencv    -o CMakeFiles/DepthConverter.dir/src/DepthConverter.cpp.o -c /home/charanpreet/buddy_git/buddy/laptop-software/kinect-image/Color_tracking/src/opencv_test/src/DepthConverter.cpp
Linking CXX executable /home/charanpreet/buddy_git/buddy/laptop-software/kinect-image/Color_tracking/devel/lib/opencv_test/DepthConverter
cd /home/charanpreet/buddy_git/buddy/laptop-software/kinect-image/Color_tracking/build/opencv_test && /usr/bin/cmake -E cmake_link_script CMakeFiles/DepthConverter.dir/link.txt --verbose=1
/usr/bin/c++       CMakeFiles/DepthConverter.dir/src/DepthConverter.cpp.o  -o /home/charanpreet/buddy_git/buddy/laptop-software/kinect-image/Color_tracking/devel/lib/opencv_test/DepthConverter -rdynamic 
/usr/lib/gcc/x86_64-linux-gnu/4.6/../../../x86_64-linux-gnu/crt1.o: In function `_start':
make[2]: Leaving directory `/home/charanpreet/buddy_git/buddy/laptop-software/kinect-image/Color_tracking/build'
(.text+0x20): undefined reference to `main'
CMakeFiles/DepthConverter.dir/src/DepthConverter.cpp.o: In function `DepthConverter::DepthConverter(int*, int*)':
DepthConverter.cpp:(.text+0x55): undefined reference to `ros::NodeHandle::NodeHandle(std::basic_string<char, std::char_traits<char>, std::allocator<char> > const&, std::map<std::basic_string<char, std::char_traits<char>, std::allocator<char> >, std::basic_string<char, std::char_traits<char>, std::allocator<char> >, std::less<std::basic_string<char, std::char_traits<char>, std::allocator<char> > >, std::allocator<std::pair<std::basic_string<char, std::char_traits<char>, std::allocator<char> > const, std::basic_string<char, std::char_traits<char>, std::allocator<char> > > > > const&)'
make[1]: Leaving directory `/home/charanpreet/buddy_git/buddy/laptop-software/kinect-image/Color_tracking/build'
DepthConverter.cpp:(.text+0x90): undefined reference to `image_transport::ImageTransport::ImageTransport(ros::NodeHandle const&)'
DepthConverter.cpp:(.text+0xe4): undefined reference to `ros::NodeHandle::NodeHandle(std::basic_string<char, std::char_traits<char>, std::allocator<char> > const&, std::map<std::basic_string<char, std::char_traits<char>, std::allocator<char> >, std::basic_string<char, std::char_traits<char>, std::allocator<char> >, std::less<std::basic_string<char, std::char_traits<char>, std::allocator<char> > >, std::allocator<std::pair<std::basic_string<char, std::char_traits<char>, std::allocator<char> > const, std::basic_string<char, std::char_traits<char>, std::allocator<char> > > > > const&)'
DepthConverter.cpp:(.text+0x1ac): undefined reference to `ros::NodeHandle::NodeHandle(std::basic_string<char, std::char_traits<char>, std::allocator<char> > const&, std::map<std::basic_string<char, std::char_traits<char>, std::allocator<char> >, std::basic_string<char, std::char_traits<char>, std::allocator<char> >, std::less<std::basic_string<char, std::char_traits<char>, std::allocator<char> > >, std::allocator<std::pair<std::basic_string<char, std::char_traits<char>, std::allocator<char> > const, std::basic_string<char, std::char_traits<char>, std::allocator<char> > > > > const&)'
DepthConverter.cpp:(.text+0x323): undefined reference to `ros::NodeHandle::~NodeHandle()'
DepthConverter.cpp:(.text+0x44a): undefined reference to `ros::NodeHandle::~NodeHandle()'
DepthConverter.cpp:(.text+0x4b2): undefined reference to `ros::Publisher::~Publisher()'
DepthConverter.cpp:(.text+0x4cc): undefined reference to `ros::NodeHandle::~NodeHandle()'
DepthConverter.cpp:(.text+0x500): undefined reference to `image_transport::ImageTransport::~ImageTransport()'
DepthConverter.cpp:(.text+0x514): undefined reference to `ros::NodeHandle::~NodeHandle()'
CMakeFiles/DepthConverter.dir/src/DepthConverter.cpp.o: In function `DepthConverter::~DepthConverter()':
DepthConverter.cpp:(.text+0x53f): undefined reference to `ros::Publisher::~Publisher()'
DepthConverter.cpp:(.text+0x551): undefined reference to `ros::NodeHandle::~NodeHandle()'
DepthConverter.cpp:(.text+0x575): undefined reference to `image_transport::ImageTransport::~ImageTransport()'
DepthConverter.cpp:(.text+0x581): undefined reference to `ros::NodeHandle::~NodeHandle()'
DepthConverter.cpp:(.text+0x59d): undefined reference to `ros::NodeHandle::~NodeHandle()'
DepthConverter.cpp:(.text+0x5cb): undefined reference to `image_transport::ImageTransport::~ImageTransport()'
DepthConverter.cpp:(.text+0x5dc): undefined reference to `ros::NodeHandle::~NodeHandle()'
CMakeFiles/DepthConverter.dir/src/DepthConverter.cpp.o: In function `DepthConverter::imageCb(boost::shared_ptr<sensor_msgs::Image_<std::allocator<void> > const> const&)':
DepthConverter.cpp:(.text+0x61f): undefined reference to `cv_bridge::toCvCopy(boost::shared_ptr<sensor_msgs::Image_<std::allocator<void> > const> const&, std::basic_string<char, std::char_traits<char>, std::allocator<char> > const&)'
DepthConverter.cpp:(.text+0x684): undefined reference to `ros::console::g_initialized'
DepthConverter.cpp:(.text+0x694): undefined reference to `ros::console::initialize()'
DepthConverter.cpp:(.text+0x6dd): undefined reference to `ros::console::initializeLogLocation(ros::console::LogLocation*, std::basic_string<char, std::char_traits<char>, std::allocator<char> > const&, ros::console::levels::Level)'
DepthConverter.cpp:(.text+0x718): undefined reference to `ros::console::setLogLocationLevel(ros::console::LogLocation*, ros::console::levels::Level)'
DepthConverter.cpp:(.text+0x722): undefined reference to `ros::console::checkLogLocationEnabled(ros::console::LogLocation*)'
DepthConverter.cpp:(.text+0x775): undefined reference to `ros::console::print(ros::console::FilterBase*, void*, ros::console::levels::Level, char const*, int, char const*, char const*, ...)'
DepthConverter.cpp:(.text+0x822): undefined reference to `ros::console::g_initialized'
DepthConverter.cpp:(.text+0x832): undefined reference to `ros::console::initialize()'
DepthConverter.cpp:(.text+0x87b): undefined reference to `ros::console::initializeLogLocation(ros::console::LogLocation*, std::basic_string<char, std::char_traits<char>, std::allocator<char> > const&, ros::console::levels::Level)'
DepthConverter.cpp:(.text+0x8b6): undefined reference to `ros::console::setLogLocationLevel(ros::console::LogLocation*, ros::console::levels::Level)'
DepthConverter.cpp:(.text+0x8c0): undefined reference to `ros::console::checkLogLocationEnabled(ros::console::LogLocation*)'
DepthConverter.cpp:(.text+0x924): undefined reference to `ros::console::print(ros::console::FilterBase*, void*, ros::console::levels::Level, char const*, int, char const*, char const*, ...)'
CMakeFiles/DepthConverter.dir/src/DepthConverter.cpp.o: In function `image_transport::TransportHints::TransportHints(std::basic_string<char, std::char_traits<char>, std::allocator<char> > const&, ros::TransportHints const&, ros::NodeHandle const&, std::basic_string<char, std::char_traits<char>, std::allocator<char> > const&)':
DepthConverter.cpp:(.text._ZN15image_transport14TransportHintsC2ERKSsRKN3ros14TransportHintsERKNS3_10NodeHandleES2_[_ZN15image_transport14TransportHintsC5ERKSsRKN3ros14TransportHintsERKNS3_10NodeHandleES2_]+0x53): undefined reference to `ros::NodeHandle::NodeHandle(ros::NodeHandle const&)'
DepthConverter.cpp:(.text._ZN15image_transport14TransportHintsC2ERKSsRKN3ros14TransportHintsERKNS3_10NodeHandleES2_[_ZN15image_transport14TransportHintsC5ERKSsRKN3ros14TransportHintsERKNS3_10NodeHandleES2_]+0x84): undefined reference to `ros::NodeHandle::~NodeHandle()'
CMakeFiles/DepthConverter.dir/src/DepthConverter.cpp.o: In function `image_transport::TransportHints::~TransportHints()':
DepthConverter.cpp:(.text._ZN15image_transport14TransportHintsD2Ev[_ZN15image_transport14TransportHintsD5Ev]+0x19): undefined reference to `ros::NodeHandle::~NodeHandle()'
CMakeFiles/DepthConverter.dir/src/DepthConverter.cpp.o: In function `void ros::NodeHandle::param<std::basic_string<char, std::char_traits<char>, std::allocator<char> > >(std::basic_string<char, std::char_traits<char>, std::allocator<char> > const&, std::basic_string<char, std::char_traits<char>, std::allocator<char> >&, std::basic_string<char, std::char_traits<char>, std::allocator<char> > const&) const':
DepthConverter.cpp:(.text._ZNK3ros10NodeHandle5paramISsEEvRKSsRT_RKS4_[void ros::NodeHandle::param<std::basic_string<char, std::char_traits<char>, std::allocator<char> > >(std::basic_string<char, std::char_traits<char>, std::allocator<char> > const&, std::basic_string<char, std::char_traits<char>, std::allocator<char> >&, std::basic_string<char, std::char_traits<char>, std::allocator<char> > const&) const]+0x27): undefined reference to `ros::NodeHandle::hasParam(std::basic_string<char, std::char_traits<char>, std::allocator<char> > const&) const'
DepthConverter.cpp:(.text._ZNK3ros10NodeHandle5paramISsEEvRKSsRT_RKS4_[void ros::NodeHandle::param<std::basic_string<char, std::char_traits<char>, std::allocator<char> > >(std::basic_string<char, std::char_traits<char>, std::allocator<char> > const&, std::basic_string<char, std::char_traits<char>, std::allocator<char> >&, std::basic_string<char, std::char_traits<char>, std::allocator<char> > const&) const]+0x42): undefined reference to `ros::NodeHandle::getParam(std::basic_string<char, std::char_traits<char>, std::allocator<char> > const&, std::basic_string<char, std::char_traits<char>, std::allocator<char> >&) const'
CMakeFiles/DepthConverter.dir/src/DepthConverter.cpp.o: In function `image_transport::Subscriber image_transport::ImageTransport::subscribe<DepthConverter>(std::basic_string<char, std::char_traits<char>, std::allocator<char> > const&, unsigned int, void (DepthConverter::*)(boost::shared_ptr<sensor_msgs::Image_<std::allocator<void> > const> const&), DepthConverter*, image_transport::TransportHints const&)':
DepthConverter.cpp:(.text._ZN15image_transport14ImageTransport9subscribeI14DepthConverterEENS_10SubscriberERKSsjMT_FvRKN5boost10shared_ptrIKN11sensor_msgs6Image_ISaIvEEEEEEPS6_RKNS_14TransportHintsE[image_transport::Subscriber image_transport::ImageTransport::subscribe<DepthConverter>(std::basic_string<char, std::char_traits<char>, std::allocator<char> > const&, unsigned int, void (DepthConverter::*)(boost::shared_ptr<sensor_msgs::Image_<std::allocator<void> > const> const&), DepthConverter*, image_transport::TransportHints const&)]+0xaa): undefined reference to `image_transport::ImageTransport::subscribe(std::basic_string<char, std::char_traits<char>, std::allocator<char> > const&, unsigned int, boost::function<void (boost::shared_ptr<sensor_msgs::Image_<std::allocator<void> > const> const&)> const&, boost::shared_ptr<void> const&, image_transport::TransportHints const&)'
collect2: ld returned 1 exit status
make[2]: *** [/home/charanpreet/buddy_git/buddy/laptop-software/kinect-image/Color_tracking/devel/lib/opencv_test/DepthConverter] Error 1
make[1]: *** [opencv_test/CMakeFiles/DepthConverter.dir/all] Error 2
make: *** [all] Error 2
/usr/bin/make all 
/usr/bin/cmake -H/home/charanpreet/buddy_git/buddy/laptop-software/kinect-image/Color_tracking/src -B/home/charanpreet/buddy_git/buddy/laptop-software/kinect-image/Color_tracking/build --check-build-system CMakeFiles/Makefile.cmake 0
/usr/bin/cmake -E cmake_progress_start /home/charanpreet/buddy_git/buddy/laptop-software/kinect-image/Color_tracking/build/CMakeFiles /home/charanpreet/buddy_git/buddy/laptop-software/kinect-image/Color_tracking/build/CMakeFiles/progress.marks
/usr/bin/make -f CMakeFiles/Makefile2 all
make[1]: Entering directory `/home/charanpreet/buddy_git/buddy/laptop-software/kinect-image/Color_tracking/build'
/usr/bin/make -f opencv_test/CMakeFiles/DepthConverter.dir/build.make opencv_test/CMakeFiles/DepthConverter.dir/depend
make[2]: Entering directory `/home/charanpreet/buddy_git/buddy/laptop-software/kinect-image/Color_tracking/build'
cd /home/charanpreet/buddy_git/buddy/laptop-software/kinect-image/Color_tracking/build && /usr/bin/cmake -E cmake_depends "Unix Makefiles" /home/charanpreet/buddy_git/buddy/laptop-software/kinect-image/Color_tracking/src /home/charanpreet/buddy_git/buddy/laptop-software/kinect-image/Color_tracking/src/opencv_test /home/charanpreet/buddy_git/buddy/laptop-software/kinect-image/Color_tracking/build /home/charanpreet/buddy_git/buddy/laptop-software/kinect-image/Color_tracking/build/opencv_test /home/charanpreet/buddy_git/buddy/laptop-software/kinect-image/Color_tracking/build/opencv_test/CMakeFiles/DepthConverter.dir/DependInfo.cmake --color=
Scanning dependencies of target DepthConverter
make[2]: Leaving directory `/home/charanpreet/buddy_git/buddy/laptop-software/kinect-image/Color_tracking/build'
/usr/bin/make -f opencv_test/CMakeFiles/DepthConverter.dir/build.make opencv_test/CMakeFiles/DepthConverter.dir/build
make[2]: Entering directory `/home/charanpreet/buddy_git/buddy/laptop-software/kinect-image/Color_tracking/build'
/usr/bin/cmake -E cmake_progress_report /home/charanpreet/buddy_git/buddy/laptop-software/kinect-image/Color_tracking/build/CMakeFiles 1
[ 14%] Building CXX object opencv_test/CMakeFiles/DepthConverter.dir/src/DepthConverter.cpp.o
cd /home/charanpreet/buddy_git/buddy/laptop-software/kinect-image/Color_tracking/build/opencv_test && /usr/bin/c++   -DROS_BUILD_SHARED_LIBS=1 -DROS_PACKAGE_NAME=\"opencv_test\" -DROSCONSOLE_BACKEND_LOG4CXX -I/home/charanpreet/buddy_git/buddy/laptop-software/kinect-image/Color_tracking/devel/include -I/opt/ros/hydro/include -I/opt/ros/hydro/include/opencv    -o CMakeFiles/DepthConverter.dir/src/DepthConverter.cpp.o -c /home/charanpreet/buddy_git/buddy/laptop-software/kinect-image/Color_tracking/src/opencv_test/src/DepthConverter.cpp
Linking CXX executable /home/charanpreet/buddy_git/buddy/laptop-software/kinect-image/Color_tracking/devel/lib/opencv_test/DepthConverter
cd /home/charanpreet/buddy_git/buddy/laptop-software/kinect-image/Color_tracking/build/opencv_test && /usr/bin/cmake -E cmake_link_script CMakeFiles/DepthConverter.dir/link.txt --verbose=1
/usr/bin/c++       CMakeFiles/DepthConverter.dir/src/DepthConverter.cpp.o  -o /home/charanpreet/buddy_git/buddy/laptop-software/kinect-image/Color_tracking/devel/lib/opencv_test/DepthConverter -rdynamic 
/usr/lib/gcc/x86_64-linux-gnu/4.6/../../../x86_64-linux-gnu/crt1.o: In function `_start':
(.text+0x20): undefined reference to `main'
CMakeFiles/DepthConverter.dir/src/DepthConverter.cpp.o: In function `DepthConverter::DepthConverter(int*, int*)':
make[2]: Leaving directory `/home/charanpreet/buddy_git/buddy/laptop-software/kinect-image/Color_tracking/build'
make[1]: Leaving directory `/home/charanpreet/buddy_git/buddy/laptop-software/kinect-image/Color_tracking/build'
DepthConverter.cpp:(.text+0x55): undefined reference to `ros::NodeHandle::NodeHandle(std::basic_string<char, std::char_traits<char>, std::allocator<char> > const&, std::map<std::basic_string<char, std::char_traits<char>, std::allocator<char> >, std::basic_string<char, std::char_traits<char>, std::allocator<char> >, std::less<std::basic_string<char, std::char_traits<char>, std::allocator<char> > >, std::allocator<std::pair<std::basic_string<char, std::char_traits<char>, std::allocator<char> > const, std::basic_string<char, std::char_traits<char>, std::allocator<char> > > > > const&)'
DepthConverter.cpp:(.text+0x90): undefined reference to `image_transport::ImageTransport::ImageTransport(ros::NodeHandle const&)'
DepthConverter.cpp:(.text+0xe4): undefined reference to `ros::NodeHandle::NodeHandle(std::basic_string<char, std::char_traits<char>, std::allocator<char> > const&, std::map<std::basic_string<char, std::char_traits<char>, std::allocator<char> >, std::basic_string<char, std::char_traits<char>, std::allocator<char> >, std::less<std::basic_string<char, std::char_traits<char>, std::allocator<char> > >, std::allocator<std::pair<std::basic_string<char, std::char_traits<char>, std::allocator<char> > const, std::basic_string<char, std::char_traits<char>, std::allocator<char> > > > > const&)'
DepthConverter.cpp:(.text+0x1ac): undefined reference to `ros::NodeHandle::NodeHandle(std::basic_string<char, std::char_traits<char>, std::allocator<char> > const&, std::map<std::basic_string<char, std::char_traits<char>, std::allocator<char> >, std::basic_string<char, std::char_traits<char>, std::allocator<char> >, std::less<std::basic_string<char, std::char_traits<char>, std::allocator<char> > >, std::allocator<std::pair<std::basic_string<char, std::char_traits<char>, std::allocator<char> > const, std::basic_string<char, std::char_traits<char>, std::allocator<char> > > > > const&)'
DepthConverter.cpp:(.text+0x323): undefined reference to `ros::NodeHandle::~NodeHandle()'
DepthConverter.cpp:(.text+0x44a): undefined reference to `ros::NodeHandle::~NodeHandle()'
DepthConverter.cpp:(.text+0x4b2): undefined reference to `ros::Publisher::~Publisher()'
DepthConverter.cpp:(.text+0x4cc): undefined reference to `ros::NodeHandle::~NodeHandle()'
DepthConverter.cpp:(.text+0x500): undefined reference to `image_transport::ImageTransport::~ImageTransport()'
DepthConverter.cpp:(.text+0x514): undefined reference to `ros::NodeHandle::~NodeHandle()'
CMakeFiles/DepthConverter.dir/src/DepthConverter.cpp.o: In function `DepthConverter::~DepthConverter()':
DepthConverter.cpp:(.text+0x53f): undefined reference to `ros::Publisher::~Publisher()'
DepthConverter.cpp:(.text+0x551): undefined reference to `ros::NodeHandle::~NodeHandle()'
DepthConverter.cpp:(.text+0x575): undefined reference to `image_transport::ImageTransport::~ImageTransport()'
DepthConverter.cpp:(.text+0x581): undefined reference to `ros::NodeHandle::~NodeHandle()'
DepthConverter.cpp:(.text+0x59d): undefined reference to `ros::NodeHandle::~NodeHandle()'
DepthConverter.cpp:(.text+0x5cb): undefined reference to `image_transport::ImageTransport::~ImageTransport()'
DepthConverter.cpp:(.text+0x5dc): undefined reference to `ros::NodeHandle::~NodeHandle()'
CMakeFiles/DepthConverter.dir/src/DepthConverter.cpp.o: In function `DepthConverter::imageCb(boost::shared_ptr<sensor_msgs::Image_<std::allocator<void> > const> const&)':
DepthConverter.cpp:(.text+0x61f): undefined reference to `cv_bridge::toCvCopy(boost::shared_ptr<sensor_msgs::Image_<std::allocator<void> > const> const&, std::basic_string<char, std::char_traits<char>, std::allocator<char> > const&)'
DepthConverter.cpp:(.text+0x684): undefined reference to `ros::console::g_initialized'
DepthConverter.cpp:(.text+0x694): undefined reference to `ros::console::initialize()'
DepthConverter.cpp:(.text+0x6dd): undefined reference to `ros::console::initializeLogLocation(ros::console::LogLocation*, std::basic_string<char, std::char_traits<char>, std::allocator<char> > const&, ros::console::levels::Level)'
DepthConverter.cpp:(.text+0x718): undefined reference to `ros::console::setLogLocationLevel(ros::console::LogLocation*, ros::console::levels::Level)'
DepthConverter.cpp:(.text+0x722): undefined reference to `ros::console::checkLogLocationEnabled(ros::console::LogLocation*)'
DepthConverter.cpp:(.text+0x775): undefined reference to `ros::console::print(ros::console::FilterBase*, void*, ros::console::levels::Level, char const*, int, char const*, char const*, ...)'
DepthConverter.cpp:(.text+0x822): undefined reference to `ros::console::g_initialized'
DepthConverter.cpp:(.text+0x832): undefined reference to `ros::console::initialize()'
DepthConverter.cpp:(.text+0x87b): undefined reference to `ros::console::initializeLogLocation(ros::console::LogLocation*, std::basic_string<char, std::char_traits<char>, std::allocator<char> > const&, ros::console::levels::Level)'
DepthConverter.cpp:(.text+0x8b6): undefined reference to `ros::console::setLogLocationLevel(ros::console::LogLocation*, ros::console::levels::Level)'
DepthConverter.cpp:(.text+0x8c0): undefined reference to `ros::console::checkLogLocationEnabled(ros::console::LogLocation*)'
DepthConverter.cpp:(.text+0x924): undefined reference to `ros::console::print(ros::console::FilterBase*, void*, ros::console::levels::Level, char const*, int, char const*, char const*, ...)'
CMakeFiles/DepthConverter.dir/src/DepthConverter.cpp.o: In function `image_transport::TransportHints::TransportHints(std::basic_string<char, std::char_traits<char>, std::allocator<char> > const&, ros::TransportHints const&, ros::NodeHandle const&, std::basic_string<char, std::char_traits<char>, std::allocator<char> > const&)':
DepthConverter.cpp:(.text._ZN15image_transport14TransportHintsC2ERKSsRKN3ros14TransportHintsERKNS3_10NodeHandleES2_[_ZN15image_transport14TransportHintsC5ERKSsRKN3ros14TransportHintsERKNS3_10NodeHandleES2_]+0x53): undefined reference to `ros::NodeHandle::NodeHandle(ros::NodeHandle const&)'
DepthConverter.cpp:(.text._ZN15image_transport14TransportHintsC2ERKSsRKN3ros14TransportHintsERKNS3_10NodeHandleES2_[_ZN15image_transport14TransportHintsC5ERKSsRKN3ros14TransportHintsERKNS3_10NodeHandleES2_]+0x84): undefined reference to `ros::NodeHandle::~NodeHandle()'
CMakeFiles/DepthConverter.dir/src/DepthConverter.cpp.o: In function `image_transport::TransportHints::~TransportHints()':
DepthConverter.cpp:(.text._ZN15image_transport14TransportHintsD2Ev[_ZN15image_transport14TransportHintsD5Ev]+0x19): undefined reference to `ros::NodeHandle::~NodeHandle()'
CMakeFiles/DepthConverter.dir/src/DepthConverter.cpp.o: In function `void ros::NodeHandle::param<std::basic_string<char, std::char_traits<char>, std::allocator<char> > >(std::basic_string<char, std::char_traits<char>, std::allocator<char> > const&, std::basic_string<char, std::char_traits<char>, std::allocator<char> >&, std::basic_string<char, std::char_traits<char>, std::allocator<char> > const&) const':
DepthConverter.cpp:(.text._ZNK3ros10NodeHandle5paramISsEEvRKSsRT_RKS4_[void ros::NodeHandle::param<std::basic_string<char, std::char_traits<char>, std::allocator<char> > >(std::basic_string<char, std::char_traits<char>, std::allocator<char> > const&, std::basic_string<char, std::char_traits<char>, std::allocator<char> >&, std::basic_string<char, std::char_traits<char>, std::allocator<char> > const&) const]+0x27): undefined reference to `ros::NodeHandle::hasParam(std::basic_string<char, std::char_traits<char>, std::allocator<char> > const&) const'
DepthConverter.cpp:(.text._ZNK3ros10NodeHandle5paramISsEEvRKSsRT_RKS4_[void ros::NodeHandle::param<std::basic_string<char, std::char_traits<char>, std::allocator<char> > >(std::basic_string<char, std::char_traits<char>, std::allocator<char> > const&, std::basic_string<char, std::char_traits<char>, std::allocator<char> >&, std::basic_string<char, std::char_traits<char>, std::allocator<char> > const&) const]+0x42): undefined reference to `ros::NodeHandle::getParam(std::basic_string<char, std::char_traits<char>, std::allocator<char> > const&, std::basic_string<char, std::char_traits<char>, std::allocator<char> >&) const'
CMakeFiles/DepthConverter.dir/src/DepthConverter.cpp.o: In function `image_transport::Subscriber image_transport::ImageTransport::subscribe<DepthConverter>(std::basic_string<char, std::char_traits<char>, std::allocator<char> > const&, unsigned int, void (DepthConverter::*)(boost::shared_ptr<sensor_msgs::Image_<std::allocator<void> > const> const&), DepthConverter*, image_transport::TransportHints const&)':
DepthConverter.cpp:(.text._ZN15image_transport14ImageTransport9subscribeI14DepthConverterEENS_10SubscriberERKSsjMT_FvRKN5boost10shared_ptrIKN11sensor_msgs6Image_ISaIvEEEEEEPS6_RKNS_14TransportHintsE[image_transport::Subscriber image_transport::ImageTransport::subscribe<DepthConverter>(std::basic_string<char, std::char_traits<char>, std::allocator<char> > const&, unsigned int, void (DepthConverter::*)(boost::shared_ptr<sensor_msgs::Image_<std::allocator<void> > const> const&), DepthConverter*, image_transport::TransportHints const&)]+0xaa): undefined reference to `image_transport::ImageTransport::subscribe(std::basic_string<char, std::char_traits<char>, std::allocator<char> > const&, unsigned int, boost::function<void (boost::shared_ptr<sensor_msgs::Image_<std::allocator<void> > const> const&)> const&, boost::shared_ptr<void> const&, image_transport::TransportHints const&)'
collect2: ld returned 1 exit status
make[2]: *** [/home/charanpreet/buddy_git/buddy/laptop-software/kinect-image/Color_tracking/devel/lib/opencv_test/DepthConverter] Error 1
make[1]: *** [opencv_test/CMakeFiles/DepthConverter.dir/all] Error 2
make: *** [all] Error 2
/usr/bin/make all 
/usr/bin/cmake -H/home/charanpreet/buddy_git/buddy/laptop-software/kinect-image/Color_tracking/src -B/home/charanpreet/buddy_git/buddy/laptop-software/kinect-image/Color_tracking/build --check-build-system CMakeFiles/Makefile.cmake 0
/usr/bin/cmake -E cmake_progress_start /home/charanpreet/buddy_git/buddy/laptop-software/kinect-image/Color_tracking/build/CMakeFiles /home/charanpreet/buddy_git/buddy/laptop-software/kinect-image/Color_tracking/build/CMakeFiles/progress.marks
/usr/bin/make -f CMakeFiles/Makefile2 all
make[1]: Entering directory `/home/charanpreet/buddy_git/buddy/laptop-software/kinect-image/Color_tracking/build'
/usr/bin/make -f opencv_test/CMakeFiles/DepthConverter.dir/build.make opencv_test/CMakeFiles/DepthConverter.dir/depend
make[2]: Entering directory `/home/charanpreet/buddy_git/buddy/laptop-software/kinect-image/Color_tracking/build'
cd /home/charanpreet/buddy_git/buddy/laptop-software/kinect-image/Color_tracking/build && /usr/bin/cmake -E cmake_depends "Unix Makefiles" /home/charanpreet/buddy_git/buddy/laptop-software/kinect-image/Color_tracking/src /home/charanpreet/buddy_git/buddy/laptop-software/kinect-image/Color_tracking/src/opencv_test /home/charanpreet/buddy_git/buddy/laptop-software/kinect-image/Color_tracking/build /home/charanpreet/buddy_git/buddy/laptop-software/kinect-image/Color_tracking/build/opencv_test /home/charanpreet/buddy_git/buddy/laptop-software/kinect-image/Color_tracking/build/opencv_test/CMakeFiles/DepthConverter.dir/DependInfo.cmake --color=
Scanning dependencies of target DepthConverter
make[2]: Leaving directory `/home/charanpreet/buddy_git/buddy/laptop-software/kinect-image/Color_tracking/build'
/usr/bin/make -f opencv_test/CMakeFiles/DepthConverter.dir/build.make opencv_test/CMakeFiles/DepthConverter.dir/build
make[2]: Entering directory `/home/charanpreet/buddy_git/buddy/laptop-software/kinect-image/Color_tracking/build'
/usr/bin/cmake -E cmake_progress_report /home/charanpreet/buddy_git/buddy/laptop-software/kinect-image/Color_tracking/build/CMakeFiles 1
[ 14%] Building CXX object opencv_test/CMakeFiles/DepthConverter.dir/src/DepthConverter.cpp.o
cd /home/charanpreet/buddy_git/buddy/laptop-software/kinect-image/Color_tracking/build/opencv_test && /usr/bin/c++   -DROS_BUILD_SHARED_LIBS=1 -DROS_PACKAGE_NAME=\"opencv_test\" -DROSCONSOLE_BACKEND_LOG4CXX -I/home/charanpreet/buddy_git/buddy/laptop-software/kinect-image/Color_tracking/devel/include -I/opt/ros/hydro/include -I/opt/ros/hydro/include/opencv    -o CMakeFiles/DepthConverter.dir/src/DepthConverter.cpp.o -c /home/charanpreet/buddy_git/buddy/laptop-software/kinect-image/Color_tracking/src/opencv_test/src/DepthConverter.cpp
/home/charanpreet/buddy_git/buddy/laptop-software/kinect-image/Color_tracking/src/opencv_test/src/DepthConverter.cpp:7:1: error: redefinition of ‘DepthConverter::DepthConverter(int*, int*)’
/home/charanpreet/buddy_git/buddy/laptop-software/kinect-image/Color_tracking/src/opencv_test/src/DepthConverter.h:24:3: error: ‘DepthConverter::DepthConverter(int*, int*)’ previously defined here
make[2]: *** [opencv_test/CMakeFiles/DepthConverter.dir/src/DepthConverter.cpp.o] Error 1
make[2]: Leaving directory `/home/charanpreet/buddy_git/buddy/laptop-software/kinect-image/Color_tracking/build'
make[1]: Leaving directory `/home/charanpreet/buddy_git/buddy/laptop-software/kinect-image/Color_tracking/build'
make[1]: *** [opencv_test/CMakeFiles/DepthConverter.dir/all] Error 2
make: *** [all] Error 2
/usr/bin/make all 
/usr/bin/cmake -H/home/charanpreet/buddy_git/buddy/laptop-software/kinect-image/Color_tracking/src -B/home/charanpreet/buddy_git/buddy/laptop-software/kinect-image/Color_tracking/build --check-build-system CMakeFiles/Makefile.cmake 0
/usr/bin/cmake -E cmake_progress_start /home/charanpreet/buddy_git/buddy/laptop-software/kinect-image/Color_tracking/build/CMakeFiles /home/charanpreet/buddy_git/buddy/laptop-software/kinect-image/Color_tracking/build/CMakeFiles/progress.marks
/usr/bin/make -f CMakeFiles/Makefile2 all
make[1]: Entering directory `/home/charanpreet/buddy_git/buddy/laptop-software/kinect-image/Color_tracking/build'
/usr/bin/make -f opencv_test/CMakeFiles/DepthConverter.dir/build.make opencv_test/CMakeFiles/DepthConverter.dir/depend
make[2]: Entering directory `/home/charanpreet/buddy_git/buddy/laptop-software/kinect-image/Color_tracking/build'
cd /home/charanpreet/buddy_git/buddy/laptop-software/kinect-image/Color_tracking/build && /usr/bin/cmake -E cmake_depends "Unix Makefiles" /home/charanpreet/buddy_git/buddy/laptop-software/kinect-image/Color_tracking/src /home/charanpreet/buddy_git/buddy/laptop-software/kinect-image/Color_tracking/src/opencv_test /home/charanpreet/buddy_git/buddy/laptop-software/kinect-image/Color_tracking/build /home/charanpreet/buddy_git/buddy/laptop-software/kinect-image/Color_tracking/build/opencv_test /home/charanpreet/buddy_git/buddy/laptop-software/kinect-image/Color_tracking/build/opencv_test/CMakeFiles/DepthConverter.dir/DependInfo.cmake --color=
make[2]: Leaving directory `/home/charanpreet/buddy_git/buddy/laptop-software/kinect-image/Color_tracking/build'
/usr/bin/make -f opencv_test/CMakeFiles/DepthConverter.dir/build.make opencv_test/CMakeFiles/DepthConverter.dir/build
make[2]: Entering directory `/home/charanpreet/buddy_git/buddy/laptop-software/kinect-image/Color_tracking/build'
/usr/bin/cmake -E cmake_progress_report /home/charanpreet/buddy_git/buddy/laptop-software/kinect-image/Color_tracking/build/CMakeFiles 1
[ 14%] Building CXX object opencv_test/CMakeFiles/DepthConverter.dir/src/DepthConverter.cpp.o
cd /home/charanpreet/buddy_git/buddy/laptop-software/kinect-image/Color_tracking/build/opencv_test && /usr/bin/c++   -DROS_BUILD_SHARED_LIBS=1 -DROS_PACKAGE_NAME=\"opencv_test\" -DROSCONSOLE_BACKEND_LOG4CXX -I/home/charanpreet/buddy_git/buddy/laptop-software/kinect-image/Color_tracking/devel/include -I/opt/ros/hydro/include -I/opt/ros/hydro/include/opencv    -o CMakeFiles/DepthConverter.dir/src/DepthConverter.cpp.o -c /home/charanpreet/buddy_git/buddy/laptop-software/kinect-image/Color_tracking/src/opencv_test/src/DepthConverter.cpp
/home/charanpreet/buddy_git/buddy/laptop-software/kinect-image/Color_tracking/src/opencv_test/src/DepthConverter.cpp: In constructor ‘DepthConverter::DepthConverter(int*, int*)’:
/home/charanpreet/buddy_git/buddy/laptop-software/kinect-image/Color_tracking/src/opencv_test/src/DepthConverter.cpp:7:58: error: no matching function for call to ‘image_transport::ImageTransport::ImageTransport()’
/home/charanpreet/buddy_git/buddy/laptop-software/kinect-image/Color_tracking/src/opencv_test/src/DepthConverter.cpp:7:58: note: candidates are:
/opt/ros/hydro/include/image_transport/image_transport.h:54:12: note: image_transport::ImageTransport::ImageTransport(const ros::NodeHandle&)
/opt/ros/hydro/include/image_transport/image_transport.h:54:12: note:   candidate expects 1 argument, 0 provided
/opt/ros/hydro/include/image_transport/image_transport.h:51:7: note: image_transport::ImageTransport::ImageTransport(const image_transport::ImageTransport&)
/opt/ros/hydro/include/image_transport/image_transport.h:51:7: note:   candidate expects 1 argument, 0 provided
make[2]: Leaving directory `/home/charanpreet/buddy_git/buddy/laptop-software/kinect-image/Color_tracking/build'
make[1]: Leaving directory `/home/charanpreet/buddy_git/buddy/laptop-software/kinect-image/Color_tracking/build'
make[2]: *** [opencv_test/CMakeFiles/DepthConverter.dir/src/DepthConverter.cpp.o] Error 1
make[1]: *** [opencv_test/CMakeFiles/DepthConverter.dir/all] Error 2
make: *** [all] Error 2
/usr/bin/make all 
/usr/bin/cmake -H/home/charanpreet/buddy_git/buddy/laptop-software/kinect-image/Color_tracking/src -B/home/charanpreet/buddy_git/buddy/laptop-software/kinect-image/Color_tracking/build --check-build-system CMakeFiles/Makefile.cmake 0
/usr/bin/cmake -E cmake_progress_start /home/charanpreet/buddy_git/buddy/laptop-software/kinect-image/Color_tracking/build/CMakeFiles /home/charanpreet/buddy_git/buddy/laptop-software/kinect-image/Color_tracking/build/CMakeFiles/progress.marks
/usr/bin/make -f CMakeFiles/Makefile2 all
make[1]: Entering directory `/home/charanpreet/buddy_git/buddy/laptop-software/kinect-image/Color_tracking/build'
/usr/bin/make -f opencv_test/CMakeFiles/DepthConverter.dir/build.make opencv_test/CMakeFiles/DepthConverter.dir/depend
make[2]: Entering directory `/home/charanpreet/buddy_git/buddy/laptop-software/kinect-image/Color_tracking/build'
cd /home/charanpreet/buddy_git/buddy/laptop-software/kinect-image/Color_tracking/build && /usr/bin/cmake -E cmake_depends "Unix Makefiles" /home/charanpreet/buddy_git/buddy/laptop-software/kinect-image/Color_tracking/src /home/charanpreet/buddy_git/buddy/laptop-software/kinect-image/Color_tracking/src/opencv_test /home/charanpreet/buddy_git/buddy/laptop-software/kinect-image/Color_tracking/build /home/charanpreet/buddy_git/buddy/laptop-software/kinect-image/Color_tracking/build/opencv_test /home/charanpreet/buddy_git/buddy/laptop-software/kinect-image/Color_tracking/build/opencv_test/CMakeFiles/DepthConverter.dir/DependInfo.cmake --color=
make[2]: Leaving directory `/home/charanpreet/buddy_git/buddy/laptop-software/kinect-image/Color_tracking/build'
/usr/bin/make -f opencv_test/CMakeFiles/DepthConverter.dir/build.make opencv_test/CMakeFiles/DepthConverter.dir/build
make[2]: Entering directory `/home/charanpreet/buddy_git/buddy/laptop-software/kinect-image/Color_tracking/build'
/usr/bin/cmake -E cmake_progress_report /home/charanpreet/buddy_git/buddy/laptop-software/kinect-image/Color_tracking/build/CMakeFiles 1
[ 14%] Building CXX object opencv_test/CMakeFiles/DepthConverter.dir/src/DepthConverter.cpp.o
cd /home/charanpreet/buddy_git/buddy/laptop-software/kinect-image/Color_tracking/build/opencv_test && /usr/bin/c++   -DROS_BUILD_SHARED_LIBS=1 -DROS_PACKAGE_NAME=\"opencv_test\" -DROSCONSOLE_BACKEND_LOG4CXX -I/home/charanpreet/buddy_git/buddy/laptop-software/kinect-image/Color_tracking/devel/include -I/opt/ros/hydro/include -I/opt/ros/hydro/include/opencv    -o CMakeFiles/DepthConverter.dir/src/DepthConverter.cpp.o -c /home/charanpreet/buddy_git/buddy/laptop-software/kinect-image/Color_tracking/src/opencv_test/src/DepthConverter.cpp
/home/charanpreet/buddy_git/buddy/laptop-software/kinect-image/Color_tracking/src/opencv_test/src/DepthConverter.cpp: In constructor ‘DepthConverter::DepthConverter(int*, int*)’:
/home/charanpreet/buddy_git/buddy/laptop-software/kinect-image/Color_tracking/src/opencv_test/src/DepthConverter.cpp:7:58: error: no matching function for call to ‘image_transport::ImageTransport::ImageTransport()’
/home/charanpreet/buddy_git/buddy/laptop-software/kinect-image/Color_tracking/src/opencv_test/src/DepthConverter.cpp:7:58: note: candidates are:
/opt/ros/hydro/include/image_transport/image_transport.h:54:12: note: image_transport::ImageTransport::ImageTransport(const ros::NodeHandle&)
/opt/ros/hydro/include/image_transport/image_transport.h:54:12: note:   candidate expects 1 argument, 0 provided
/opt/ros/hydro/include/image_transport/image_transport.h:51:7: note: image_transport::ImageTransport::ImageTransport(const image_transport::ImageTransport&)
/opt/ros/hydro/include/image_transport/image_transport.h:51:7: note:   candidate expects 1 argument, 0 provided
make[2]: *** [opencv_test/CMakeFiles/DepthConverter.dir/src/DepthConverter.cpp.o] Error 1
make[1]: *** [opencv_test/CMakeFiles/DepthConverter.dir/all] Error 2
make[2]: Leaving directory `/home/charanpreet/buddy_git/buddy/laptop-software/kinect-image/Color_tracking/build'
make[1]: Leaving directory `/home/charanpreet/buddy_git/buddy/laptop-software/kinect-image/Color_tracking/build'
make: *** [all] Error 2
/usr/bin/make all 
/usr/bin/cmake -H/home/charanpreet/buddy_git/buddy/laptop-software/kinect-image/Color_tracking/src -B/home/charanpreet/buddy_git/buddy/laptop-software/kinect-image/Color_tracking/build --check-build-system CMakeFiles/Makefile.cmake 0
/usr/bin/cmake -E cmake_progress_start /home/charanpreet/buddy_git/buddy/laptop-software/kinect-image/Color_tracking/build/CMakeFiles /home/charanpreet/buddy_git/buddy/laptop-software/kinect-image/Color_tracking/build/CMakeFiles/progress.marks
/usr/bin/make -f CMakeFiles/Makefile2 all
make[1]: Entering directory `/home/charanpreet/buddy_git/buddy/laptop-software/kinect-image/Color_tracking/build'
/usr/bin/make -f opencv_test/CMakeFiles/DepthConverter.dir/build.make opencv_test/CMakeFiles/DepthConverter.dir/depend
make[2]: Entering directory `/home/charanpreet/buddy_git/buddy/laptop-software/kinect-image/Color_tracking/build'
cd /home/charanpreet/buddy_git/buddy/laptop-software/kinect-image/Color_tracking/build && /usr/bin/cmake -E cmake_depends "Unix Makefiles" /home/charanpreet/buddy_git/buddy/laptop-software/kinect-image/Color_tracking/src /home/charanpreet/buddy_git/buddy/laptop-software/kinect-image/Color_tracking/src/opencv_test /home/charanpreet/buddy_git/buddy/laptop-software/kinect-image/Color_tracking/build /home/charanpreet/buddy_git/buddy/laptop-software/kinect-image/Color_tracking/build/opencv_test /home/charanpreet/buddy_git/buddy/laptop-software/kinect-image/Color_tracking/build/opencv_test/CMakeFiles/DepthConverter.dir/DependInfo.cmake --color=
make[2]: Leaving directory `/home/charanpreet/buddy_git/buddy/laptop-software/kinect-image/Color_tracking/build'
/usr/bin/make -f opencv_test/CMakeFiles/DepthConverter.dir/build.make opencv_test/CMakeFiles/DepthConverter.dir/build
make[2]: Entering directory `/home/charanpreet/buddy_git/buddy/laptop-software/kinect-image/Color_tracking/build'
/usr/bin/cmake -E cmake_progress_report /home/charanpreet/buddy_git/buddy/laptop-software/kinect-image/Color_tracking/build/CMakeFiles 1
[ 14%] Building CXX object opencv_test/CMakeFiles/DepthConverter.dir/src/DepthConverter.cpp.o
cd /home/charanpreet/buddy_git/buddy/laptop-software/kinect-image/Color_tracking/build/opencv_test && /usr/bin/c++   -DROS_BUILD_SHARED_LIBS=1 -DROS_PACKAGE_NAME=\"opencv_test\" -DROSCONSOLE_BACKEND_LOG4CXX -I/home/charanpreet/buddy_git/buddy/laptop-software/kinect-image/Color_tracking/devel/include -I/opt/ros/hydro/include -I/opt/ros/hydro/include/opencv    -o CMakeFiles/DepthConverter.dir/src/DepthConverter.cpp.o -c /home/charanpreet/buddy_git/buddy/laptop-software/kinect-image/Color_tracking/src/opencv_test/src/DepthConverter.cpp
/home/charanpreet/buddy_git/buddy/laptop-software/kinect-image/Color_tracking/src/opencv_test/src/DepthConverter.cpp: In constructor ‘DepthConverter::DepthConverter(int*, int*)’:
/home/charanpreet/buddy_git/buddy/laptop-software/kinect-image/Color_tracking/src/opencv_test/src/DepthConverter.cpp:7:61: error: expected identifier before ‘this’
/home/charanpreet/buddy_git/buddy/laptop-software/kinect-image/Color_tracking/src/opencv_test/src/DepthConverter.cpp:7:61: error: no matching function for call to ‘image_transport::ImageTransport::ImageTransport()’
/home/charanpreet/buddy_git/buddy/laptop-software/kinect-image/Color_tracking/src/opencv_test/src/DepthConverter.cpp:7:61: note: candidates are:
/opt/ros/hydro/include/image_transport/image_transport.h:54:12: note: image_transport::ImageTransport::ImageTransport(const ros::NodeHandle&)
/opt/ros/hydro/include/image_transport/image_transport.h:54:12: note:   candidate expects 1 argument, 0 provided
/opt/ros/hydro/include/image_transport/image_transport.h:51:7: note: image_transport::ImageTransport::ImageTransport(const image_transport::ImageTransport&)
/opt/ros/hydro/include/image_transport/image_transport.h:51:7: note:   candidate expects 1 argument, 0 provided
make[2]: Leaving directory `/home/charanpreet/buddy_git/buddy/laptop-software/kinect-image/Color_tracking/build'
make[1]: Leaving directory `/home/charanpreet/buddy_git/buddy/laptop-software/kinect-image/Color_tracking/build'
/home/charanpreet/buddy_git/buddy/laptop-software/kinect-image/Color_tracking/src/opencv_test/src/DepthConverter.cpp:7:61: error: expected ‘{’ before ‘this’
/home/charanpreet/buddy_git/buddy/laptop-software/kinect-image/Color_tracking/src/opencv_test/src/DepthConverter.cpp: At global scope:
/home/charanpreet/buddy_git/buddy/laptop-software/kinect-image/Color_tracking/src/opencv_test/src/DepthConverter.cpp:7:61: error: expected unqualified-id before ‘this’
make[2]: *** [opencv_test/CMakeFiles/DepthConverter.dir/src/DepthConverter.cpp.o] Error 1
make[1]: *** [opencv_test/CMakeFiles/DepthConverter.dir/all] Error 2
make: *** [all] Error 2
/usr/bin/make all 
/usr/bin/cmake -H/home/charanpreet/buddy_git/buddy/laptop-software/kinect-image/Color_tracking/src -B/home/charanpreet/buddy_git/buddy/laptop-software/kinect-image/Color_tracking/build --check-build-system CMakeFiles/Makefile.cmake 0
/usr/bin/cmake -E cmake_progress_start /home/charanpreet/buddy_git/buddy/laptop-software/kinect-image/Color_tracking/build/CMakeFiles /home/charanpreet/buddy_git/buddy/laptop-software/kinect-image/Color_tracking/build/CMakeFiles/progress.marks
/usr/bin/make -f CMakeFiles/Makefile2 all
make[1]: Entering directory `/home/charanpreet/buddy_git/buddy/laptop-software/kinect-image/Color_tracking/build'
/usr/bin/make -f opencv_test/CMakeFiles/DepthConverter.dir/build.make opencv_test/CMakeFiles/DepthConverter.dir/depend
make[2]: Entering directory `/home/charanpreet/buddy_git/buddy/laptop-software/kinect-image/Color_tracking/build'
cd /home/charanpreet/buddy_git/buddy/laptop-software/kinect-image/Color_tracking/build && /usr/bin/cmake -E cmake_depends "Unix Makefiles" /home/charanpreet/buddy_git/buddy/laptop-software/kinect-image/Color_tracking/src /home/charanpreet/buddy_git/buddy/laptop-software/kinect-image/Color_tracking/src/opencv_test /home/charanpreet/buddy_git/buddy/laptop-software/kinect-image/Color_tracking/build /home/charanpreet/buddy_git/buddy/laptop-software/kinect-image/Color_tracking/build/opencv_test /home/charanpreet/buddy_git/buddy/laptop-software/kinect-image/Color_tracking/build/opencv_test/CMakeFiles/DepthConverter.dir/DependInfo.cmake --color=
make[2]: Leaving directory `/home/charanpreet/buddy_git/buddy/laptop-software/kinect-image/Color_tracking/build'
/usr/bin/make -f opencv_test/CMakeFiles/DepthConverter.dir/build.make opencv_test/CMakeFiles/DepthConverter.dir/build
make[2]: Entering directory `/home/charanpreet/buddy_git/buddy/laptop-software/kinect-image/Color_tracking/build'
/usr/bin/cmake -E cmake_progress_report /home/charanpreet/buddy_git/buddy/laptop-software/kinect-image/Color_tracking/build/CMakeFiles 1
[ 14%] Building CXX object opencv_test/CMakeFiles/DepthConverter.dir/src/DepthConverter.cpp.o
cd /home/charanpreet/buddy_git/buddy/laptop-software/kinect-image/Color_tracking/build/opencv_test && /usr/bin/c++   -DROS_BUILD_SHARED_LIBS=1 -DROS_PACKAGE_NAME=\"opencv_test\" -DROSCONSOLE_BACKEND_LOG4CXX -I/home/charanpreet/buddy_git/buddy/laptop-software/kinect-image/Color_tracking/devel/include -I/opt/ros/hydro/include -I/opt/ros/hydro/include/opencv    -o CMakeFiles/DepthConverter.dir/src/DepthConverter.cpp.o -c /home/charanpreet/buddy_git/buddy/laptop-software/kinect-image/Color_tracking/src/opencv_test/src/DepthConverter.cpp
Linking CXX executable /home/charanpreet/buddy_git/buddy/laptop-software/kinect-image/Color_tracking/devel/lib/opencv_test/DepthConverter
cd /home/charanpreet/buddy_git/buddy/laptop-software/kinect-image/Color_tracking/build/opencv_test && /usr/bin/cmake -E cmake_link_script CMakeFiles/DepthConverter.dir/link.txt --verbose=1
/usr/bin/c++       CMakeFiles/DepthConverter.dir/src/DepthConverter.cpp.o  -o /home/charanpreet/buddy_git/buddy/laptop-software/kinect-image/Color_tracking/devel/lib/opencv_test/DepthConverter -rdynamic 
/usr/lib/gcc/x86_64-linux-gnu/4.6/../../../x86_64-linux-gnu/crt1.o: In function `_start':
(.text+0x20): undefined reference to `main'
CMakeFiles/DepthConverter.dir/src/DepthConverter.cpp.o: In function `DepthConverter::DepthConverter(int*, int*)':
DepthConverter.cpp:(.text+0x55): undefined reference to `ros::NodeHandle::NodeHandle(std::basic_string<char, std::char_traits<char>, std::allocator<char> > const&, std::map<std::basic_string<char, std::char_traits<char>, std::allocator<char> >, std::basic_string<char, std::char_traits<char>, std::allocator<char> >, std::less<std::basic_string<char, std::char_traits<char>, std::allocator<char> > >, std::allocator<std::pair<std::basic_string<char, std::char_traits<char>, std::allocator<char> > const, std::basic_string<char, std::char_traits<char>, std::allocator<char> > > > > const&)'
make[2]: Leaving directory `/home/charanpreet/buddy_git/buddy/laptop-software/kinect-image/Color_tracking/build'
make[1]: Leaving directory `/home/charanpreet/buddy_git/buddy/laptop-software/kinect-image/Color_tracking/build'
DepthConverter.cpp:(.text+0x90): undefined reference to `image_transport::ImageTransport::ImageTransport(ros::NodeHandle const&)'
DepthConverter.cpp:(.text+0xe4): undefined reference to `ros::NodeHandle::NodeHandle(std::basic_string<char, std::char_traits<char>, std::allocator<char> > const&, std::map<std::basic_string<char, std::char_traits<char>, std::allocator<char> >, std::basic_string<char, std::char_traits<char>, std::allocator<char> >, std::less<std::basic_string<char, std::char_traits<char>, std::allocator<char> > >, std::allocator<std::pair<std::basic_string<char, std::char_traits<char>, std::allocator<char> > const, std::basic_string<char, std::char_traits<char>, std::allocator<char> > > > > const&)'
DepthConverter.cpp:(.text+0x1ac): undefined reference to `ros::NodeHandle::NodeHandle(std::basic_string<char, std::char_traits<char>, std::allocator<char> > const&, std::map<std::basic_string<char, std::char_traits<char>, std::allocator<char> >, std::basic_string<char, std::char_traits<char>, std::allocator<char> >, std::less<std::basic_string<char, std::char_traits<char>, std::allocator<char> > >, std::allocator<std::pair<std::basic_string<char, std::char_traits<char>, std::allocator<char> > const, std::basic_string<char, std::char_traits<char>, std::allocator<char> > > > > const&)'
DepthConverter.cpp:(.text+0x323): undefined reference to `ros::NodeHandle::~NodeHandle()'
DepthConverter.cpp:(.text+0x44a): undefined reference to `ros::NodeHandle::~NodeHandle()'
DepthConverter.cpp:(.text+0x4b2): undefined reference to `ros::Publisher::~Publisher()'
DepthConverter.cpp:(.text+0x4cc): undefined reference to `ros::NodeHandle::~NodeHandle()'
DepthConverter.cpp:(.text+0x500): undefined reference to `image_transport::ImageTransport::~ImageTransport()'
DepthConverter.cpp:(.text+0x514): undefined reference to `ros::NodeHandle::~NodeHandle()'
CMakeFiles/DepthConverter.dir/src/DepthConverter.cpp.o: In function `DepthConverter::~DepthConverter()':
DepthConverter.cpp:(.text+0x53f): undefined reference to `ros::Publisher::~Publisher()'
DepthConverter.cpp:(.text+0x551): undefined reference to `ros::NodeHandle::~NodeHandle()'
DepthConverter.cpp:(.text+0x575): undefined reference to `image_transport::ImageTransport::~ImageTransport()'
DepthConverter.cpp:(.text+0x581): undefined reference to `ros::NodeHandle::~NodeHandle()'
DepthConverter.cpp:(.text+0x59d): undefined reference to `ros::NodeHandle::~NodeHandle()'
DepthConverter.cpp:(.text+0x5cb): undefined reference to `image_transport::ImageTransport::~ImageTransport()'
DepthConverter.cpp:(.text+0x5dc): undefined reference to `ros::NodeHandle::~NodeHandle()'
CMakeFiles/DepthConverter.dir/src/DepthConverter.cpp.o: In function `DepthConverter::imageCb(boost::shared_ptr<sensor_msgs::Image_<std::allocator<void> > const> const&)':
DepthConverter.cpp:(.text+0x61f): undefined reference to `cv_bridge::toCvCopy(boost::shared_ptr<sensor_msgs::Image_<std::allocator<void> > const> const&, std::basic_string<char, std::char_traits<char>, std::allocator<char> > const&)'
DepthConverter.cpp:(.text+0x684): undefined reference to `ros::console::g_initialized'
DepthConverter.cpp:(.text+0x694): undefined reference to `ros::console::initialize()'
DepthConverter.cpp:(.text+0x6dd): undefined reference to `ros::console::initializeLogLocation(ros::console::LogLocation*, std::basic_string<char, std::char_traits<char>, std::allocator<char> > const&, ros::console::levels::Level)'
DepthConverter.cpp:(.text+0x718): undefined reference to `ros::console::setLogLocationLevel(ros::console::LogLocation*, ros::console::levels::Level)'
DepthConverter.cpp:(.text+0x722): undefined reference to `ros::console::checkLogLocationEnabled(ros::console::LogLocation*)'
DepthConverter.cpp:(.text+0x775): undefined reference to `ros::console::print(ros::console::FilterBase*, void*, ros::console::levels::Level, char const*, int, char const*, char const*, ...)'
DepthConverter.cpp:(.text+0x822): undefined reference to `ros::console::g_initialized'
DepthConverter.cpp:(.text+0x832): undefined reference to `ros::console::initialize()'
DepthConverter.cpp:(.text+0x87b): undefined reference to `ros::console::initializeLogLocation(ros::console::LogLocation*, std::basic_string<char, std::char_traits<char>, std::allocator<char> > const&, ros::console::levels::Level)'
DepthConverter.cpp:(.text+0x8b6): undefined reference to `ros::console::setLogLocationLevel(ros::console::LogLocation*, ros::console::levels::Level)'
DepthConverter.cpp:(.text+0x8c0): undefined reference to `ros::console::checkLogLocationEnabled(ros::console::LogLocation*)'
DepthConverter.cpp:(.text+0x924): undefined reference to `ros::console::print(ros::console::FilterBase*, void*, ros::console::levels::Level, char const*, int, char const*, char const*, ...)'
CMakeFiles/DepthConverter.dir/src/DepthConverter.cpp.o: In function `image_transport::TransportHints::TransportHints(std::basic_string<char, std::char_traits<char>, std::allocator<char> > const&, ros::TransportHints const&, ros::NodeHandle const&, std::basic_string<char, std::char_traits<char>, std::allocator<char> > const&)':
DepthConverter.cpp:(.text._ZN15image_transport14TransportHintsC2ERKSsRKN3ros14TransportHintsERKNS3_10NodeHandleES2_[_ZN15image_transport14TransportHintsC5ERKSsRKN3ros14TransportHintsERKNS3_10NodeHandleES2_]+0x53): undefined reference to `ros::NodeHandle::NodeHandle(ros::NodeHandle const&)'
DepthConverter.cpp:(.text._ZN15image_transport14TransportHintsC2ERKSsRKN3ros14TransportHintsERKNS3_10NodeHandleES2_[_ZN15image_transport14TransportHintsC5ERKSsRKN3ros14TransportHintsERKNS3_10NodeHandleES2_]+0x84): undefined reference to `ros::NodeHandle::~NodeHandle()'
CMakeFiles/DepthConverter.dir/src/DepthConverter.cpp.o: In function `image_transport::TransportHints::~TransportHints()':
DepthConverter.cpp:(.text._ZN15image_transport14TransportHintsD2Ev[_ZN15image_transport14TransportHintsD5Ev]+0x19): undefined reference to `ros::NodeHandle::~NodeHandle()'
CMakeFiles/DepthConverter.dir/src/DepthConverter.cpp.o: In function `void ros::NodeHandle::param<std::basic_string<char, std::char_traits<char>, std::allocator<char> > >(std::basic_string<char, std::char_traits<char>, std::allocator<char> > const&, std::basic_string<char, std::char_traits<char>, std::allocator<char> >&, std::basic_string<char, std::char_traits<char>, std::allocator<char> > const&) const':
DepthConverter.cpp:(.text._ZNK3ros10NodeHandle5paramISsEEvRKSsRT_RKS4_[void ros::NodeHandle::param<std::basic_string<char, std::char_traits<char>, std::allocator<char> > >(std::basic_string<char, std::char_traits<char>, std::allocator<char> > const&, std::basic_string<char, std::char_traits<char>, std::allocator<char> >&, std::basic_string<char, std::char_traits<char>, std::allocator<char> > const&) const]+0x27): undefined reference to `ros::NodeHandle::hasParam(std::basic_string<char, std::char_traits<char>, std::allocator<char> > const&) const'
DepthConverter.cpp:(.text._ZNK3ros10NodeHandle5paramISsEEvRKSsRT_RKS4_[void ros::NodeHandle::param<std::basic_string<char, std::char_traits<char>, std::allocator<char> > >(std::basic_string<char, std::char_traits<char>, std::allocator<char> > const&, std::basic_string<char, std::char_traits<char>, std::allocator<char> >&, std::basic_string<char, std::char_traits<char>, std::allocator<char> > const&) const]+0x42): undefined reference to `ros::NodeHandle::getParam(std::basic_string<char, std::char_traits<char>, std::allocator<char> > const&, std::basic_string<char, std::char_traits<char>, std::allocator<char> >&) const'
CMakeFiles/DepthConverter.dir/src/DepthConverter.cpp.o: In function `image_transport::Subscriber image_transport::ImageTransport::subscribe<DepthConverter>(std::basic_string<char, std::char_traits<char>, std::allocator<char> > const&, unsigned int, void (DepthConverter::*)(boost::shared_ptr<sensor_msgs::Image_<std::allocator<void> > const> const&), DepthConverter*, image_transport::TransportHints const&)':
DepthConverter.cpp:(.text._ZN15image_transport14ImageTransport9subscribeI14DepthConverterEENS_10SubscriberERKSsjMT_FvRKN5boost10shared_ptrIKN11sensor_msgs6Image_ISaIvEEEEEEPS6_RKNS_14TransportHintsE[image_transport::Subscriber image_transport::ImageTransport::subscribe<DepthConverter>(std::basic_string<char, std::char_traits<char>, std::allocator<char> > const&, unsigned int, void (DepthConverter::*)(boost::shared_ptr<sensor_msgs::Image_<std::allocator<void> > const> const&), DepthConverter*, image_transport::TransportHints const&)]+0xaa): undefined reference to `image_transport::ImageTransport::subscribe(std::basic_string<char, std::char_traits<char>, std::allocator<char> > const&, unsigned int, boost::function<void (boost::shared_ptr<sensor_msgs::Image_<std::allocator<void> > const> const&)> const&, boost::shared_ptr<void> const&, image_transport::TransportHints const&)'
collect2: ld returned 1 exit status
make[2]: *** [/home/charanpreet/buddy_git/buddy/laptop-software/kinect-image/Color_tracking/devel/lib/opencv_test/DepthConverter] Error 1
make[1]: *** [opencv_test/CMakeFiles/DepthConverter.dir/all] Error 2
make: *** [all] Error 2
/usr/bin/make all 
/usr/bin/cmake -H/home/charanpreet/buddy_git/buddy/laptop-software/kinect-image/Color_tracking/src -B/home/charanpreet/buddy_git/buddy/laptop-software/kinect-image/Color_tracking/build --check-build-system CMakeFiles/Makefile.cmake 0
/usr/bin/cmake -E cmake_progress_start /home/charanpreet/buddy_git/buddy/laptop-software/kinect-image/Color_tracking/build/CMakeFiles /home/charanpreet/buddy_git/buddy/laptop-software/kinect-image/Color_tracking/build/CMakeFiles/progress.marks
/usr/bin/make -f CMakeFiles/Makefile2 all
make[1]: Entering directory `/home/charanpreet/buddy_git/buddy/laptop-software/kinect-image/Color_tracking/build'
/usr/bin/make -f opencv_test/CMakeFiles/DepthConverter.dir/build.make opencv_test/CMakeFiles/DepthConverter.dir/depend
make[2]: Entering directory `/home/charanpreet/buddy_git/buddy/laptop-software/kinect-image/Color_tracking/build'
cd /home/charanpreet/buddy_git/buddy/laptop-software/kinect-image/Color_tracking/build && /usr/bin/cmake -E cmake_depends "Unix Makefiles" /home/charanpreet/buddy_git/buddy/laptop-software/kinect-image/Color_tracking/src /home/charanpreet/buddy_git/buddy/laptop-software/kinect-image/Color_tracking/src/opencv_test /home/charanpreet/buddy_git/buddy/laptop-software/kinect-image/Color_tracking/build /home/charanpreet/buddy_git/buddy/laptop-software/kinect-image/Color_tracking/build/opencv_test /home/charanpreet/buddy_git/buddy/laptop-software/kinect-image/Color_tracking/build/opencv_test/CMakeFiles/DepthConverter.dir/DependInfo.cmake --color=
/usr/lib/gcc/x86_64-linux-gnu/4.6/../../../x86_64-linux-gnu/crt1.o: In function `_start':
(.text+0x20): undefined reference to `main'
CMakeFiles/DepthConverter.dir/src/DepthConverter.cpp.o: In function `DepthConverter::DepthConverter(int*, int*)':
DepthConverter.cpp:(.text+0x55): undefined reference to `ros::NodeHandle::NodeHandle(std::basic_string<char, std::char_traits<char>, std::allocator<char> > const&, std::map<std::basic_string<char, std::char_traits<char>, std::allocator<char> >, std::basic_string<char, std::char_traits<char>, std::allocator<char> >, std::less<std::basic_string<char, std::char_traits<char>, std::allocator<char> > >, std::allocator<std::pair<std::basic_string<char, std::char_traits<char>, std::allocator<char> > const, std::basic_string<char, std::char_traits<char>, std::allocator<char> > > > > const&)'
make[2]: Leaving directory `/home/charanpreet/buddy_git/buddy/laptop-software/kinect-image/Color_tracking/build'
/usr/bin/make -f opencv_test/CMakeFiles/DepthConverter.dir/build.make opencv_test/CMakeFiles/DepthConverter.dir/build
make[2]: Entering directory `/home/charanpreet/buddy_git/buddy/laptop-software/kinect-image/Color_tracking/build'
Linking CXX executable /home/charanpreet/buddy_git/buddy/laptop-software/kinect-image/Color_tracking/devel/lib/opencv_test/DepthConverter
DepthConverter.cpp:(.text+0x90): undefined reference to `image_transport::ImageTransport::ImageTransport(ros::NodeHandle const&)'
cd /home/charanpreet/buddy_git/buddy/laptop-software/kinect-image/Color_tracking/build/opencv_test && /usr/bin/cmake -E cmake_link_script CMakeFiles/DepthConverter.dir/link.txt --verbose=1
DepthConverter.cpp:(.text+0xe4): undefined reference to `ros::NodeHandle::NodeHandle(std::basic_string<char, std::char_traits<char>, std::allocator<char> > const&, std::map<std::basic_string<char, std::char_traits<char>, std::allocator<char> >, std::basic_string<char, std::char_traits<char>, std::allocator<char> >, std::less<std::basic_string<char, std::char_traits<char>, std::allocator<char> > >, std::allocator<std::pair<std::basic_string<char, std::char_traits<char>, std::allocator<char> > const, std::basic_string<char, std::char_traits<char>, std::allocator<char> > > > > const&)'
/usr/bin/c++       CMakeFiles/DepthConverter.dir/src/DepthConverter.cpp.o  -o /home/charanpreet/buddy_git/buddy/laptop-software/kinect-image/Color_tracking/devel/lib/opencv_test/DepthConverter -rdynamic 
DepthConverter.cpp:(.text+0x1ac): undefined reference to `ros::NodeHandle::NodeHandle(std::basic_string<char, std::char_traits<char>, std::allocator<char> > const&, std::map<std::basic_string<char, std::char_traits<char>, std::allocator<char> >, std::basic_string<char, std::char_traits<char>, std::allocator<char> >, std::less<std::basic_string<char, std::char_traits<char>, std::allocator<char> > >, std::allocator<std::pair<std::basic_string<char, std::char_traits<char>, std::allocator<char> > const, std::basic_string<char, std::char_traits<char>, std::allocator<char> > > > > const&)'
make[2]: Leaving directory `/home/charanpreet/buddy_git/buddy/laptop-software/kinect-image/Color_tracking/build'
DepthConverter.cpp:(.text+0x323): undefined reference to `ros::NodeHandle::~NodeHandle()'
make[1]: Leaving directory `/home/charanpreet/buddy_git/buddy/laptop-software/kinect-image/Color_tracking/build'
DepthConverter.cpp:(.text+0x44a): undefined reference to `ros::NodeHandle::~NodeHandle()'
DepthConverter.cpp:(.text+0x4b2): undefined reference to `ros::Publisher::~Publisher()'
DepthConverter.cpp:(.text+0x4cc): undefined reference to `ros::NodeHandle::~NodeHandle()'
DepthConverter.cpp:(.text+0x500): undefined reference to `image_transport::ImageTransport::~ImageTransport()'
DepthConverter.cpp:(.text+0x514): undefined reference to `ros::NodeHandle::~NodeHandle()'
CMakeFiles/DepthConverter.dir/src/DepthConverter.cpp.o: In function `DepthConverter::~DepthConverter()':
DepthConverter.cpp:(.text+0x53f): undefined reference to `ros::Publisher::~Publisher()'
DepthConverter.cpp:(.text+0x551): undefined reference to `ros::NodeHandle::~NodeHandle()'
DepthConverter.cpp:(.text+0x575): undefined reference to `image_transport::ImageTransport::~ImageTransport()'
DepthConverter.cpp:(.text+0x581): undefined reference to `ros::NodeHandle::~NodeHandle()'
DepthConverter.cpp:(.text+0x59d): undefined reference to `ros::NodeHandle::~NodeHandle()'
DepthConverter.cpp:(.text+0x5cb): undefined reference to `image_transport::ImageTransport::~ImageTransport()'
DepthConverter.cpp:(.text+0x5dc): undefined reference to `ros::NodeHandle::~NodeHandle()'
CMakeFiles/DepthConverter.dir/src/DepthConverter.cpp.o: In function `DepthConverter::imageCb(boost::shared_ptr<sensor_msgs::Image_<std::allocator<void> > const> const&)':
DepthConverter.cpp:(.text+0x61f): undefined reference to `cv_bridge::toCvCopy(boost::shared_ptr<sensor_msgs::Image_<std::allocator<void> > const> const&, std::basic_string<char, std::char_traits<char>, std::allocator<char> > const&)'
DepthConverter.cpp:(.text+0x684): undefined reference to `ros::console::g_initialized'
DepthConverter.cpp:(.text+0x694): undefined reference to `ros::console::initialize()'
DepthConverter.cpp:(.text+0x6dd): undefined reference to `ros::console::initializeLogLocation(ros::console::LogLocation*, std::basic_string<char, std::char_traits<char>, std::allocator<char> > const&, ros::console::levels::Level)'
DepthConverter.cpp:(.text+0x718): undefined reference to `ros::console::setLogLocationLevel(ros::console::LogLocation*, ros::console::levels::Level)'
DepthConverter.cpp:(.text+0x722): undefined reference to `ros::console::checkLogLocationEnabled(ros::console::LogLocation*)'
DepthConverter.cpp:(.text+0x775): undefined reference to `ros::console::print(ros::console::FilterBase*, void*, ros::console::levels::Level, char const*, int, char const*, char const*, ...)'
DepthConverter.cpp:(.text+0x822): undefined reference to `ros::console::g_initialized'
DepthConverter.cpp:(.text+0x832): undefined reference to `ros::console::initialize()'
DepthConverter.cpp:(.text+0x87b): undefined reference to `ros::console::initializeLogLocation(ros::console::LogLocation*, std::basic_string<char, std::char_traits<char>, std::allocator<char> > const&, ros::console::levels::Level)'
DepthConverter.cpp:(.text+0x8b6): undefined reference to `ros::console::setLogLocationLevel(ros::console::LogLocation*, ros::console::levels::Level)'
DepthConverter.cpp:(.text+0x8c0): undefined reference to `ros::console::checkLogLocationEnabled(ros::console::LogLocation*)'
DepthConverter.cpp:(.text+0x924): undefined reference to `ros::console::print(ros::console::FilterBase*, void*, ros::console::levels::Level, char const*, int, char const*, char const*, ...)'
CMakeFiles/DepthConverter.dir/src/DepthConverter.cpp.o: In function `image_transport::TransportHints::TransportHints(std::basic_string<char, std::char_traits<char>, std::allocator<char> > const&, ros::TransportHints const&, ros::NodeHandle const&, std::basic_string<char, std::char_traits<char>, std::allocator<char> > const&)':
DepthConverter.cpp:(.text._ZN15image_transport14TransportHintsC2ERKSsRKN3ros14TransportHintsERKNS3_10NodeHandleES2_[_ZN15image_transport14TransportHintsC5ERKSsRKN3ros14TransportHintsERKNS3_10NodeHandleES2_]+0x53): undefined reference to `ros::NodeHandle::NodeHandle(ros::NodeHandle const&)'
DepthConverter.cpp:(.text._ZN15image_transport14TransportHintsC2ERKSsRKN3ros14TransportHintsERKNS3_10NodeHandleES2_[_ZN15image_transport14TransportHintsC5ERKSsRKN3ros14TransportHintsERKNS3_10NodeHandleES2_]+0x84): undefined reference to `ros::NodeHandle::~NodeHandle()'
CMakeFiles/DepthConverter.dir/src/DepthConverter.cpp.o: In function `image_transport::TransportHints::~TransportHints()':
DepthConverter.cpp:(.text._ZN15image_transport14TransportHintsD2Ev[_ZN15image_transport14TransportHintsD5Ev]+0x19): undefined reference to `ros::NodeHandle::~NodeHandle()'
CMakeFiles/DepthConverter.dir/src/DepthConverter.cpp.o: In function `void ros::NodeHandle::param<std::basic_string<char, std::char_traits<char>, std::allocator<char> > >(std::basic_string<char, std::char_traits<char>, std::allocator<char> > const&, std::basic_string<char, std::char_traits<char>, std::allocator<char> >&, std::basic_string<char, std::char_traits<char>, std::allocator<char> > const&) const':
DepthConverter.cpp:(.text._ZNK3ros10NodeHandle5paramISsEEvRKSsRT_RKS4_[void ros::NodeHandle::param<std::basic_string<char, std::char_traits<char>, std::allocator<char> > >(std::basic_string<char, std::char_traits<char>, std::allocator<char> > const&, std::basic_string<char, std::char_traits<char>, std::allocator<char> >&, std::basic_string<char, std::char_traits<char>, std::allocator<char> > const&) const]+0x27): undefined reference to `ros::NodeHandle::hasParam(std::basic_string<char, std::char_traits<char>, std::allocator<char> > const&) const'
DepthConverter.cpp:(.text._ZNK3ros10NodeHandle5paramISsEEvRKSsRT_RKS4_[void ros::NodeHandle::param<std::basic_string<char, std::char_traits<char>, std::allocator<char> > >(std::basic_string<char, std::char_traits<char>, std::allocator<char> > const&, std::basic_string<char, std::char_traits<char>, std::allocator<char> >&, std::basic_string<char, std::char_traits<char>, std::allocator<char> > const&) const]+0x42): undefined reference to `ros::NodeHandle::getParam(std::basic_string<char, std::char_traits<char>, std::allocator<char> > const&, std::basic_string<char, std::char_traits<char>, std::allocator<char> >&) const'
CMakeFiles/DepthConverter.dir/src/DepthConverter.cpp.o: In function `image_transport::Subscriber image_transport::ImageTransport::subscribe<DepthConverter>(std::basic_string<char, std::char_traits<char>, std::allocator<char> > const&, unsigned int, void (DepthConverter::*)(boost::shared_ptr<sensor_msgs::Image_<std::allocator<void> > const> const&), DepthConverter*, image_transport::TransportHints const&)':
DepthConverter.cpp:(.text._ZN15image_transport14ImageTransport9subscribeI14DepthConverterEENS_10SubscriberERKSsjMT_FvRKN5boost10shared_ptrIKN11sensor_msgs6Image_ISaIvEEEEEEPS6_RKNS_14TransportHintsE[image_transport::Subscriber image_transport::ImageTransport::subscribe<DepthConverter>(std::basic_string<char, std::char_traits<char>, std::allocator<char> > const&, unsigned int, void (DepthConverter::*)(boost::shared_ptr<sensor_msgs::Image_<std::allocator<void> > const> const&), DepthConverter*, image_transport::TransportHints const&)]+0xaa): undefined reference to `image_transport::ImageTransport::subscribe(std::basic_string<char, std::char_traits<char>, std::allocator<char> > const&, unsigned int, boost::function<void (boost::shared_ptr<sensor_msgs::Image_<std::allocator<void> > const> const&)> const&, boost::shared_ptr<void> const&, image_transport::TransportHints const&)'
collect2: ld returned 1 exit status
make[2]: *** [/home/charanpreet/buddy_git/buddy/laptop-software/kinect-image/Color_tracking/devel/lib/opencv_test/DepthConverter] Error 1
make[1]: *** [opencv_test/CMakeFiles/DepthConverter.dir/all] Error 2
make: *** [all] Error 2
/usr/bin/make all 
/usr/bin/cmake -H/home/charanpreet/buddy_git/buddy/laptop-software/kinect-image/Color_tracking/src -B/home/charanpreet/buddy_git/buddy/laptop-software/kinect-image/Color_tracking/build --check-build-system CMakeFiles/Makefile.cmake 0
/usr/bin/cmake -E cmake_progress_start /home/charanpreet/buddy_git/buddy/laptop-software/kinect-image/Color_tracking/build/CMakeFiles /home/charanpreet/buddy_git/buddy/laptop-software/kinect-image/Color_tracking/build/CMakeFiles/progress.marks
/usr/bin/make -f CMakeFiles/Makefile2 all
make[1]: Entering directory `/home/charanpreet/buddy_git/buddy/laptop-software/kinect-image/Color_tracking/build'
/usr/bin/make -f opencv_test/CMakeFiles/std_msgs_generate_messages_py.dir/build.make opencv_test/CMakeFiles/std_msgs_generate_messages_py.dir/depend
make[2]: Entering directory `/home/charanpreet/buddy_git/buddy/laptop-software/kinect-image/Color_tracking/build'
cd /home/charanpreet/buddy_git/buddy/laptop-software/kinect-image/Color_tracking/build && /usr/bin/cmake -E cmake_depends "Unix Makefiles" /home/charanpreet/buddy_git/buddy/laptop-software/kinect-image/Color_tracking/src /home/charanpreet/buddy_git/buddy/laptop-software/kinect-image/Color_tracking/src/opencv_test /home/charanpreet/buddy_git/buddy/laptop-software/kinect-image/Color_tracking/build /home/charanpreet/buddy_git/buddy/laptop-software/kinect-image/Color_tracking/build/opencv_test /home/charanpreet/buddy_git/buddy/laptop-software/kinect-image/Color_tracking/build/opencv_test/CMakeFiles/std_msgs_generate_messages_py.dir/DependInfo.cmake --color=
make[2]: Leaving directory `/home/charanpreet/buddy_git/buddy/laptop-software/kinect-image/Color_tracking/build'
/usr/bin/make -f opencv_test/CMakeFiles/std_msgs_generate_messages_py.dir/build.make opencv_test/CMakeFiles/std_msgs_generate_messages_py.dir/build
make[2]: Entering directory `/home/charanpreet/buddy_git/buddy/laptop-software/kinect-image/Color_tracking/build'
make[2]: Nothing to be done for `opencv_test/CMakeFiles/std_msgs_generate_messages_py.dir/build'.
make[2]: Leaving directory `/home/charanpreet/buddy_git/buddy/laptop-software/kinect-image/Color_tracking/build'
/usr/bin/cmake -E cmake_progress_report /home/charanpreet/buddy_git/buddy/laptop-software/kinect-image/Color_tracking/build/CMakeFiles 
[  0%] Built target std_msgs_generate_messages_py
/usr/bin/make -f opencv_test/CMakeFiles/sensor_msgs_generate_messages_py.dir/build.make opencv_test/CMakeFiles/sensor_msgs_generate_messages_py.dir/depend
make[2]: Entering directory `/home/charanpreet/buddy_git/buddy/laptop-software/kinect-image/Color_tracking/build'
cd /home/charanpreet/buddy_git/buddy/laptop-software/kinect-image/Color_tracking/build && /usr/bin/cmake -E cmake_depends "Unix Makefiles" /home/charanpreet/buddy_git/buddy/laptop-software/kinect-image/Color_tracking/src /home/charanpreet/buddy_git/buddy/laptop-software/kinect-image/Color_tracking/src/opencv_test /home/charanpreet/buddy_git/buddy/laptop-software/kinect-image/Color_tracking/build /home/charanpreet/buddy_git/buddy/laptop-software/kinect-image/Color_tracking/build/opencv_test /home/charanpreet/buddy_git/buddy/laptop-software/kinect-image/Color_tracking/build/opencv_test/CMakeFiles/sensor_msgs_generate_messages_py.dir/DependInfo.cmake --color=
make[2]: Leaving directory `/home/charanpreet/buddy_git/buddy/laptop-software/kinect-image/Color_tracking/build'
/usr/bin/make -f opencv_test/CMakeFiles/sensor_msgs_generate_messages_py.dir/build.make opencv_test/CMakeFiles/sensor_msgs_generate_messages_py.dir/build
make[2]: Entering directory `/home/charanpreet/buddy_git/buddy/laptop-software/kinect-image/Color_tracking/build'
make[2]: Nothing to be done for `opencv_test/CMakeFiles/sensor_msgs_generate_messages_py.dir/build'.
make[2]: Leaving directory `/home/charanpreet/buddy_git/buddy/laptop-software/kinect-image/Color_tracking/build'
/usr/bin/cmake -E cmake_progress_report /home/charanpreet/buddy_git/buddy/laptop-software/kinect-image/Color_tracking/build/CMakeFiles 
[  0%] Built target sensor_msgs_generate_messages_py
/usr/bin/make -f opencv_test/CMakeFiles/opencv_test_generate_messages_py.dir/build.make opencv_test/CMakeFiles/opencv_test_generate_messages_py.dir/depend
make[2]: Entering directory `/home/charanpreet/buddy_git/buddy/laptop-software/kinect-image/Color_tracking/build'
cd /home/charanpreet/buddy_git/buddy/laptop-software/kinect-image/Color_tracking/build && /usr/bin/cmake -E cmake_depends "Unix Makefiles" /home/charanpreet/buddy_git/buddy/laptop-software/kinect-image/Color_tracking/src /home/charanpreet/buddy_git/buddy/laptop-software/kinect-image/Color_tracking/src/opencv_test /home/charanpreet/buddy_git/buddy/laptop-software/kinect-image/Color_tracking/build /home/charanpreet/buddy_git/buddy/laptop-software/kinect-image/Color_tracking/build/opencv_test /home/charanpreet/buddy_git/buddy/laptop-software/kinect-image/Color_tracking/build/opencv_test/CMakeFiles/opencv_test_generate_messages_py.dir/DependInfo.cmake --color=
make[2]: Leaving directory `/home/charanpreet/buddy_git/buddy/laptop-software/kinect-image/Color_tracking/build'
/usr/bin/make -f opencv_test/CMakeFiles/opencv_test_generate_messages_py.dir/build.make opencv_test/CMakeFiles/opencv_test_generate_messages_py.dir/build
make[2]: Entering directory `/home/charanpreet/buddy_git/buddy/laptop-software/kinect-image/Color_tracking/build'
make[2]: Nothing to be done for `opencv_test/CMakeFiles/opencv_test_generate_messages_py.dir/build'.
make[2]: Leaving directory `/home/charanpreet/buddy_git/buddy/laptop-software/kinect-image/Color_tracking/build'
/usr/bin/cmake -E cmake_progress_report /home/charanpreet/buddy_git/buddy/laptop-software/kinect-image/Color_tracking/build/CMakeFiles  6 7
[ 28%] Built target opencv_test_generate_messages_py
/usr/bin/make -f opencv_test/CMakeFiles/std_msgs_generate_messages_cpp.dir/build.make opencv_test/CMakeFiles/std_msgs_generate_messages_cpp.dir/depend
make[2]: Entering directory `/home/charanpreet/buddy_git/buddy/laptop-software/kinect-image/Color_tracking/build'
cd /home/charanpreet/buddy_git/buddy/laptop-software/kinect-image/Color_tracking/build && /usr/bin/cmake -E cmake_depends "Unix Makefiles" /home/charanpreet/buddy_git/buddy/laptop-software/kinect-image/Color_tracking/src /home/charanpreet/buddy_git/buddy/laptop-software/kinect-image/Color_tracking/src/opencv_test /home/charanpreet/buddy_git/buddy/laptop-software/kinect-image/Color_tracking/build /home/charanpreet/buddy_git/buddy/laptop-software/kinect-image/Color_tracking/build/opencv_test /home/charanpreet/buddy_git/buddy/laptop-software/kinect-image/Color_tracking/build/opencv_test/CMakeFiles/std_msgs_generate_messages_cpp.dir/DependInfo.cmake --color=
make[2]: Leaving directory `/home/charanpreet/buddy_git/buddy/laptop-software/kinect-image/Color_tracking/build'
/usr/bin/make -f opencv_test/CMakeFiles/std_msgs_generate_messages_cpp.dir/build.make opencv_test/CMakeFiles/std_msgs_generate_messages_cpp.dir/build
make[2]: Entering directory `/home/charanpreet/buddy_git/buddy/laptop-software/kinect-image/Color_tracking/build'
make[2]: Nothing to be done for `opencv_test/CMakeFiles/std_msgs_generate_messages_cpp.dir/build'.
make[2]: Leaving directory `/home/charanpreet/buddy_git/buddy/laptop-software/kinect-image/Color_tracking/build'
/usr/bin/cmake -E cmake_progress_report /home/charanpreet/buddy_git/buddy/laptop-software/kinect-image/Color_tracking/build/CMakeFiles 
[ 28%] Built target std_msgs_generate_messages_cpp
/usr/bin/make -f opencv_test/CMakeFiles/sensor_msgs_generate_messages_cpp.dir/build.make opencv_test/CMakeFiles/sensor_msgs_generate_messages_cpp.dir/depend
make[2]: Entering directory `/home/charanpreet/buddy_git/buddy/laptop-software/kinect-image/Color_tracking/build'
cd /home/charanpreet/buddy_git/buddy/laptop-software/kinect-image/Color_tracking/build && /usr/bin/cmake -E cmake_depends "Unix Makefiles" /home/charanpreet/buddy_git/buddy/laptop-software/kinect-image/Color_tracking/src /home/charanpreet/buddy_git/buddy/laptop-software/kinect-image/Color_tracking/src/opencv_test /home/charanpreet/buddy_git/buddy/laptop-software/kinect-image/Color_tracking/build /home/charanpreet/buddy_git/buddy/laptop-software/kinect-image/Color_tracking/build/opencv_test /home/charanpreet/buddy_git/buddy/laptop-software/kinect-image/Color_tracking/build/opencv_test/CMakeFiles/sensor_msgs_generate_messages_cpp.dir/DependInfo.cmake --color=
make[2]: Leaving directory `/home/charanpreet/buddy_git/buddy/laptop-software/kinect-image/Color_tracking/build'
/usr/bin/make -f opencv_test/CMakeFiles/sensor_msgs_generate_messages_cpp.dir/build.make opencv_test/CMakeFiles/sensor_msgs_generate_messages_cpp.dir/build
make[2]: Entering directory `/home/charanpreet/buddy_git/buddy/laptop-software/kinect-image/Color_tracking/build'
make[2]: Nothing to be done for `opencv_test/CMakeFiles/sensor_msgs_generate_messages_cpp.dir/build'.
make[2]: Leaving directory `/home/charanpreet/buddy_git/buddy/laptop-software/kinect-image/Color_tracking/build'
/usr/bin/cmake -E cmake_progress_report /home/charanpreet/buddy_git/buddy/laptop-software/kinect-image/Color_tracking/build/CMakeFiles 
[ 28%] Built target sensor_msgs_generate_messages_cpp
/usr/bin/make -f opencv_test/CMakeFiles/opencv_test_generate_messages_cpp.dir/build.make opencv_test/CMakeFiles/opencv_test_generate_messages_cpp.dir/depend
make[2]: Entering directory `/home/charanpreet/buddy_git/buddy/laptop-software/kinect-image/Color_tracking/build'
cd /home/charanpreet/buddy_git/buddy/laptop-software/kinect-image/Color_tracking/build && /usr/bin/cmake -E cmake_depends "Unix Makefiles" /home/charanpreet/buddy_git/buddy/laptop-software/kinect-image/Color_tracking/src /home/charanpreet/buddy_git/buddy/laptop-software/kinect-image/Color_tracking/src/opencv_test /home/charanpreet/buddy_git/buddy/laptop-software/kinect-image/Color_tracking/build /home/charanpreet/buddy_git/buddy/laptop-software/kinect-image/Color_tracking/build/opencv_test /home/charanpreet/buddy_git/buddy/laptop-software/kinect-image/Color_tracking/build/opencv_test/CMakeFiles/opencv_test_generate_messages_cpp.dir/DependInfo.cmake --color=
make[2]: Leaving directory `/home/charanpreet/buddy_git/buddy/laptop-software/kinect-image/Color_tracking/build'
/usr/bin/make -f opencv_test/CMakeFiles/opencv_test_generate_messages_cpp.dir/build.make opencv_test/CMakeFiles/opencv_test_generate_messages_cpp.dir/build
make[2]: Entering directory `/home/charanpreet/buddy_git/buddy/laptop-software/kinect-image/Color_tracking/build'
make[2]: Nothing to be done for `opencv_test/CMakeFiles/opencv_test_generate_messages_cpp.dir/build'.
make[2]: Leaving directory `/home/charanpreet/buddy_git/buddy/laptop-software/kinect-image/Color_tracking/build'
/usr/bin/cmake -E cmake_progress_report /home/charanpreet/buddy_git/buddy/laptop-software/kinect-image/Color_tracking/build/CMakeFiles  4
[ 42%] Built target opencv_test_generate_messages_cpp
/usr/bin/make -f opencv_test/CMakeFiles/std_msgs_generate_messages_lisp.dir/build.make opencv_test/CMakeFiles/std_msgs_generate_messages_lisp.dir/depend
make[2]: Entering directory `/home/charanpreet/buddy_git/buddy/laptop-software/kinect-image/Color_tracking/build'
cd /home/charanpreet/buddy_git/buddy/laptop-software/kinect-image/Color_tracking/build && /usr/bin/cmake -E cmake_depends "Unix Makefiles" /home/charanpreet/buddy_git/buddy/laptop-software/kinect-image/Color_tracking/src /home/charanpreet/buddy_git/buddy/laptop-software/kinect-image/Color_tracking/src/opencv_test /home/charanpreet/buddy_git/buddy/laptop-software/kinect-image/Color_tracking/build /home/charanpreet/buddy_git/buddy/laptop-software/kinect-image/Color_tracking/build/opencv_test /home/charanpreet/buddy_git/buddy/laptop-software/kinect-image/Color_tracking/build/opencv_test/CMakeFiles/std_msgs_generate_messages_lisp.dir/DependInfo.cmake --color=
make[2]: Leaving directory `/home/charanpreet/buddy_git/buddy/laptop-software/kinect-image/Color_tracking/build'
/usr/bin/make -f opencv_test/CMakeFiles/std_msgs_generate_messages_lisp.dir/build.make opencv_test/CMakeFiles/std_msgs_generate_messages_lisp.dir/build
make[2]: Entering directory `/home/charanpreet/buddy_git/buddy/laptop-software/kinect-image/Color_tracking/build'
make[2]: Nothing to be done for `opencv_test/CMakeFiles/std_msgs_generate_messages_lisp.dir/build'.
make[2]: Leaving directory `/home/charanpreet/buddy_git/buddy/laptop-software/kinect-image/Color_tracking/build'
/usr/bin/cmake -E cmake_progress_report /home/charanpreet/buddy_git/buddy/laptop-software/kinect-image/Color_tracking/build/CMakeFiles 
[ 42%] Built target std_msgs_generate_messages_lisp
/usr/bin/make -f opencv_test/CMakeFiles/sensor_msgs_generate_messages_lisp.dir/build.make opencv_test/CMakeFiles/sensor_msgs_generate_messages_lisp.dir/depend
make[2]: Entering directory `/home/charanpreet/buddy_git/buddy/laptop-software/kinect-image/Color_tracking/build'
cd /home/charanpreet/buddy_git/buddy/laptop-software/kinect-image/Color_tracking/build && /usr/bin/cmake -E cmake_depends "Unix Makefiles" /home/charanpreet/buddy_git/buddy/laptop-software/kinect-image/Color_tracking/src /home/charanpreet/buddy_git/buddy/laptop-software/kinect-image/Color_tracking/src/opencv_test /home/charanpreet/buddy_git/buddy/laptop-software/kinect-image/Color_tracking/build /home/charanpreet/buddy_git/buddy/laptop-software/kinect-image/Color_tracking/build/opencv_test /home/charanpreet/buddy_git/buddy/laptop-software/kinect-image/Color_tracking/build/opencv_test/CMakeFiles/sensor_msgs_generate_messages_lisp.dir/DependInfo.cmake --color=
make[2]: Leaving directory `/home/charanpreet/buddy_git/buddy/laptop-software/kinect-image/Color_tracking/build'
/usr/bin/make -f opencv_test/CMakeFiles/sensor_msgs_generate_messages_lisp.dir/build.make opencv_test/CMakeFiles/sensor_msgs_generate_messages_lisp.dir/build
make[2]: Entering directory `/home/charanpreet/buddy_git/buddy/laptop-software/kinect-image/Color_tracking/build'
make[2]: Nothing to be done for `opencv_test/CMakeFiles/sensor_msgs_generate_messages_lisp.dir/build'.
make[2]: Leaving directory `/home/charanpreet/buddy_git/buddy/laptop-software/kinect-image/Color_tracking/build'
/usr/bin/cmake -E cmake_progress_report /home/charanpreet/buddy_git/buddy/laptop-software/kinect-image/Color_tracking/build/CMakeFiles 
[ 42%] Built target sensor_msgs_generate_messages_lisp
/usr/bin/make -f opencv_test/CMakeFiles/opencv_test_generate_messages_lisp.dir/build.make opencv_test/CMakeFiles/opencv_test_generate_messages_lisp.dir/depend
make[2]: Entering directory `/home/charanpreet/buddy_git/buddy/laptop-software/kinect-image/Color_tracking/build'
cd /home/charanpreet/buddy_git/buddy/laptop-software/kinect-image/Color_tracking/build && /usr/bin/cmake -E cmake_depends "Unix Makefiles" /home/charanpreet/buddy_git/buddy/laptop-software/kinect-image/Color_tracking/src /home/charanpreet/buddy_git/buddy/laptop-software/kinect-image/Color_tracking/src/opencv_test /home/charanpreet/buddy_git/buddy/laptop-software/kinect-image/Color_tracking/build /home/charanpreet/buddy_git/buddy/laptop-software/kinect-image/Color_tracking/build/opencv_test /home/charanpreet/buddy_git/buddy/laptop-software/kinect-image/Color_tracking/build/opencv_test/CMakeFiles/opencv_test_generate_messages_lisp.dir/DependInfo.cmake --color=
make[2]: Leaving directory `/home/charanpreet/buddy_git/buddy/laptop-software/kinect-image/Color_tracking/build'
/usr/bin/make -f opencv_test/CMakeFiles/opencv_test_generate_messages_lisp.dir/build.make opencv_test/CMakeFiles/opencv_test_generate_messages_lisp.dir/build
make[2]: Entering directory `/home/charanpreet/buddy_git/buddy/laptop-software/kinect-image/Color_tracking/build'
make[2]: Nothing to be done for `opencv_test/CMakeFiles/opencv_test_generate_messages_lisp.dir/build'.
make[2]: Leaving directory `/home/charanpreet/buddy_git/buddy/laptop-software/kinect-image/Color_tracking/build'
/usr/bin/cmake -E cmake_progress_report /home/charanpreet/buddy_git/buddy/laptop-software/kinect-image/Color_tracking/build/CMakeFiles  5
[ 57%] Built target opencv_test_generate_messages_lisp
/usr/bin/make -f opencv_test/CMakeFiles/opencv_test_generate_messages.dir/build.make opencv_test/CMakeFiles/opencv_test_generate_messages.dir/depend
make[2]: Entering directory `/home/charanpreet/buddy_git/buddy/laptop-software/kinect-image/Color_tracking/build'
cd /home/charanpreet/buddy_git/buddy/laptop-software/kinect-image/Color_tracking/build && /usr/bin/cmake -E cmake_depends "Unix Makefiles" /home/charanpreet/buddy_git/buddy/laptop-software/kinect-image/Color_tracking/src /home/charanpreet/buddy_git/buddy/laptop-software/kinect-image/Color_tracking/src/opencv_test /home/charanpreet/buddy_git/buddy/laptop-software/kinect-image/Color_tracking/build /home/charanpreet/buddy_git/buddy/laptop-software/kinect-image/Color_tracking/build/opencv_test /home/charanpreet/buddy_git/buddy/laptop-software/kinect-image/Color_tracking/build/opencv_test/CMakeFiles/opencv_test_generate_messages.dir/DependInfo.cmake --color=
make[2]: Leaving directory `/home/charanpreet/buddy_git/buddy/laptop-software/kinect-image/Color_tracking/build'
/usr/bin/make -f opencv_test/CMakeFiles/opencv_test_generate_messages.dir/build.make opencv_test/CMakeFiles/opencv_test_generate_messages.dir/build
make[2]: Entering directory `/home/charanpreet/buddy_git/buddy/laptop-software/kinect-image/Color_tracking/build'
make[2]: Nothing to be done for `opencv_test/CMakeFiles/opencv_test_generate_messages.dir/build'.
make[2]: Leaving directory `/home/charanpreet/buddy_git/buddy/laptop-software/kinect-image/Color_tracking/build'
/usr/bin/cmake -E cmake_progress_report /home/charanpreet/buddy_git/buddy/laptop-software/kinect-image/Color_tracking/build/CMakeFiles 
[ 57%] Built target opencv_test_generate_messages
/usr/bin/make -f opencv_test/CMakeFiles/opencv_test_imageConverter.dir/build.make opencv_test/CMakeFiles/opencv_test_imageConverter.dir/depend
make[2]: Entering directory `/home/charanpreet/buddy_git/buddy/laptop-software/kinect-image/Color_tracking/build'
cd /home/charanpreet/buddy_git/buddy/laptop-software/kinect-image/Color_tracking/build && /usr/bin/cmake -E cmake_depends "Unix Makefiles" /home/charanpreet/buddy_git/buddy/laptop-software/kinect-image/Color_tracking/src /home/charanpreet/buddy_git/buddy/laptop-software/kinect-image/Color_tracking/src/opencv_test /home/charanpreet/buddy_git/buddy/laptop-software/kinect-image/Color_tracking/build /home/charanpreet/buddy_git/buddy/laptop-software/kinect-image/Color_tracking/build/opencv_test /home/charanpreet/buddy_git/buddy/laptop-software/kinect-image/Color_tracking/build/opencv_test/CMakeFiles/opencv_test_imageConverter.dir/DependInfo.cmake --color=
Scanning dependencies of target opencv_test_imageConverter
make[2]: Leaving directory `/home/charanpreet/buddy_git/buddy/laptop-software/kinect-image/Color_tracking/build'
/usr/bin/make -f opencv_test/CMakeFiles/opencv_test_imageConverter.dir/build.make opencv_test/CMakeFiles/opencv_test_imageConverter.dir/build
make[2]: Entering directory `/home/charanpreet/buddy_git/buddy/laptop-software/kinect-image/Color_tracking/build'
/usr/bin/cmake -E cmake_progress_report /home/charanpreet/buddy_git/buddy/laptop-software/kinect-image/Color_tracking/build/CMakeFiles 9
[ 71%] Building CXX object opencv_test/CMakeFiles/opencv_test_imageConverter.dir/src/ImageConverter.cpp.o
cd /home/charanpreet/buddy_git/buddy/laptop-software/kinect-image/Color_tracking/build/opencv_test && /usr/bin/c++   -DROS_BUILD_SHARED_LIBS=1 -DROS_PACKAGE_NAME=\"opencv_test\" -DROSCONSOLE_BACKEND_LOG4CXX -I/home/charanpreet/buddy_git/buddy/laptop-software/kinect-image/Color_tracking/devel/include -I/opt/ros/hydro/include -I/opt/ros/hydro/include/opencv    -o CMakeFiles/opencv_test_imageConverter.dir/src/ImageConverter.cpp.o -c /home/charanpreet/buddy_git/buddy/laptop-software/kinect-image/Color_tracking/src/opencv_test/src/ImageConverter.cpp
Linking CXX executable /home/charanpreet/buddy_git/buddy/laptop-software/kinect-image/Color_tracking/devel/lib/opencv_test/opencv_test_imageConverter
cd /home/charanpreet/buddy_git/buddy/laptop-software/kinect-image/Color_tracking/build/opencv_test && /usr/bin/cmake -E cmake_link_script CMakeFiles/opencv_test_imageConverter.dir/link.txt --verbose=1
/usr/bin/c++       CMakeFiles/opencv_test_imageConverter.dir/src/image_converter.cpp.o CMakeFiles/opencv_test_imageConverter.dir/src/ImageConverter.cpp.o CMakeFiles/opencv_test_imageConverter.dir/src/DepthConverter.cpp.o  -o /home/charanpreet/buddy_git/buddy/laptop-software/kinect-image/Color_tracking/devel/lib/opencv_test/opencv_test_imageConverter -rdynamic /opt/ros/hydro/lib/libcv_bridge.so /opt/ros/hydro/lib/libopencv_calib3d.so /opt/ros/hydro/lib/libopencv_contrib.so /opt/ros/hydro/lib/libopencv_core.so /opt/ros/hydro/lib/libopencv_features2d.so /opt/ros/hydro/lib/libopencv_flann.so /opt/ros/hydro/lib/libopencv_gpu.so /opt/ros/hydro/lib/libopencv_highgui.so /opt/ros/hydro/lib/libopencv_imgproc.so /opt/ros/hydro/lib/libopencv_legacy.so /opt/ros/hydro/lib/libopencv_ml.so /opt/ros/hydro/lib/libopencv_nonfree.so /opt/ros/hydro/lib/libopencv_objdetect.so /opt/ros/hydro/lib/libopencv_photo.so /opt/ros/hydro/lib/libopencv_stitching.so /opt/ros/hydro/lib/libopencv_superres.so /opt/ros/hydro/lib/libopencv_video.so /opt/ros/hydro/lib/libopencv_videostab.so /opt/ros/hydro/lib/libimage_transport.so /opt/ros/hydro/lib/libmessage_filters.so -ltinyxml /opt/ros/hydro/lib/libclass_loader.so -lPocoFoundation -ldl /opt/ros/hydro/lib/libroslib.so /opt/ros/hydro/lib/libroscpp.so -lboost_signals-mt -lboost_filesystem-mt /opt/ros/hydro/lib/librosconsole.so /opt/ros/hydro/lib/librosconsole_log4cxx.so /opt/ros/hydro/lib/librosconsole_backend_interface.so -llog4cxx -lboost_regex-mt /opt/ros/hydro/lib/libxmlrpcpp.so /opt/ros/hydro/lib/libroscpp_serialization.so /opt/ros/hydro/lib/librostime.so -lboost_date_time-mt -lboost_system-mt -lboost_thread-mt -lpthread /opt/ros/hydro/lib/libcpp_common.so /opt/ros/hydro/lib/libconsole_bridge.so -Wl,-rpath,/opt/ros/hydro/lib 
make[2]: Leaving directory `/home/charanpreet/buddy_git/buddy/laptop-software/kinect-image/Color_tracking/build'
/usr/bin/cmake -E cmake_progress_report /home/charanpreet/buddy_git/buddy/laptop-software/kinect-image/Color_tracking/build/CMakeFiles  8 9 10
[100%] Built target opencv_test_imageConverter
make[1]: Leaving directory `/home/charanpreet/buddy_git/buddy/laptop-software/kinect-image/Color_tracking/build'
/usr/bin/cmake -E cmake_progress_start /home/charanpreet/buddy_git/buddy/laptop-software/kinect-image/Color_tracking/build/CMakeFiles 0
